<?xml version="1.0" encoding="UTF-8"?>
<testsuite xmlns:xsi="http://www.w3.org/2001/XMLSchema-instance" xsi:noNamespaceSchemaLocation="https://maven.apache.org/surefire/maven-surefire-plugin/xsd/surefire-test-report-3.0.xsd" version="3.0" name="au.com.crowtech.quarkus.nest.deployment.GreetingTest" time="9.069" tests="0" errors="0" skipped="0" failures="0">
  <properties>
    <property name="awt.toolkit" value="sun.awt.X11.XToolkit"/>
    <property name="java.specification.version" value="11"/>
    <property name="sun.cpu.isalist" value=""/>
    <property name="sun.jnu.encoding" value="UTF-8"/>
    <property name="java.class.path" value="/home/ubuntu/projects/crowtech/quarkus-nest/deployment/target/test-classes:/home/ubuntu/projects/crowtech/quarkus-nest/deployment/target/classes:/home/ubuntu/projects/crowtech/quarkus-nest/runtime/target/quarkus-nest-1.0-SNAPSHOT.jar:/home/ubuntu/.m2/repository/au/com/crowtech/nestq/1.0-SNAPSHOT/nestq-1.0-SNAPSHOT.jar:/home/ubuntu/.m2/repository/io/quarkus/quarkus-oidc/1.13.2.Final/quarkus-oidc-1.13.2.Final.jar:/home/ubuntu/.m2/repository/io/quarkus/quarkus-vertx-core/1.13.2.Final/quarkus-vertx-core-1.13.2.Final.jar:/home/ubuntu/.m2/repository/io/quarkus/quarkus-security/1.13.2.Final/quarkus-security-1.13.2.Final.jar:/home/ubuntu/.m2/repository/io/quarkus/quarkus-oidc-common/1.13.2.Final/quarkus-oidc-common-1.13.2.Final.jar:/home/ubuntu/.m2/repository/io/smallrye/reactive/smallrye-mutiny-vertx-web-client/1.5.0/smallrye-mutiny-vertx-web-client-1.5.0.jar:/home/ubuntu/.m2/repository/io/vertx/vertx-web-client/3.9.6/vertx-web-client-3.9.6.jar:/home/ubuntu/.m2/repository/io/smallrye/reactive/smallrye-mutiny-vertx-core/1.5.0/smallrye-mutiny-vertx-core-1.5.0.jar:/home/ubuntu/.m2/repository/io/smallrye/reactive/smallrye-mutiny-vertx-runtime/1.5.0/smallrye-mutiny-vertx-runtime-1.5.0.jar:/home/ubuntu/.m2/repository/io/smallrye/reactive/vertx-mutiny-generator/1.5.0/vertx-mutiny-generator-1.5.0.jar:/home/ubuntu/.m2/repository/io/vertx/vertx-codegen/3.9.6/vertx-codegen-3.9.6.jar:/home/ubuntu/.m2/repository/org/mvel/mvel2/2.3.1.Final/mvel2-2.3.1.Final.jar:/home/ubuntu/.m2/repository/io/smallrye/reactive/smallrye-mutiny-vertx-web-common/1.5.0/smallrye-mutiny-vertx-web-common-1.5.0.jar:/home/ubuntu/.m2/repository/io/quarkus/quarkus-smallrye-jwt-build/1.13.2.Final/quarkus-smallrye-jwt-build-1.13.2.Final.jar:/home/ubuntu/.m2/repository/io/smallrye/smallrye-jwt-build/2.4.4/smallrye-jwt-build-2.4.4.jar:/home/ubuntu/.m2/repository/io/smallrye/smallrye-jwt/2.4.4/smallrye-jwt-2.4.4.jar:/home/ubuntu/.m2/repository/io/smallrye/smallrye-jwt-common/2.4.4/smallrye-jwt-common-2.4.4.jar:/home/ubuntu/.m2/repository/io/quarkus/quarkus-jackson/1.13.2.Final/quarkus-jackson-1.13.2.Final.jar:/home/ubuntu/.m2/repository/com/fasterxml/jackson/datatype/jackson-datatype-jsr310/2.12.1/jackson-datatype-jsr310-2.12.1.jar:/home/ubuntu/.m2/repository/com/fasterxml/jackson/datatype/jackson-datatype-jdk8/2.12.1/jackson-datatype-jdk8-2.12.1.jar:/home/ubuntu/.m2/repository/com/fasterxml/jackson/module/jackson-module-parameter-names/2.12.1/jackson-module-parameter-names-2.12.1.jar:/home/ubuntu/.m2/repository/org/zalando/jackson-datatype-money/1.2.0/jackson-datatype-money-1.2.0.jar:/home/ubuntu/.m2/repository/javax/money/money-api/1.1/money-api-1.1.jar:/home/ubuntu/.m2/repository/org/javamoney/moneta/moneta-core/1.4.2/moneta-core-1.4.2.jar:/home/ubuntu/.m2/repository/org/javamoney/moneta/moneta-convert/1.4.2/moneta-convert-1.4.2.jar:/home/ubuntu/.m2/repository/org/javamoney/moneta/moneta-convert-imf/1.4.2/moneta-convert-imf-1.4.2.jar:/home/ubuntu/.m2/repository/org/javamoney/moneta/moneta-convert-ecb/1.4.2/moneta-convert-ecb-1.4.2.jar:/home/ubuntu/.m2/repository/javax/annotation/javax.annotation-api/1.3.2/javax.annotation-api-1.3.2.jar:/home/ubuntu/.m2/repository/org/testcontainers/junit-jupiter/1.15.2/junit-jupiter-1.15.2.jar:/home/ubuntu/.m2/repository/org/testcontainers/testcontainers/1.15.2/testcontainers-1.15.2.jar:/home/ubuntu/.m2/repository/junit/junit/4.13.1/junit-4.13.1.jar:/home/ubuntu/.m2/repository/org/hamcrest/hamcrest-core/1.3/hamcrest-core-1.3.jar:/home/ubuntu/.m2/repository/org/apache/commons/commons-compress/1.20/commons-compress-1.20.jar:/home/ubuntu/.m2/repository/org/rnorth/duct-tape/duct-tape/1.0.8/duct-tape-1.0.8.jar:/home/ubuntu/.m2/repository/org/rnorth/visible-assertions/visible-assertions/2.1.2/visible-assertions-2.1.2.jar:/home/ubuntu/.m2/repository/net/java/dev/jna/jna/5.3.1/jna-5.3.1.jar:/home/ubuntu/.m2/repository/com/github/docker-java/docker-java-api/3.2.7/docker-java-api-3.2.7.jar:/home/ubuntu/.m2/repository/com/github/docker-java/docker-java-transport-zerodep/3.2.7/docker-java-transport-zerodep-3.2.7.jar:/home/ubuntu/.m2/repository/com/github/docker-java/docker-java-transport/3.2.7/docker-java-transport-3.2.7.jar:/home/ubuntu/.m2/repository/io/quarkus/quarkus-undertow/1.13.2.Final/quarkus-undertow-1.13.2.Final.jar:/home/ubuntu/.m2/repository/io/quarkus/quarkus-vertx-http/1.13.2.Final/quarkus-vertx-http-1.13.2.Final.jar:/home/ubuntu/.m2/repository/io/quarkus/quarkus-security-runtime-spi/1.13.2.Final/quarkus-security-runtime-spi-1.13.2.Final.jar:/home/ubuntu/.m2/repository/io/quarkus/security/quarkus-security/1.1.4.Final/quarkus-security-1.1.4.Final.jar:/home/ubuntu/.m2/repository/io/smallrye/reactive/mutiny/0.14.0/mutiny-0.14.0.jar:/home/ubuntu/.m2/repository/jakarta/annotation/jakarta.annotation-api/1.3.5/jakarta.annotation-api-1.3.5.jar:/home/ubuntu/.m2/repository/io/quarkus/http/quarkus-http-vertx-backend/3.1.0.Final/quarkus-http-vertx-backend-3.1.0.Final.jar:/home/ubuntu/.m2/repository/io/vertx/vertx-core/3.9.6/vertx-core-3.9.6.jar:/home/ubuntu/.m2/repository/io/netty/netty-common/4.1.49.Final/netty-common-4.1.49.Final.jar:/home/ubuntu/.m2/repository/io/netty/netty-buffer/4.1.49.Final/netty-buffer-4.1.49.Final.jar:/home/ubuntu/.m2/repository/io/netty/netty-transport/4.1.49.Final/netty-transport-4.1.49.Final.jar:/home/ubuntu/.m2/repository/io/netty/netty-handler-proxy/4.1.49.Final/netty-handler-proxy-4.1.49.Final.jar:/home/ubuntu/.m2/repository/io/netty/netty-codec-socks/4.1.49.Final/netty-codec-socks-4.1.49.Final.jar:/home/ubuntu/.m2/repository/io/netty/netty-codec-http2/4.1.49.Final/netty-codec-http2-4.1.49.Final.jar:/home/ubuntu/.m2/repository/io/netty/netty-resolver/4.1.49.Final/netty-resolver-4.1.49.Final.jar:/home/ubuntu/.m2/repository/io/netty/netty-resolver-dns/4.1.49.Final/netty-resolver-dns-4.1.49.Final.jar:/home/ubuntu/.m2/repository/io/netty/netty-codec-dns/4.1.49.Final/netty-codec-dns-4.1.49.Final.jar:/home/ubuntu/.m2/repository/io/quarkus/http/quarkus-http-http-core/3.1.0.Final/quarkus-http-http-core-3.1.0.Final.jar:/home/ubuntu/.m2/repository/io/quarkus/http/quarkus-http-core/3.1.0.Final/quarkus-http-core-3.1.0.Final.jar:/home/ubuntu/.m2/repository/io/netty/netty-codec-http/4.1.49.Final/netty-codec-http-4.1.49.Final.jar:/home/ubuntu/.m2/repository/org/eclipse/microprofile/context-propagation/microprofile-context-propagation-api/1.0.1/microprofile-context-propagation-api-1.0.1.jar:/home/ubuntu/.m2/repository/io/quarkus/quarkus-agroal/1.13.2.Final/quarkus-agroal-1.13.2.Final.jar:/home/ubuntu/.m2/repository/io/quarkus/quarkus-datasource/1.13.2.Final/quarkus-datasource-1.13.2.Final.jar:/home/ubuntu/.m2/repository/io/quarkus/quarkus-narayana-jta/1.13.2.Final/quarkus-narayana-jta-1.13.2.Final.jar:/home/ubuntu/.m2/repository/io/quarkus/quarkus-mutiny/1.13.2.Final/quarkus-mutiny-1.13.2.Final.jar:/home/ubuntu/.m2/repository/io/quarkus/quarkus-smallrye-context-propagation/1.13.2.Final/quarkus-smallrye-context-propagation-1.13.2.Final.jar:/home/ubuntu/.m2/repository/io/smallrye/smallrye-context-propagation/1.1.0/smallrye-context-propagation-1.1.0.jar:/home/ubuntu/.m2/repository/io/smallrye/smallrye-context-propagation-api/1.1.0/smallrye-context-propagation-api-1.1.0.jar:/home/ubuntu/.m2/repository/io/smallrye/smallrye-context-propagation-storage/1.1.0/smallrye-context-propagation-storage-1.1.0.jar:/home/ubuntu/.m2/repository/io/smallrye/reactive/mutiny-smallrye-context-propagation/0.14.0/mutiny-smallrye-context-propagation-0.14.0.jar:/home/ubuntu/.m2/repository/io/smallrye/smallrye-context-propagation-jta/1.1.0/smallrye-context-propagation-jta-1.1.0.jar:/home/ubuntu/.m2/repository/io/smallrye/reactive/smallrye-reactive-converter-api/1.4.0/smallrye-reactive-converter-api-1.4.0.jar:/home/ubuntu/.m2/repository/io/smallrye/reactive/smallrye-reactive-converter-mutiny/1.4.0/smallrye-reactive-converter-mutiny-1.4.0.jar:/home/ubuntu/.m2/repository/org/jboss/narayana/jta/narayana-jta/5.10.6.Final/narayana-jta-5.10.6.Final.jar:/home/ubuntu/.m2/repository/org/jboss/jboss-transaction-spi/7.6.0.Final/jboss-transaction-spi-7.6.0.Final.jar:/home/ubuntu/.m2/repository/org/jboss/spec/javax/resource/jboss-connector-api_1.7_spec/1.0.0.Final/jboss-connector-api_1.7_spec-1.0.0.Final.jar:/home/ubuntu/.m2/repository/org/jboss/narayana/jts/narayana-jts-integration/5.10.6.Final/narayana-jts-integration-5.10.6.Final.jar:/home/ubuntu/.m2/repository/jakarta/transaction/jakarta.transaction-api/1.3.3/jakarta.transaction-api-1.3.3.jar:/home/ubuntu/.m2/repository/io/agroal/agroal-api/1.11/agroal-api-1.11.jar:/home/ubuntu/.m2/repository/io/agroal/agroal-narayana/1.11/agroal-narayana-1.11.jar:/home/ubuntu/.m2/repository/io/agroal/agroal-pool/1.11/agroal-pool-1.11.jar:/home/ubuntu/.m2/repository/io/quarkus/quarkus-credentials/1.13.2.Final/quarkus-credentials-1.13.2.Final.jar:/home/ubuntu/.m2/repository/io/quarkus/quarkus-resteasy-jsonb/1.13.2.Final/quarkus-resteasy-jsonb-1.13.2.Final.jar:/home/ubuntu/.m2/repository/io/quarkus/quarkus-resteasy/1.13.2.Final/quarkus-resteasy-1.13.2.Final.jar:/home/ubuntu/.m2/repository/io/quarkus/quarkus-resteasy-server-common/1.13.2.Final/quarkus-resteasy-server-common-1.13.2.Final.jar:/home/ubuntu/.m2/repository/io/quarkus/quarkus-resteasy-common/1.13.2.Final/quarkus-resteasy-common-1.13.2.Final.jar:/home/ubuntu/.m2/repository/io/quarkus/quarkus-jsonb/1.13.2.Final/quarkus-jsonb-1.13.2.Final.jar:/home/ubuntu/.m2/repository/org/eclipse/yasson/1.0.8/yasson-1.0.8.jar:/home/ubuntu/.m2/repository/org/jboss/resteasy/resteasy-json-binding-provider/4.5.9.Final/resteasy-json-binding-provider-4.5.9.Final.jar:/home/ubuntu/.m2/repository/org/glassfish/jakarta.json/1.1.6/jakarta.json-1.1.6.jar:/home/ubuntu/.m2/repository/jakarta/json/bind/jakarta.json.bind-api/1.0.2/jakarta.json.bind-api-1.0.2.jar:/home/ubuntu/.m2/repository/org/jboss/resteasy/resteasy-json-p-provider/4.5.9.Final/resteasy-json-p-provider-4.5.9.Final.jar:/home/ubuntu/.m2/repository/commons-io/commons-io/2.8.0/commons-io-2.8.0.jar:/home/ubuntu/.m2/repository/io/quarkus/quarkus-hibernate-orm/1.13.2.Final/quarkus-hibernate-orm-1.13.2.Final.jar:/home/ubuntu/.m2/repository/org/hibernate/hibernate-core/5.4.29.Final/hibernate-core-5.4.29.Final.jar:/home/ubuntu/.m2/repository/net/bytebuddy/byte-buddy/1.10.21/byte-buddy-1.10.21.jar:/home/ubuntu/.m2/repository/antlr/antlr/2.7.7/antlr-2.7.7.jar:/home/ubuntu/.m2/repository/com/fasterxml/classmate/1.3.4/classmate-1.3.4.jar:/home/ubuntu/.m2/repository/org/dom4j/dom4j/2.1.3/dom4j-2.1.3.jar:/home/ubuntu/.m2/repository/org/hibernate/common/hibernate-commons-annotations/5.1.2.Final/hibernate-commons-annotations-5.1.2.Final.jar:/home/ubuntu/.m2/repository/org/hibernate/hibernate-graalvm/5.4.29.Final/hibernate-graalvm-5.4.29.Final.jar:/home/ubuntu/.m2/repository/org/glassfish/jaxb/jaxb-runtime/2.3.3-b02/jaxb-runtime-2.3.3-b02.jar:/home/ubuntu/.m2/repository/org/glassfish/jaxb/txw2/2.3.3-b02/txw2-2.3.3-b02.jar:/home/ubuntu/.m2/repository/com/sun/istack/istack-commons-runtime/3.0.10/istack-commons-runtime-3.0.10.jar:/home/ubuntu/.m2/repository/com/sun/activation/jakarta.activation/1.2.1/jakarta.activation-1.2.1.jar:/home/ubuntu/.m2/repository/org/jboss/spec/javax/xml/bind/jboss-jaxb-api_2.3_spec/2.0.0.Final/jboss-jaxb-api_2.3_spec-2.0.0.Final.jar:/home/ubuntu/.m2/repository/jakarta/persistence/jakarta.persistence-api/2.2.3/jakarta.persistence-api-2.2.3.jar:/home/ubuntu/.m2/repository/org/hibernate/quarkus-local-cache/0.1.0/quarkus-local-cache-0.1.0.jar:/home/ubuntu/.m2/repository/com/github/ben-manes/caffeine/caffeine/2.9.0/caffeine-2.9.0.jar:/home/ubuntu/.m2/repository/com/google/errorprone/error_prone_annotations/2.2.0/error_prone_annotations-2.2.0.jar:/home/ubuntu/.m2/repository/io/quarkus/quarkus-caffeine/1.13.2.Final/quarkus-caffeine-1.13.2.Final.jar:/home/ubuntu/.m2/repository/org/bitbucket/b_c/jose4j/0.7.2/jose4j-0.7.2.jar:/home/ubuntu/.m2/repository/org/slf4j/slf4j-api/1.7.30/slf4j-api-1.7.30.jar:/home/ubuntu/.m2/repository/org/eclipse/microprofile/jwt/microprofile-jwt-auth-api/1.1.1/microprofile-jwt-auth-api-1.1.1.jar:/home/ubuntu/.m2/repository/io/jsonwebtoken/jjwt-api/0.10.7/jjwt-api-0.10.7.jar:/home/ubuntu/.m2/repository/io/jsonwebtoken/jjwt-impl/0.10.7/jjwt-impl-0.10.7.jar:/home/ubuntu/.m2/repository/io/jsonwebtoken/jjwt-jackson/0.10.7/jjwt-jackson-0.10.7.jar:/home/ubuntu/.m2/repository/com/fasterxml/jackson/core/jackson-databind/2.12.1/jackson-databind-2.12.1.jar:/home/ubuntu/.m2/repository/com/fasterxml/jackson/core/jackson-annotations/2.12.1/jackson-annotations-2.12.1.jar:/home/ubuntu/.m2/repository/com/fasterxml/jackson/core/jackson-core/2.12.1/jackson-core-2.12.1.jar:/home/ubuntu/.m2/repository/io/vavr/vavr/0.10.2/vavr-0.10.2.jar:/home/ubuntu/.m2/repository/io/vavr/vavr-match/0.10.2/vavr-match-0.10.2.jar:/home/ubuntu/.m2/repository/com/google/apis/google-api-services-sheets/v4-rev483-1.22.0/google-api-services-sheets-v4-rev483-1.22.0.jar:/home/ubuntu/.m2/repository/com/google/maps/google-maps-services/0.15.0/google-maps-services-0.15.0.jar:/home/ubuntu/.m2/repository/com/squareup/okhttp3/okhttp/3.14.9/okhttp-3.14.9.jar:/home/ubuntu/.m2/repository/com/squareup/okio/okio/1.17.2/okio-1.17.2.jar:/home/ubuntu/.m2/repository/com/google/code/gson/gson/2.8.6/gson-2.8.6.jar:/home/ubuntu/.m2/repository/io/opencensus/opencensus-api/0.25.0/opencensus-api-0.25.0.jar:/home/ubuntu/.m2/repository/io/grpc/grpc-context/1.34.0/grpc-context-1.34.0.jar:/home/ubuntu/.m2/repository/org/jboss/resteasy/resteasy-multipart-provider/4.5.9.Final/resteasy-multipart-provider-4.5.9.Final.jar:/home/ubuntu/.m2/repository/org/jboss/resteasy/resteasy-core-spi/4.5.9.Final/resteasy-core-spi-4.5.9.Final.jar:/home/ubuntu/.m2/repository/org/jboss/spec/javax/ws/rs/jboss-jaxrs-api_2.1_spec/2.0.1.Final/jboss-jaxrs-api_2.1_spec-2.0.1.Final.jar:/home/ubuntu/.m2/repository/org/reactivestreams/reactive-streams/1.0.3/reactive-streams-1.0.3.jar:/home/ubuntu/.m2/repository/jakarta/validation/jakarta.validation-api/2.0.2/jakarta.validation-api-2.0.2.jar:/home/ubuntu/.m2/repository/org/jboss/resteasy/resteasy-core/4.5.9.Final/resteasy-core-4.5.9.Final.jar:/home/ubuntu/.m2/repository/com/ibm/async/asyncutil/0.1.0/asyncutil-0.1.0.jar:/home/ubuntu/.m2/repository/org/jboss/resteasy/resteasy-client/4.5.9.Final/resteasy-client-4.5.9.Final.jar:/home/ubuntu/.m2/repository/org/jboss/resteasy/resteasy-client-api/4.5.9.Final/resteasy-client-api-4.5.9.Final.jar:/home/ubuntu/.m2/repository/org/jboss/resteasy/resteasy-jaxb-provider/4.5.9.Final/resteasy-jaxb-provider-4.5.9.Final.jar:/home/ubuntu/.m2/repository/com/sun/mail/jakarta.mail/1.6.4/jakarta.mail-1.6.4.jar:/home/ubuntu/.m2/repository/org/apache/james/apache-mime4j-dom/0.8.3/apache-mime4j-dom-0.8.3.jar:/home/ubuntu/.m2/repository/org/apache/james/apache-mime4j-core/0.8.3/apache-mime4j-core-0.8.3.jar:/home/ubuntu/.m2/repository/org/apache/james/apache-mime4j-storage/0.8.3/apache-mime4j-storage-0.8.3.jar:/home/ubuntu/.m2/repository/org/jboss/logging/jboss-logging/3.4.1.Final/jboss-logging-3.4.1.Final.jar:/home/ubuntu/.m2/repository/org/eclipse/microprofile/config/microprofile-config-api/1.4/microprofile-config-api-1.4.jar:/home/ubuntu/.m2/repository/com/google/apis/google-api-services-drive/v3-rev90-1.23.0/google-api-services-drive-v3-rev90-1.23.0.jar:/home/ubuntu/.m2/repository/com/google/api-client/google-api-client/1.23.0/google-api-client-1.23.0.jar:/home/ubuntu/.m2/repository/com/google/oauth-client/google-oauth-client/1.23.0/google-oauth-client-1.23.0.jar:/home/ubuntu/.m2/repository/com/google/http-client/google-http-client/1.38.0/google-http-client-1.38.0.jar:/home/ubuntu/.m2/repository/com/google/guava/guava/30.1-jre/guava-30.1-jre.jar:/home/ubuntu/.m2/repository/com/google/guava/failureaccess/1.0.1/failureaccess-1.0.1.jar:/home/ubuntu/.m2/repository/com/google/guava/listenablefuture/9999.0-empty-to-avoid-conflict-with-guava/listenablefuture-9999.0-empty-to-avoid-conflict-with-guava.jar:/home/ubuntu/.m2/repository/org/checkerframework/checker-qual/2.5.2/checker-qual-2.5.2.jar:/home/ubuntu/.m2/repository/com/google/j2objc/j2objc-annotations/1.3/j2objc-annotations-1.3.jar:/home/ubuntu/.m2/repository/io/opencensus/opencensus-contrib-http-util/0.24.0/opencensus-contrib-http-util-0.24.0.jar:/home/ubuntu/.m2/repository/com/google/code/findbugs/jsr305/1.3.9/jsr305-1.3.9.jar:/home/ubuntu/.m2/repository/com/google/http-client/google-http-client-jackson2/1.23.0/google-http-client-jackson2-1.23.0.jar:/home/ubuntu/.m2/repository/com/google/guava/guava-jdk5/17.0/guava-jdk5-17.0.jar:/home/ubuntu/.m2/repository/commons-validator/commons-validator/1.7/commons-validator-1.7.jar:/home/ubuntu/.m2/repository/commons-beanutils/commons-beanutils/1.9.4/commons-beanutils-1.9.4.jar:/home/ubuntu/.m2/repository/commons-digester/commons-digester/2.1/commons-digester-2.1.jar:/home/ubuntu/.m2/repository/commons-collections/commons-collections/3.2.2/commons-collections-3.2.2.jar:/home/ubuntu/.m2/repository/io/quarkus/quarkus-undertow-deployment/1.13.2.Final/quarkus-undertow-deployment-1.13.2.Final.jar:/home/ubuntu/.m2/repository/io/quarkus/http/quarkus-http-servlet/3.1.0.Final/quarkus-http-servlet-3.1.0.Final.jar:/home/ubuntu/.m2/repository/jakarta/servlet/jakarta.servlet-api/4.0.3/jakarta.servlet-api-4.0.3.jar:/home/ubuntu/.m2/repository/io/quarkus/quarkus-core-deployment/1.13.2.Final/quarkus-core-deployment-1.13.2.Final.jar:/home/ubuntu/.m2/repository/org/wildfly/common/wildfly-common/1.5.4.Final-format-001/wildfly-common-1.5.4.Final-format-001.jar:/home/ubuntu/.m2/repository/io/quarkus/gizmo/gizmo/1.0.7.Final/gizmo-1.0.7.Final.jar:/home/ubuntu/.m2/repository/org/ow2/asm/asm-util/9.1/asm-util-9.1.jar:/home/ubuntu/.m2/repository/org/jboss/jandex/2.2.3.Final/jandex-2.2.3.Final.jar:/home/ubuntu/.m2/repository/org/ow2/asm/asm/9.1/asm-9.1.jar:/home/ubuntu/.m2/repository/io/quarkus/quarkus-development-mode-spi/1.13.2.Final/quarkus-development-mode-spi-1.13.2.Final.jar:/home/ubuntu/.m2/repository/io/quarkus/quarkus-class-change-agent/1.13.2.Final/quarkus-class-change-agent-1.13.2.Final.jar:/home/ubuntu/.m2/repository/io/quarkus/quarkus-bootstrap-core/1.13.2.Final/quarkus-bootstrap-core-1.13.2.Final.jar:/home/ubuntu/.m2/repository/io/quarkus/quarkus-bootstrap-app-model/1.13.2.Final/quarkus-bootstrap-app-model-1.13.2.Final.jar:/home/ubuntu/.m2/repository/io/quarkus/quarkus-bootstrap-maven-resolver/1.13.2.Final/quarkus-bootstrap-maven-resolver-1.13.2.Final.jar:/home/ubuntu/.m2/repository/org/apache/maven/maven-embedder/3.6.3/maven-embedder-3.6.3.jar:/home/ubuntu/.m2/repository/org/apache/maven/maven-settings/3.6.3/maven-settings-3.6.3.jar:/home/ubuntu/.m2/repository/org/apache/maven/maven-core/3.6.3/maven-core-3.6.3.jar:/home/ubuntu/.m2/repository/org/apache/maven/maven-artifact/3.6.3/maven-artifact-3.6.3.jar:/home/ubuntu/.m2/repository/org/codehaus/plexus/plexus-component-annotations/2.1.0/plexus-component-annotations-2.1.0.jar:/home/ubuntu/.m2/repository/org/apache/maven/maven-plugin-api/3.6.3/maven-plugin-api-3.6.3.jar:/home/ubuntu/.m2/repository/org/apache/maven/maven-model/3.6.3/maven-model-3.6.3.jar:/home/ubuntu/.m2/repository/org/apache/maven/maven-model-builder/3.6.3/maven-model-builder-3.6.3.jar:/home/ubuntu/.m2/repository/org/apache/maven/maven-builder-support/3.6.3/maven-builder-support-3.6.3.jar:/home/ubuntu/.m2/repository/org/apache/maven/resolver/maven-resolver-api/1.4.1/maven-resolver-api-1.4.1.jar:/home/ubuntu/.m2/repository/org/apache/maven/resolver/maven-resolver-util/1.4.1/maven-resolver-util-1.4.1.jar:/home/ubuntu/.m2/repository/org/apache/maven/shared/maven-shared-utils/3.2.1/maven-shared-utils-3.2.1.jar:/home/ubuntu/.m2/repository/com/google/inject/guice/4.2.1/guice-4.2.1-no_aop.jar:/home/ubuntu/.m2/repository/org/codehaus/plexus/plexus-utils/3.2.1/plexus-utils-3.2.1.jar:/home/ubuntu/.m2/repository/org/codehaus/plexus/plexus-classworlds/2.6.0/plexus-classworlds-2.6.0.jar:/home/ubuntu/.m2/repository/commons-cli/commons-cli/1.4/commons-cli-1.4.jar:/home/ubuntu/.m2/repository/org/eclipse/sisu/org.eclipse.sisu.plexus/0.3.4/org.eclipse.sisu.plexus-0.3.4.jar:/home/ubuntu/.m2/repository/org/apache/maven/maven-settings-builder/3.6.3/maven-settings-builder-3.6.3.jar:/home/ubuntu/.m2/repository/org/codehaus/plexus/plexus-interpolation/1.25/plexus-interpolation-1.25.jar:/home/ubuntu/.m2/repository/org/sonatype/plexus/plexus-sec-dispatcher/1.4/plexus-sec-dispatcher-1.4.jar:/home/ubuntu/.m2/repository/org/sonatype/plexus/plexus-cipher/1.4/plexus-cipher-1.4.jar:/home/ubuntu/.m2/repository/org/apache/maven/maven-resolver-provider/3.6.3/maven-resolver-provider-3.6.3.jar:/home/ubuntu/.m2/repository/org/apache/maven/maven-repository-metadata/3.6.3/maven-repository-metadata-3.6.3.jar:/home/ubuntu/.m2/repository/org/apache/maven/resolver/maven-resolver-spi/1.4.1/maven-resolver-spi-1.4.1.jar:/home/ubuntu/.m2/repository/org/apache/maven/resolver/maven-resolver-impl/1.4.1/maven-resolver-impl-1.4.1.jar:/home/ubuntu/.m2/repository/org/apache/maven/resolver/maven-resolver-connector-basic/1.4.1/maven-resolver-connector-basic-1.4.1.jar:/home/ubuntu/.m2/repository/org/apache/maven/resolver/maven-resolver-transport-wagon/1.4.1/maven-resolver-transport-wagon-1.4.1.jar:/home/ubuntu/.m2/repository/org/apache/maven/wagon/wagon-http/3.3.4/wagon-http-3.3.4.jar:/home/ubuntu/.m2/repository/org/apache/maven/wagon/wagon-http-shared/3.3.4/wagon-http-shared-3.3.4.jar:/home/ubuntu/.m2/repository/org/jsoup/jsoup/1.12.1/jsoup-1.12.1.jar:/home/ubuntu/.m2/repository/org/apache/maven/wagon/wagon-provider-api/3.3.4/wagon-provider-api-3.3.4.jar:/home/ubuntu/.m2/repository/org/apache/maven/wagon/wagon-file/3.3.4/wagon-file-3.3.4.jar:/home/ubuntu/.m2/repository/io/quarkus/quarkus-bootstrap-gradle-resolver/1.13.2.Final/quarkus-bootstrap-gradle-resolver-1.13.2.Final.jar:/home/ubuntu/.m2/repository/io/smallrye/common/smallrye-common-io/1.5.0/smallrye-common-io-1.5.0.jar:/home/ubuntu/.m2/repository/org/eclipse/sisu/org.eclipse.sisu.inject/0.3.4/org.eclipse.sisu.inject-0.3.4.jar:/home/ubuntu/.m2/repository/io/quarkus/quarkus-builder/1.13.2.Final/quarkus-builder-1.13.2.Final.jar:/home/ubuntu/.m2/repository/org/graalvm/sdk/graal-sdk/21.0.0/graal-sdk-21.0.0.jar:/home/ubuntu/.m2/repository/io/quarkus/quarkus-undertow-spi/1.13.2.Final/quarkus-undertow-spi-1.13.2.Final.jar:/home/ubuntu/.m2/repository/io/quarkus/quarkus-vertx-http-deployment/1.13.2.Final/quarkus-vertx-http-deployment-1.13.2.Final.jar:/home/ubuntu/.m2/repository/io/quarkus/quarkus-vertx-core-deployment/1.13.2.Final/quarkus-vertx-core-deployment-1.13.2.Final.jar:/home/ubuntu/.m2/repository/io/quarkus/qute/qute-core/1.13.2.Final/qute-core-1.13.2.Final.jar:/home/ubuntu/.m2/repository/org/yaml/snakeyaml/1.28/snakeyaml-1.28.jar:/home/ubuntu/.m2/repository/io/quarkus/quarkus-kubernetes-spi/1.13.2.Final/quarkus-kubernetes-spi-1.13.2.Final.jar:/home/ubuntu/.m2/repository/org/jboss/metadata/jboss-metadata-web/11.0.0.Final/jboss-metadata-web-11.0.0.Final.jar:/home/ubuntu/.m2/repository/org/jboss/metadata/jboss-metadata-common/11.0.0.Final/jboss-metadata-common-11.0.0.Final.jar:/home/ubuntu/.m2/repository/io/quarkus/quarkus-arc-deployment/1.13.2.Final/quarkus-arc-deployment-1.13.2.Final.jar:/home/ubuntu/.m2/repository/io/quarkus/quarkus-vertx-http-dev-console-spi/1.13.2.Final/quarkus-vertx-http-dev-console-spi-1.13.2.Final.jar:/home/ubuntu/.m2/repository/io/quarkus/quarkus-vertx-http-dev-console-runtime-spi/1.13.2.Final/quarkus-vertx-http-dev-console-runtime-spi-1.13.2.Final.jar:/home/ubuntu/.m2/repository/io/quarkus/arc/arc/1.13.2.Final/arc-1.13.2.Final.jar:/home/ubuntu/.m2/repository/io/vertx/vertx-web/3.9.6/vertx-web-3.9.6.jar:/home/ubuntu/.m2/repository/io/vertx/vertx-web-common/3.9.6/vertx-web-common-3.9.6.jar:/home/ubuntu/.m2/repository/io/vertx/vertx-auth-common/3.9.6/vertx-auth-common-3.9.6.jar:/home/ubuntu/.m2/repository/io/vertx/vertx-bridge-common/3.9.6/vertx-bridge-common-3.9.6.jar:/home/ubuntu/.m2/repository/io/quarkus/quarkus-arc/1.13.2.Final/quarkus-arc-1.13.2.Final.jar:/home/ubuntu/.m2/repository/io/quarkus/arc/arc-processor/1.13.2.Final/arc-processor-1.13.2.Final.jar:/home/ubuntu/.m2/repository/io/quarkus/quarkus-elytron-security-common-deployment/1.13.2.Final/quarkus-elytron-security-common-deployment-1.13.2.Final.jar:/home/ubuntu/.m2/repository/io/quarkus/quarkus-elytron-security-common/1.13.2.Final/quarkus-elytron-security-common-1.13.2.Final.jar:/home/ubuntu/.m2/repository/org/wildfly/security/wildfly-elytron-credential/1.15.1.Final/wildfly-elytron-credential-1.15.1.Final.jar:/home/ubuntu/.m2/repository/org/wildfly/security/wildfly-elytron-asn1/1.15.1.Final/wildfly-elytron-asn1-1.15.1.Final.jar:/home/ubuntu/.m2/repository/org/wildfly/security/wildfly-elytron-keystore/1.15.1.Final/wildfly-elytron-keystore-1.15.1.Final.jar:/home/ubuntu/.m2/repository/org/wildfly/security/wildfly-elytron-provider-util/1.15.1.Final/wildfly-elytron-provider-util-1.15.1.Final.jar:/home/ubuntu/.m2/repository/org/wildfly/security/wildfly-elytron-x500/1.15.1.Final/wildfly-elytron-x500-1.15.1.Final.jar:/home/ubuntu/.m2/repository/org/wildfly/security/wildfly-elytron-password-impl/1.15.1.Final/wildfly-elytron-password-impl-1.15.1.Final.jar:/home/ubuntu/.m2/repository/io/quarkus/quarkus-agroal-deployment/1.13.2.Final/quarkus-agroal-deployment-1.13.2.Final.jar:/home/ubuntu/.m2/repository/io/quarkus/quarkus-datasource-deployment/1.13.2.Final/quarkus-datasource-deployment-1.13.2.Final.jar:/home/ubuntu/.m2/repository/io/quarkus/quarkus-agroal-spi/1.13.2.Final/quarkus-agroal-spi-1.13.2.Final.jar:/home/ubuntu/.m2/repository/io/quarkus/quarkus-datasource-common/1.13.2.Final/quarkus-datasource-common-1.13.2.Final.jar:/home/ubuntu/.m2/repository/io/quarkus/quarkus-narayana-jta-deployment/1.13.2.Final/quarkus-narayana-jta-deployment-1.13.2.Final.jar:/home/ubuntu/.m2/repository/io/quarkus/quarkus-mutiny-deployment/1.13.2.Final/quarkus-mutiny-deployment-1.13.2.Final.jar:/home/ubuntu/.m2/repository/io/quarkus/quarkus-smallrye-context-propagation-deployment/1.13.2.Final/quarkus-smallrye-context-propagation-deployment-1.13.2.Final.jar:/home/ubuntu/.m2/repository/io/quarkus/quarkus-credentials-deployment/1.13.2.Final/quarkus-credentials-deployment-1.13.2.Final.jar:/home/ubuntu/.m2/repository/io/quarkus/quarkus-smallrye-health-spi/1.13.2.Final/quarkus-smallrye-health-spi-1.13.2.Final.jar:/home/ubuntu/.m2/repository/io/quarkus/quarkus-resteasy-jsonb-deployment/1.13.2.Final/quarkus-resteasy-jsonb-deployment-1.13.2.Final.jar:/home/ubuntu/.m2/repository/io/quarkus/quarkus-resteasy-deployment/1.13.2.Final/quarkus-resteasy-deployment-1.13.2.Final.jar:/home/ubuntu/.m2/repository/io/quarkus/quarkus-resteasy-server-common-deployment/1.13.2.Final/quarkus-resteasy-server-common-deployment-1.13.2.Final.jar:/home/ubuntu/.m2/repository/io/quarkus/quarkus-resteasy-common-deployment/1.13.2.Final/quarkus-resteasy-common-deployment-1.13.2.Final.jar:/home/ubuntu/.m2/repository/io/quarkus/quarkus-resteasy-common-spi/1.13.2.Final/quarkus-resteasy-common-spi-1.13.2.Final.jar:/home/ubuntu/.m2/repository/io/quarkus/quarkus-resteasy-server-common-spi/1.13.2.Final/quarkus-resteasy-server-common-spi-1.13.2.Final.jar:/home/ubuntu/.m2/repository/io/quarkus/quarkus-security-spi/1.13.2.Final/quarkus-security-spi-1.13.2.Final.jar:/home/ubuntu/.m2/repository/io/quarkus/quarkus-jsonb-deployment/1.13.2.Final/quarkus-jsonb-deployment-1.13.2.Final.jar:/home/ubuntu/.m2/repository/io/quarkus/quarkus-jsonb-spi/1.13.2.Final/quarkus-jsonb-spi-1.13.2.Final.jar:/home/ubuntu/.m2/repository/io/quarkus/quarkus-jdbc-mysql-deployment/1.13.2.Final/quarkus-jdbc-mysql-deployment-1.13.2.Final.jar:/home/ubuntu/.m2/repository/io/quarkus/quarkus-datasource-deployment-spi/1.13.2.Final/quarkus-datasource-deployment-spi-1.13.2.Final.jar:/home/ubuntu/.m2/repository/io/quarkus/quarkus-jdbc-mysql/1.13.2.Final/quarkus-jdbc-mysql-1.13.2.Final.jar:/home/ubuntu/.m2/repository/mysql/mysql-connector-java/8.0.23/mysql-connector-java-8.0.23.jar:/home/ubuntu/.m2/repository/io/quarkus/quarkus-devservices-mysql/1.13.2.Final/quarkus-devservices-mysql-1.13.2.Final.jar:/home/ubuntu/.m2/repository/org/testcontainers/mysql/1.15.2/mysql-1.15.2.jar:/home/ubuntu/.m2/repository/org/testcontainers/jdbc/1.15.2/jdbc-1.15.2.jar:/home/ubuntu/.m2/repository/org/testcontainers/database-commons/1.15.2/database-commons-1.15.2.jar:/home/ubuntu/.m2/repository/io/quarkus/quarkus-container-image-docker-deployment/1.13.2.Final/quarkus-container-image-docker-deployment-1.13.2.Final.jar:/home/ubuntu/.m2/repository/io/quarkus/quarkus-container-image-docker/1.13.2.Final/quarkus-container-image-docker-1.13.2.Final.jar:/home/ubuntu/.m2/repository/io/quarkus/quarkus-container-image/1.13.2.Final/quarkus-container-image-1.13.2.Final.jar:/home/ubuntu/.m2/repository/io/quarkus/quarkus-container-image-deployment/1.13.2.Final/quarkus-container-image-deployment-1.13.2.Final.jar:/home/ubuntu/.m2/repository/io/quarkus/quarkus-container-image-spi/1.13.2.Final/quarkus-container-image-spi-1.13.2.Final.jar:/home/ubuntu/.m2/repository/io/quarkus/quarkus-container-image-util/1.13.2.Final/quarkus-container-image-util-1.13.2.Final.jar:/home/ubuntu/.m2/repository/io/quarkus/quarkus-hibernate-orm-deployment/1.13.2.Final/quarkus-hibernate-orm-deployment-1.13.2.Final.jar:/home/ubuntu/.m2/repository/io/quarkus/quarkus-caffeine-deployment/1.13.2.Final/quarkus-caffeine-deployment-1.13.2.Final.jar:/home/ubuntu/.m2/repository/io/quarkus/quarkus-panache-hibernate-common-deployment/1.13.2.Final/quarkus-panache-hibernate-common-deployment-1.13.2.Final.jar:/home/ubuntu/.m2/repository/io/quarkus/quarkus-panache-hibernate-common/1.13.2.Final/quarkus-panache-hibernate-common-1.13.2.Final.jar:/home/ubuntu/.m2/repository/io/quarkus/quarkus-panache-common-deployment/1.13.2.Final/quarkus-panache-common-deployment-1.13.2.Final.jar:/home/ubuntu/.m2/repository/io/quarkus/quarkus-hibernate-orm-rest-data-panache-deployment/1.13.2.Final/quarkus-hibernate-orm-rest-data-panache-deployment-1.13.2.Final.jar:/home/ubuntu/.m2/repository/io/quarkus/quarkus-rest-data-panache-deployment/1.13.2.Final/quarkus-rest-data-panache-deployment-1.13.2.Final.jar:/home/ubuntu/.m2/repository/io/quarkus/quarkus-rest-data-panache/1.13.2.Final/quarkus-rest-data-panache-1.13.2.Final.jar:/home/ubuntu/.m2/repository/org/jboss/resteasy/resteasy-links/4.5.9.Final/resteasy-links-4.5.9.Final.jar:/home/ubuntu/.m2/repository/org/jboss/spec/javax/el/jboss-el-api_3.0_spec/2.0.0.Final/jboss-el-api_3.0_spec-2.0.0.Final.jar:/home/ubuntu/.m2/repository/org/jboss/resteasy/resteasy-jackson2-provider/4.5.9.Final/resteasy-jackson2-provider-4.5.9.Final.jar:/home/ubuntu/.m2/repository/com/fasterxml/jackson/jaxrs/jackson-jaxrs-json-provider/2.12.1/jackson-jaxrs-json-provider-2.12.1.jar:/home/ubuntu/.m2/repository/com/fasterxml/jackson/jaxrs/jackson-jaxrs-base/2.12.1/jackson-jaxrs-base-2.12.1.jar:/home/ubuntu/.m2/repository/com/fasterxml/jackson/module/jackson-module-jaxb-annotations/2.12.1/jackson-module-jaxb-annotations-2.12.1.jar:/home/ubuntu/.m2/repository/com/github/java-json-tools/json-patch/1.13/json-patch-1.13.jar:/home/ubuntu/.m2/repository/com/github/java-json-tools/msg-simple/1.2/msg-simple-1.2.jar:/home/ubuntu/.m2/repository/com/github/java-json-tools/btf/1.3/btf-1.3.jar:/home/ubuntu/.m2/repository/com/github/java-json-tools/jackson-coreutils/2.0/jackson-coreutils-2.0.jar:/home/ubuntu/.m2/repository/io/quarkus/quarkus-panache-common/1.13.2.Final/quarkus-panache-common-1.13.2.Final.jar:/home/ubuntu/.m2/repository/io/quarkus/quarkus-jackson-spi/1.13.2.Final/quarkus-jackson-spi-1.13.2.Final.jar:/home/ubuntu/.m2/repository/io/quarkus/quarkus-hibernate-orm-rest-data-panache/1.13.2.Final/quarkus-hibernate-orm-rest-data-panache-1.13.2.Final.jar:/home/ubuntu/.m2/repository/io/quarkus/quarkus-hibernate-orm-panache/1.13.2.Final/quarkus-hibernate-orm-panache-1.13.2.Final.jar:/home/ubuntu/.m2/repository/io/quarkus/quarkus-hibernate-orm-panache-common/1.13.2.Final/quarkus-hibernate-orm-panache-common-1.13.2.Final.jar:/home/ubuntu/.m2/repository/io/quarkus/quarkus-hibernate-orm-panache-deployment/1.13.2.Final/quarkus-hibernate-orm-panache-deployment-1.13.2.Final.jar:/home/ubuntu/.m2/repository/io/quarkus/quarkus-hibernate-orm-panache-common-deployment/1.13.2.Final/quarkus-hibernate-orm-panache-common-deployment-1.13.2.Final.jar:/home/ubuntu/.m2/repository/org/ow2/asm/asm-tree/9.1/asm-tree-9.1.jar:/home/ubuntu/.m2/repository/org/ow2/asm/asm-analysis/9.1/asm-analysis-9.1.jar:/home/ubuntu/.m2/repository/io/quarkus/quarkus-infinispan-client-deployment/1.13.2.Final/quarkus-infinispan-client-deployment-1.13.2.Final.jar:/home/ubuntu/.m2/repository/io/quarkus/quarkus-infinispan-client/1.13.2.Final/quarkus-infinispan-client-1.13.2.Final.jar:/home/ubuntu/.m2/repository/io/quarkus/quarkus-netty/1.13.2.Final/quarkus-netty-1.13.2.Final.jar:/home/ubuntu/.m2/repository/io/netty/netty-codec/4.1.49.Final/netty-codec-4.1.49.Final.jar:/home/ubuntu/.m2/repository/io/netty/netty-handler/4.1.49.Final/netty-handler-4.1.49.Final.jar:/home/ubuntu/.m2/repository/io/quarkus/quarkus-jsonp/1.13.2.Final/quarkus-jsonp-1.13.2.Final.jar:/home/ubuntu/.m2/repository/org/wildfly/security/wildfly-elytron-sasl-plain/1.15.1.Final/wildfly-elytron-sasl-plain-1.15.1.Final.jar:/home/ubuntu/.m2/repository/org/wildfly/security/wildfly-elytron-auth-server/1.15.1.Final/wildfly-elytron-auth-server-1.15.1.Final.jar:/home/ubuntu/.m2/repository/org/wildfly/security/wildfly-elytron-auth/1.15.1.Final/wildfly-elytron-auth-1.15.1.Final.jar:/home/ubuntu/.m2/repository/org/wildfly/security/wildfly-elytron-base/1.15.1.Final/wildfly-elytron-base-1.15.1.Final.jar:/home/ubuntu/.m2/repository/org/wildfly/security/wildfly-elytron-permission/1.15.1.Final/wildfly-elytron-permission-1.15.1.Final.jar:/home/ubuntu/.m2/repository/org/wildfly/security/wildfly-elytron-sasl/1.15.1.Final/wildfly-elytron-sasl-1.15.1.Final.jar:/home/ubuntu/.m2/repository/org/wildfly/security/wildfly-elytron-ssl/1.15.1.Final/wildfly-elytron-ssl-1.15.1.Final.jar:/home/ubuntu/.m2/repository/org/wildfly/security/wildfly-elytron-mechanism/1.15.1.Final/wildfly-elytron-mechanism-1.15.1.Final.jar:/home/ubuntu/.m2/repository/org/wildfly/security/wildfly-elytron-http/1.15.1.Final/wildfly-elytron-http-1.15.1.Final.jar:/home/ubuntu/.m2/repository/org/wildfly/security/wildfly-elytron-sasl-digest/1.15.1.Final/wildfly-elytron-sasl-digest-1.15.1.Final.jar:/home/ubuntu/.m2/repository/org/wildfly/security/wildfly-elytron-mechanism-digest/1.15.1.Final/wildfly-elytron-mechanism-digest-1.15.1.Final.jar:/home/ubuntu/.m2/repository/org/wildfly/security/wildfly-elytron-util/1.15.1.Final/wildfly-elytron-util-1.15.1.Final.jar:/home/ubuntu/.m2/repository/org/wildfly/security/wildfly-elytron-sasl-external/1.15.1.Final/wildfly-elytron-sasl-external-1.15.1.Final.jar:/home/ubuntu/.m2/repository/org/wildfly/security/wildfly-elytron-sasl-oauth2/1.15.1.Final/wildfly-elytron-sasl-oauth2-1.15.1.Final.jar:/home/ubuntu/.m2/repository/org/wildfly/security/wildfly-elytron-mechanism-oauth2/1.15.1.Final/wildfly-elytron-mechanism-oauth2-1.15.1.Final.jar:/home/ubuntu/.m2/repository/org/wildfly/security/wildfly-elytron-sasl-scram/1.15.1.Final/wildfly-elytron-sasl-scram-1.15.1.Final.jar:/home/ubuntu/.m2/repository/org/wildfly/security/wildfly-elytron-mechanism-scram/1.15.1.Final/wildfly-elytron-mechanism-scram-1.15.1.Final.jar:/home/ubuntu/.m2/repository/org/infinispan/infinispan-client-hotrod/12.0.1.Final/infinispan-client-hotrod-12.0.1.Final.jar:/home/ubuntu/.m2/repository/org/infinispan/infinispan-commons/12.0.1.Final/infinispan-commons-12.0.1.Final.jar:/home/ubuntu/.m2/repository/org/wildfly/security/wildfly-elytron-sasl-gs2/1.15.1.Final/wildfly-elytron-sasl-gs2-1.15.1.Final.jar:/home/ubuntu/.m2/repository/org/wildfly/security/wildfly-elytron-mechanism-gssapi/1.15.1.Final/wildfly-elytron-mechanism-gssapi-1.15.1.Final.jar:/home/ubuntu/.m2/repository/org/wildfly/security/wildfly-elytron-security-manager-action/1.15.1.Final/wildfly-elytron-security-manager-action-1.15.1.Final.jar:/home/ubuntu/.m2/repository/org/wildfly/security/wildfly-elytron-sasl-gssapi/1.15.1.Final/wildfly-elytron-sasl-gssapi-1.15.1.Final.jar:/home/ubuntu/.m2/repository/io/reactivex/rxjava3/rxjava/3.0.4/rxjava-3.0.4.jar:/home/ubuntu/.m2/repository/io/netty/netty-transport-native-epoll/4.1.49.Final/netty-transport-native-epoll-4.1.49.Final-linux-x86_64.jar:/home/ubuntu/.m2/repository/io/netty/netty-transport-native-unix-common/4.1.49.Final/netty-transport-native-unix-common-4.1.49.Final.jar:/home/ubuntu/.m2/repository/org/infinispan/infinispan-remote-query-client/12.0.1.Final/infinispan-remote-query-client-12.0.1.Final.jar:/home/ubuntu/.m2/repository/org/infinispan/protostream/protostream/4.4.0.Alpha4/protostream-4.4.0.Alpha4.jar:/home/ubuntu/.m2/repository/org/infinispan/infinispan-query-dsl/12.0.1.Final/infinispan-query-dsl-12.0.1.Final.jar:/home/ubuntu/.m2/repository/org/infinispan/protostream/protostream-processor/4.4.0.Alpha4/protostream-processor-4.4.0.Alpha4.jar:/home/ubuntu/.m2/repository/io/quarkus/quarkus-netty-deployment/1.13.2.Final/quarkus-netty-deployment-1.13.2.Final.jar:/home/ubuntu/.m2/repository/io/quarkus/quarkus-jsonp-deployment/1.13.2.Final/quarkus-jsonp-deployment-1.13.2.Final.jar:/home/ubuntu/.m2/repository/org/apache/commons/commons-lang3/3.10/commons-lang3-3.10.jar:/home/ubuntu/.m2/repository/org/apache/httpcomponents/httpclient/4.5.13/httpclient-4.5.13.jar:/home/ubuntu/.m2/repository/org/apache/httpcomponents/httpcore/4.4.14/httpcore-4.4.14.jar:/home/ubuntu/.m2/repository/commons-logging/commons-logging/1.2/commons-logging-1.2.jar:/home/ubuntu/.m2/repository/commons-codec/commons-codec/1.14/commons-codec-1.14.jar:/home/ubuntu/.m2/repository/io/quarkus/quarkus-keycloak-authorization-deployment/1.13.2.Final/quarkus-keycloak-authorization-deployment-1.13.2.Final.jar:/home/ubuntu/.m2/repository/io/quarkus/quarkus-oidc-deployment/1.13.2.Final/quarkus-oidc-deployment-1.13.2.Final.jar:/home/ubuntu/.m2/repository/io/quarkus/quarkus-oidc-common-deployment/1.13.2.Final/quarkus-oidc-common-deployment-1.13.2.Final.jar:/home/ubuntu/.m2/repository/io/quarkus/quarkus-smallrye-jwt-build-deployment/1.13.2.Final/quarkus-smallrye-jwt-build-deployment-1.13.2.Final.jar:/home/ubuntu/.m2/repository/io/quarkus/quarkus-jackson-deployment/1.13.2.Final/quarkus-jackson-deployment-1.13.2.Final.jar:/home/ubuntu/.m2/repository/io/quarkus/quarkus-security-deployment/1.13.2.Final/quarkus-security-deployment-1.13.2.Final.jar:/home/ubuntu/.m2/repository/io/quarkus/quarkus-keycloak-authorization/1.13.2.Final/quarkus-keycloak-authorization-1.13.2.Final.jar:/home/ubuntu/.m2/repository/org/keycloak/keycloak-adapter-core/12.0.4/keycloak-adapter-core-12.0.4.jar:/home/ubuntu/.m2/repository/org/keycloak/keycloak-core/12.0.4/keycloak-core-12.0.4.jar:/home/ubuntu/.m2/repository/org/keycloak/keycloak-common/12.0.4/keycloak-common-12.0.4.jar:/home/ubuntu/.m2/repository/org/bouncycastle/bcprov-jdk15on/1.68/bcprov-jdk15on-1.68.jar:/home/ubuntu/.m2/repository/org/bouncycastle/bcpkix-jdk15on/1.68/bcpkix-jdk15on-1.68.jar:/home/ubuntu/.m2/repository/org/keycloak/keycloak-adapter-spi/12.0.4/keycloak-adapter-spi-12.0.4.jar:/home/ubuntu/.m2/repository/org/keycloak/keycloak-authz-client/12.0.4/keycloak-authz-client-12.0.4.jar:/home/ubuntu/.m2/repository/org/jboss/logging/commons-logging-jboss-logging/1.0.0.Final/commons-logging-jboss-logging-1.0.0.Final.jar:/home/ubuntu/.m2/repository/io/quarkus/quarkus-junit5-internal/1.13.2.Final/quarkus-junit5-internal-1.13.2.Final.jar:/home/ubuntu/.m2/repository/org/jboss/shrinkwrap/shrinkwrap-api/1.2.6/shrinkwrap-api-1.2.6.jar:/home/ubuntu/.m2/repository/org/jboss/shrinkwrap/shrinkwrap-spi/1.2.6/shrinkwrap-spi-1.2.6.jar:/home/ubuntu/.m2/repository/org/jboss/shrinkwrap/shrinkwrap-impl-base/1.2.6/shrinkwrap-impl-base-1.2.6.jar:/home/ubuntu/.m2/repository/org/junit/jupiter/junit-jupiter-api/5.7.1/junit-jupiter-api-5.7.1.jar:/home/ubuntu/.m2/repository/org/apiguardian/apiguardian-api/1.1.0/apiguardian-api-1.1.0.jar:/home/ubuntu/.m2/repository/org/opentest4j/opentest4j/1.2.0/opentest4j-1.2.0.jar:/home/ubuntu/.m2/repository/org/junit/platform/junit-platform-commons/1.7.1/junit-platform-commons-1.7.1.jar:/home/ubuntu/.m2/repository/org/junit/jupiter/junit-jupiter-params/5.7.1/junit-jupiter-params-5.7.1.jar:/home/ubuntu/.m2/repository/org/junit/jupiter/junit-jupiter-engine/5.7.1/junit-jupiter-engine-5.7.1.jar:/home/ubuntu/.m2/repository/org/junit/platform/junit-platform-engine/1.7.1/junit-platform-engine-1.7.1.jar:/home/ubuntu/.m2/repository/io/quarkus/quarkus-core/1.13.2.Final/quarkus-core-1.13.2.Final.jar:/home/ubuntu/.m2/repository/jakarta/inject/jakarta.inject-api/1.0/jakarta.inject-api-1.0.jar:/home/ubuntu/.m2/repository/io/quarkus/quarkus-ide-launcher/1.13.2.Final/quarkus-ide-launcher-1.13.2.Final.jar:/home/ubuntu/.m2/repository/io/smallrye/config/smallrye-config/1.11.1/smallrye-config-1.11.1.jar:/home/ubuntu/.m2/repository/io/smallrye/common/smallrye-common-annotation/1.5.0/smallrye-common-annotation-1.5.0.jar:/home/ubuntu/.m2/repository/io/smallrye/common/smallrye-common-expression/1.5.0/smallrye-common-expression-1.5.0.jar:/home/ubuntu/.m2/repository/io/smallrye/common/smallrye-common-function/1.5.0/smallrye-common-function-1.5.0.jar:/home/ubuntu/.m2/repository/io/smallrye/common/smallrye-common-constraint/1.5.0/smallrye-common-constraint-1.5.0.jar:/home/ubuntu/.m2/repository/io/smallrye/common/smallrye-common-classloader/1.5.0/smallrye-common-classloader-1.5.0.jar:/home/ubuntu/.m2/repository/io/smallrye/config/smallrye-config-common/1.11.1/smallrye-config-common-1.11.1.jar:/home/ubuntu/.m2/repository/org/jboss/logmanager/jboss-logmanager-embedded/1.0.9/jboss-logmanager-embedded-1.0.9.jar:/home/ubuntu/.m2/repository/org/jboss/logging/jboss-logging-annotations/2.2.0.Final/jboss-logging-annotations-2.2.0.Final.jar:/home/ubuntu/.m2/repository/org/jboss/threads/jboss-threads/3.2.0.Final/jboss-threads-3.2.0.Final.jar:/home/ubuntu/.m2/repository/org/jboss/slf4j/slf4j-jboss-logmanager/1.1.0.Final/slf4j-jboss-logmanager-1.1.0.Final.jar:/home/ubuntu/.m2/repository/io/quarkus/quarkus-bootstrap-runner/1.13.2.Final/quarkus-bootstrap-runner-1.13.2.Final.jar:/home/ubuntu/.m2/repository/io/quarkus/quarkus-test-common/1.13.2.Final/quarkus-test-common-1.13.2.Final.jar:/home/ubuntu/.m2/repository/jakarta/enterprise/jakarta.enterprise.cdi-api/2.0.2/jakarta.enterprise.cdi-api-2.0.2.jar:/home/ubuntu/.m2/repository/jakarta/el/jakarta.el-api/3.0.3/jakarta.el-api-3.0.3.jar:/home/ubuntu/.m2/repository/jakarta/interceptor/jakarta.interceptor-api/1.2.5/jakarta.interceptor-api-1.2.5.jar:/home/ubuntu/.m2/repository/io/quarkus/quarkus-devtools-utilities/1.13.2.Final/quarkus-devtools-utilities-1.13.2.Final.jar:/home/ubuntu/.m2/repository/io/rest-assured/rest-assured/4.3.3/rest-assured-4.3.3.jar:/home/ubuntu/.m2/repository/org/codehaus/groovy/groovy/3.0.7/groovy-3.0.7.jar:/home/ubuntu/.m2/repository/org/codehaus/groovy/groovy-xml/3.0.7/groovy-xml-3.0.7.jar:/home/ubuntu/.m2/repository/org/apache/httpcomponents/httpmime/4.5.13/httpmime-4.5.13.jar:/home/ubuntu/.m2/repository/org/hamcrest/hamcrest/2.1/hamcrest-2.1.jar:/home/ubuntu/.m2/repository/org/ccil/cowan/tagsoup/tagsoup/1.2.1/tagsoup-1.2.1.jar:/home/ubuntu/.m2/repository/io/rest-assured/json-path/4.3.3/json-path-4.3.3.jar:/home/ubuntu/.m2/repository/org/codehaus/groovy/groovy-json/3.0.7/groovy-json-3.0.7.jar:/home/ubuntu/.m2/repository/io/rest-assured/rest-assured-common/4.3.3/rest-assured-common-4.3.3.jar:/home/ubuntu/.m2/repository/io/rest-assured/xml-path/4.3.3/xml-path-4.3.3.jar:/home/ubuntu/.m2/repository/jakarta/xml/bind/jakarta.xml.bind-api/2.3.3/jakarta.xml.bind-api-2.3.3.jar:/home/ubuntu/.m2/repository/jakarta/activation/jakarta.activation-api/1.2.1/jakarta.activation-api-1.2.1.jar:/home/ubuntu/.m2/repository/com/sun/xml/bind/jaxb-impl/2.3.3/jaxb-impl-2.3.3.jar:"/>
    <property name="java.vm.vendor" value="GraalVM Community"/>
    <property name="sun.arch.data.model" value="64"/>
    <property name="java.vendor.url" value="https://www.graalvm.org/"/>
    <property name="user.timezone" value="Australia/Sydney"/>
    <property name="java.vm.specification.version" value="11"/>
    <property name="os.name" value="Linux"/>
    <property name="user.country" value="US"/>
    <property name="sun.java.launcher" value="SUN_STANDARD"/>
    <property name="sun.boot.library.path" value="/home/ubuntu/.sdkman/candidates/java/21.0.0.r11-grl/lib"/>
    <property name="sun.java.command" value="/home/ubuntu/projects/crowtech/quarkus-nest/deployment/target/surefire/surefirebooter8821321745893933680.jar /home/ubuntu/projects/crowtech/quarkus-nest/deployment/target/surefire 2021-05-23T16-09-47_193-jvmRun1 surefire13024843078104471809tmp surefire_0521401211304152698tmp"/>
    <property name="jdk.debug" value="release"/>
    <property name="maven.home" value="/usr/share/maven"/>
    <property name="surefire.test.class.path" value="/home/ubuntu/projects/crowtech/quarkus-nest/deployment/target/test-classes:/home/ubuntu/projects/crowtech/quarkus-nest/deployment/target/classes:/home/ubuntu/projects/crowtech/quarkus-nest/runtime/target/quarkus-nest-1.0-SNAPSHOT.jar:/home/ubuntu/.m2/repository/au/com/crowtech/nestq/1.0-SNAPSHOT/nestq-1.0-SNAPSHOT.jar:/home/ubuntu/.m2/repository/io/quarkus/quarkus-oidc/1.13.2.Final/quarkus-oidc-1.13.2.Final.jar:/home/ubuntu/.m2/repository/io/quarkus/quarkus-vertx-core/1.13.2.Final/quarkus-vertx-core-1.13.2.Final.jar:/home/ubuntu/.m2/repository/io/quarkus/quarkus-security/1.13.2.Final/quarkus-security-1.13.2.Final.jar:/home/ubuntu/.m2/repository/io/quarkus/quarkus-oidc-common/1.13.2.Final/quarkus-oidc-common-1.13.2.Final.jar:/home/ubuntu/.m2/repository/io/smallrye/reactive/smallrye-mutiny-vertx-web-client/1.5.0/smallrye-mutiny-vertx-web-client-1.5.0.jar:/home/ubuntu/.m2/repository/io/vertx/vertx-web-client/3.9.6/vertx-web-client-3.9.6.jar:/home/ubuntu/.m2/repository/io/smallrye/reactive/smallrye-mutiny-vertx-core/1.5.0/smallrye-mutiny-vertx-core-1.5.0.jar:/home/ubuntu/.m2/repository/io/smallrye/reactive/smallrye-mutiny-vertx-runtime/1.5.0/smallrye-mutiny-vertx-runtime-1.5.0.jar:/home/ubuntu/.m2/repository/io/smallrye/reactive/vertx-mutiny-generator/1.5.0/vertx-mutiny-generator-1.5.0.jar:/home/ubuntu/.m2/repository/io/vertx/vertx-codegen/3.9.6/vertx-codegen-3.9.6.jar:/home/ubuntu/.m2/repository/org/mvel/mvel2/2.3.1.Final/mvel2-2.3.1.Final.jar:/home/ubuntu/.m2/repository/io/smallrye/reactive/smallrye-mutiny-vertx-web-common/1.5.0/smallrye-mutiny-vertx-web-common-1.5.0.jar:/home/ubuntu/.m2/repository/io/quarkus/quarkus-smallrye-jwt-build/1.13.2.Final/quarkus-smallrye-jwt-build-1.13.2.Final.jar:/home/ubuntu/.m2/repository/io/smallrye/smallrye-jwt-build/2.4.4/smallrye-jwt-build-2.4.4.jar:/home/ubuntu/.m2/repository/io/smallrye/smallrye-jwt/2.4.4/smallrye-jwt-2.4.4.jar:/home/ubuntu/.m2/repository/io/smallrye/smallrye-jwt-common/2.4.4/smallrye-jwt-common-2.4.4.jar:/home/ubuntu/.m2/repository/io/quarkus/quarkus-jackson/1.13.2.Final/quarkus-jackson-1.13.2.Final.jar:/home/ubuntu/.m2/repository/com/fasterxml/jackson/datatype/jackson-datatype-jsr310/2.12.1/jackson-datatype-jsr310-2.12.1.jar:/home/ubuntu/.m2/repository/com/fasterxml/jackson/datatype/jackson-datatype-jdk8/2.12.1/jackson-datatype-jdk8-2.12.1.jar:/home/ubuntu/.m2/repository/com/fasterxml/jackson/module/jackson-module-parameter-names/2.12.1/jackson-module-parameter-names-2.12.1.jar:/home/ubuntu/.m2/repository/org/zalando/jackson-datatype-money/1.2.0/jackson-datatype-money-1.2.0.jar:/home/ubuntu/.m2/repository/javax/money/money-api/1.1/money-api-1.1.jar:/home/ubuntu/.m2/repository/org/javamoney/moneta/moneta-core/1.4.2/moneta-core-1.4.2.jar:/home/ubuntu/.m2/repository/org/javamoney/moneta/moneta-convert/1.4.2/moneta-convert-1.4.2.jar:/home/ubuntu/.m2/repository/org/javamoney/moneta/moneta-convert-imf/1.4.2/moneta-convert-imf-1.4.2.jar:/home/ubuntu/.m2/repository/org/javamoney/moneta/moneta-convert-ecb/1.4.2/moneta-convert-ecb-1.4.2.jar:/home/ubuntu/.m2/repository/javax/annotation/javax.annotation-api/1.3.2/javax.annotation-api-1.3.2.jar:/home/ubuntu/.m2/repository/org/testcontainers/junit-jupiter/1.15.2/junit-jupiter-1.15.2.jar:/home/ubuntu/.m2/repository/org/testcontainers/testcontainers/1.15.2/testcontainers-1.15.2.jar:/home/ubuntu/.m2/repository/junit/junit/4.13.1/junit-4.13.1.jar:/home/ubuntu/.m2/repository/org/hamcrest/hamcrest-core/1.3/hamcrest-core-1.3.jar:/home/ubuntu/.m2/repository/org/apache/commons/commons-compress/1.20/commons-compress-1.20.jar:/home/ubuntu/.m2/repository/org/rnorth/duct-tape/duct-tape/1.0.8/duct-tape-1.0.8.jar:/home/ubuntu/.m2/repository/org/rnorth/visible-assertions/visible-assertions/2.1.2/visible-assertions-2.1.2.jar:/home/ubuntu/.m2/repository/net/java/dev/jna/jna/5.3.1/jna-5.3.1.jar:/home/ubuntu/.m2/repository/com/github/docker-java/docker-java-api/3.2.7/docker-java-api-3.2.7.jar:/home/ubuntu/.m2/repository/com/github/docker-java/docker-java-transport-zerodep/3.2.7/docker-java-transport-zerodep-3.2.7.jar:/home/ubuntu/.m2/repository/com/github/docker-java/docker-java-transport/3.2.7/docker-java-transport-3.2.7.jar:/home/ubuntu/.m2/repository/io/quarkus/quarkus-undertow/1.13.2.Final/quarkus-undertow-1.13.2.Final.jar:/home/ubuntu/.m2/repository/io/quarkus/quarkus-vertx-http/1.13.2.Final/quarkus-vertx-http-1.13.2.Final.jar:/home/ubuntu/.m2/repository/io/quarkus/quarkus-security-runtime-spi/1.13.2.Final/quarkus-security-runtime-spi-1.13.2.Final.jar:/home/ubuntu/.m2/repository/io/quarkus/security/quarkus-security/1.1.4.Final/quarkus-security-1.1.4.Final.jar:/home/ubuntu/.m2/repository/io/smallrye/reactive/mutiny/0.14.0/mutiny-0.14.0.jar:/home/ubuntu/.m2/repository/jakarta/annotation/jakarta.annotation-api/1.3.5/jakarta.annotation-api-1.3.5.jar:/home/ubuntu/.m2/repository/io/quarkus/http/quarkus-http-vertx-backend/3.1.0.Final/quarkus-http-vertx-backend-3.1.0.Final.jar:/home/ubuntu/.m2/repository/io/vertx/vertx-core/3.9.6/vertx-core-3.9.6.jar:/home/ubuntu/.m2/repository/io/netty/netty-common/4.1.49.Final/netty-common-4.1.49.Final.jar:/home/ubuntu/.m2/repository/io/netty/netty-buffer/4.1.49.Final/netty-buffer-4.1.49.Final.jar:/home/ubuntu/.m2/repository/io/netty/netty-transport/4.1.49.Final/netty-transport-4.1.49.Final.jar:/home/ubuntu/.m2/repository/io/netty/netty-handler-proxy/4.1.49.Final/netty-handler-proxy-4.1.49.Final.jar:/home/ubuntu/.m2/repository/io/netty/netty-codec-socks/4.1.49.Final/netty-codec-socks-4.1.49.Final.jar:/home/ubuntu/.m2/repository/io/netty/netty-codec-http2/4.1.49.Final/netty-codec-http2-4.1.49.Final.jar:/home/ubuntu/.m2/repository/io/netty/netty-resolver/4.1.49.Final/netty-resolver-4.1.49.Final.jar:/home/ubuntu/.m2/repository/io/netty/netty-resolver-dns/4.1.49.Final/netty-resolver-dns-4.1.49.Final.jar:/home/ubuntu/.m2/repository/io/netty/netty-codec-dns/4.1.49.Final/netty-codec-dns-4.1.49.Final.jar:/home/ubuntu/.m2/repository/io/quarkus/http/quarkus-http-http-core/3.1.0.Final/quarkus-http-http-core-3.1.0.Final.jar:/home/ubuntu/.m2/repository/io/quarkus/http/quarkus-http-core/3.1.0.Final/quarkus-http-core-3.1.0.Final.jar:/home/ubuntu/.m2/repository/io/netty/netty-codec-http/4.1.49.Final/netty-codec-http-4.1.49.Final.jar:/home/ubuntu/.m2/repository/org/eclipse/microprofile/context-propagation/microprofile-context-propagation-api/1.0.1/microprofile-context-propagation-api-1.0.1.jar:/home/ubuntu/.m2/repository/io/quarkus/quarkus-agroal/1.13.2.Final/quarkus-agroal-1.13.2.Final.jar:/home/ubuntu/.m2/repository/io/quarkus/quarkus-datasource/1.13.2.Final/quarkus-datasource-1.13.2.Final.jar:/home/ubuntu/.m2/repository/io/quarkus/quarkus-narayana-jta/1.13.2.Final/quarkus-narayana-jta-1.13.2.Final.jar:/home/ubuntu/.m2/repository/io/quarkus/quarkus-mutiny/1.13.2.Final/quarkus-mutiny-1.13.2.Final.jar:/home/ubuntu/.m2/repository/io/quarkus/quarkus-smallrye-context-propagation/1.13.2.Final/quarkus-smallrye-context-propagation-1.13.2.Final.jar:/home/ubuntu/.m2/repository/io/smallrye/smallrye-context-propagation/1.1.0/smallrye-context-propagation-1.1.0.jar:/home/ubuntu/.m2/repository/io/smallrye/smallrye-context-propagation-api/1.1.0/smallrye-context-propagation-api-1.1.0.jar:/home/ubuntu/.m2/repository/io/smallrye/smallrye-context-propagation-storage/1.1.0/smallrye-context-propagation-storage-1.1.0.jar:/home/ubuntu/.m2/repository/io/smallrye/reactive/mutiny-smallrye-context-propagation/0.14.0/mutiny-smallrye-context-propagation-0.14.0.jar:/home/ubuntu/.m2/repository/io/smallrye/smallrye-context-propagation-jta/1.1.0/smallrye-context-propagation-jta-1.1.0.jar:/home/ubuntu/.m2/repository/io/smallrye/reactive/smallrye-reactive-converter-api/1.4.0/smallrye-reactive-converter-api-1.4.0.jar:/home/ubuntu/.m2/repository/io/smallrye/reactive/smallrye-reactive-converter-mutiny/1.4.0/smallrye-reactive-converter-mutiny-1.4.0.jar:/home/ubuntu/.m2/repository/org/jboss/narayana/jta/narayana-jta/5.10.6.Final/narayana-jta-5.10.6.Final.jar:/home/ubuntu/.m2/repository/org/jboss/jboss-transaction-spi/7.6.0.Final/jboss-transaction-spi-7.6.0.Final.jar:/home/ubuntu/.m2/repository/org/jboss/spec/javax/resource/jboss-connector-api_1.7_spec/1.0.0.Final/jboss-connector-api_1.7_spec-1.0.0.Final.jar:/home/ubuntu/.m2/repository/org/jboss/narayana/jts/narayana-jts-integration/5.10.6.Final/narayana-jts-integration-5.10.6.Final.jar:/home/ubuntu/.m2/repository/jakarta/transaction/jakarta.transaction-api/1.3.3/jakarta.transaction-api-1.3.3.jar:/home/ubuntu/.m2/repository/io/agroal/agroal-api/1.11/agroal-api-1.11.jar:/home/ubuntu/.m2/repository/io/agroal/agroal-narayana/1.11/agroal-narayana-1.11.jar:/home/ubuntu/.m2/repository/io/agroal/agroal-pool/1.11/agroal-pool-1.11.jar:/home/ubuntu/.m2/repository/io/quarkus/quarkus-credentials/1.13.2.Final/quarkus-credentials-1.13.2.Final.jar:/home/ubuntu/.m2/repository/io/quarkus/quarkus-resteasy-jsonb/1.13.2.Final/quarkus-resteasy-jsonb-1.13.2.Final.jar:/home/ubuntu/.m2/repository/io/quarkus/quarkus-resteasy/1.13.2.Final/quarkus-resteasy-1.13.2.Final.jar:/home/ubuntu/.m2/repository/io/quarkus/quarkus-resteasy-server-common/1.13.2.Final/quarkus-resteasy-server-common-1.13.2.Final.jar:/home/ubuntu/.m2/repository/io/quarkus/quarkus-resteasy-common/1.13.2.Final/quarkus-resteasy-common-1.13.2.Final.jar:/home/ubuntu/.m2/repository/io/quarkus/quarkus-jsonb/1.13.2.Final/quarkus-jsonb-1.13.2.Final.jar:/home/ubuntu/.m2/repository/org/eclipse/yasson/1.0.8/yasson-1.0.8.jar:/home/ubuntu/.m2/repository/org/jboss/resteasy/resteasy-json-binding-provider/4.5.9.Final/resteasy-json-binding-provider-4.5.9.Final.jar:/home/ubuntu/.m2/repository/org/glassfish/jakarta.json/1.1.6/jakarta.json-1.1.6.jar:/home/ubuntu/.m2/repository/jakarta/json/bind/jakarta.json.bind-api/1.0.2/jakarta.json.bind-api-1.0.2.jar:/home/ubuntu/.m2/repository/org/jboss/resteasy/resteasy-json-p-provider/4.5.9.Final/resteasy-json-p-provider-4.5.9.Final.jar:/home/ubuntu/.m2/repository/commons-io/commons-io/2.8.0/commons-io-2.8.0.jar:/home/ubuntu/.m2/repository/io/quarkus/quarkus-hibernate-orm/1.13.2.Final/quarkus-hibernate-orm-1.13.2.Final.jar:/home/ubuntu/.m2/repository/org/hibernate/hibernate-core/5.4.29.Final/hibernate-core-5.4.29.Final.jar:/home/ubuntu/.m2/repository/net/bytebuddy/byte-buddy/1.10.21/byte-buddy-1.10.21.jar:/home/ubuntu/.m2/repository/antlr/antlr/2.7.7/antlr-2.7.7.jar:/home/ubuntu/.m2/repository/com/fasterxml/classmate/1.3.4/classmate-1.3.4.jar:/home/ubuntu/.m2/repository/org/dom4j/dom4j/2.1.3/dom4j-2.1.3.jar:/home/ubuntu/.m2/repository/org/hibernate/common/hibernate-commons-annotations/5.1.2.Final/hibernate-commons-annotations-5.1.2.Final.jar:/home/ubuntu/.m2/repository/org/hibernate/hibernate-graalvm/5.4.29.Final/hibernate-graalvm-5.4.29.Final.jar:/home/ubuntu/.m2/repository/org/glassfish/jaxb/jaxb-runtime/2.3.3-b02/jaxb-runtime-2.3.3-b02.jar:/home/ubuntu/.m2/repository/org/glassfish/jaxb/txw2/2.3.3-b02/txw2-2.3.3-b02.jar:/home/ubuntu/.m2/repository/com/sun/istack/istack-commons-runtime/3.0.10/istack-commons-runtime-3.0.10.jar:/home/ubuntu/.m2/repository/com/sun/activation/jakarta.activation/1.2.1/jakarta.activation-1.2.1.jar:/home/ubuntu/.m2/repository/org/jboss/spec/javax/xml/bind/jboss-jaxb-api_2.3_spec/2.0.0.Final/jboss-jaxb-api_2.3_spec-2.0.0.Final.jar:/home/ubuntu/.m2/repository/jakarta/persistence/jakarta.persistence-api/2.2.3/jakarta.persistence-api-2.2.3.jar:/home/ubuntu/.m2/repository/org/hibernate/quarkus-local-cache/0.1.0/quarkus-local-cache-0.1.0.jar:/home/ubuntu/.m2/repository/com/github/ben-manes/caffeine/caffeine/2.9.0/caffeine-2.9.0.jar:/home/ubuntu/.m2/repository/com/google/errorprone/error_prone_annotations/2.2.0/error_prone_annotations-2.2.0.jar:/home/ubuntu/.m2/repository/io/quarkus/quarkus-caffeine/1.13.2.Final/quarkus-caffeine-1.13.2.Final.jar:/home/ubuntu/.m2/repository/org/bitbucket/b_c/jose4j/0.7.2/jose4j-0.7.2.jar:/home/ubuntu/.m2/repository/org/slf4j/slf4j-api/1.7.30/slf4j-api-1.7.30.jar:/home/ubuntu/.m2/repository/org/eclipse/microprofile/jwt/microprofile-jwt-auth-api/1.1.1/microprofile-jwt-auth-api-1.1.1.jar:/home/ubuntu/.m2/repository/io/jsonwebtoken/jjwt-api/0.10.7/jjwt-api-0.10.7.jar:/home/ubuntu/.m2/repository/io/jsonwebtoken/jjwt-impl/0.10.7/jjwt-impl-0.10.7.jar:/home/ubuntu/.m2/repository/io/jsonwebtoken/jjwt-jackson/0.10.7/jjwt-jackson-0.10.7.jar:/home/ubuntu/.m2/repository/com/fasterxml/jackson/core/jackson-databind/2.12.1/jackson-databind-2.12.1.jar:/home/ubuntu/.m2/repository/com/fasterxml/jackson/core/jackson-annotations/2.12.1/jackson-annotations-2.12.1.jar:/home/ubuntu/.m2/repository/com/fasterxml/jackson/core/jackson-core/2.12.1/jackson-core-2.12.1.jar:/home/ubuntu/.m2/repository/io/vavr/vavr/0.10.2/vavr-0.10.2.jar:/home/ubuntu/.m2/repository/io/vavr/vavr-match/0.10.2/vavr-match-0.10.2.jar:/home/ubuntu/.m2/repository/com/google/apis/google-api-services-sheets/v4-rev483-1.22.0/google-api-services-sheets-v4-rev483-1.22.0.jar:/home/ubuntu/.m2/repository/com/google/maps/google-maps-services/0.15.0/google-maps-services-0.15.0.jar:/home/ubuntu/.m2/repository/com/squareup/okhttp3/okhttp/3.14.9/okhttp-3.14.9.jar:/home/ubuntu/.m2/repository/com/squareup/okio/okio/1.17.2/okio-1.17.2.jar:/home/ubuntu/.m2/repository/com/google/code/gson/gson/2.8.6/gson-2.8.6.jar:/home/ubuntu/.m2/repository/io/opencensus/opencensus-api/0.25.0/opencensus-api-0.25.0.jar:/home/ubuntu/.m2/repository/io/grpc/grpc-context/1.34.0/grpc-context-1.34.0.jar:/home/ubuntu/.m2/repository/org/jboss/resteasy/resteasy-multipart-provider/4.5.9.Final/resteasy-multipart-provider-4.5.9.Final.jar:/home/ubuntu/.m2/repository/org/jboss/resteasy/resteasy-core-spi/4.5.9.Final/resteasy-core-spi-4.5.9.Final.jar:/home/ubuntu/.m2/repository/org/jboss/spec/javax/ws/rs/jboss-jaxrs-api_2.1_spec/2.0.1.Final/jboss-jaxrs-api_2.1_spec-2.0.1.Final.jar:/home/ubuntu/.m2/repository/org/reactivestreams/reactive-streams/1.0.3/reactive-streams-1.0.3.jar:/home/ubuntu/.m2/repository/jakarta/validation/jakarta.validation-api/2.0.2/jakarta.validation-api-2.0.2.jar:/home/ubuntu/.m2/repository/org/jboss/resteasy/resteasy-core/4.5.9.Final/resteasy-core-4.5.9.Final.jar:/home/ubuntu/.m2/repository/com/ibm/async/asyncutil/0.1.0/asyncutil-0.1.0.jar:/home/ubuntu/.m2/repository/org/jboss/resteasy/resteasy-client/4.5.9.Final/resteasy-client-4.5.9.Final.jar:/home/ubuntu/.m2/repository/org/jboss/resteasy/resteasy-client-api/4.5.9.Final/resteasy-client-api-4.5.9.Final.jar:/home/ubuntu/.m2/repository/org/jboss/resteasy/resteasy-jaxb-provider/4.5.9.Final/resteasy-jaxb-provider-4.5.9.Final.jar:/home/ubuntu/.m2/repository/com/sun/mail/jakarta.mail/1.6.4/jakarta.mail-1.6.4.jar:/home/ubuntu/.m2/repository/org/apache/james/apache-mime4j-dom/0.8.3/apache-mime4j-dom-0.8.3.jar:/home/ubuntu/.m2/repository/org/apache/james/apache-mime4j-core/0.8.3/apache-mime4j-core-0.8.3.jar:/home/ubuntu/.m2/repository/org/apache/james/apache-mime4j-storage/0.8.3/apache-mime4j-storage-0.8.3.jar:/home/ubuntu/.m2/repository/org/jboss/logging/jboss-logging/3.4.1.Final/jboss-logging-3.4.1.Final.jar:/home/ubuntu/.m2/repository/org/eclipse/microprofile/config/microprofile-config-api/1.4/microprofile-config-api-1.4.jar:/home/ubuntu/.m2/repository/com/google/apis/google-api-services-drive/v3-rev90-1.23.0/google-api-services-drive-v3-rev90-1.23.0.jar:/home/ubuntu/.m2/repository/com/google/api-client/google-api-client/1.23.0/google-api-client-1.23.0.jar:/home/ubuntu/.m2/repository/com/google/oauth-client/google-oauth-client/1.23.0/google-oauth-client-1.23.0.jar:/home/ubuntu/.m2/repository/com/google/http-client/google-http-client/1.38.0/google-http-client-1.38.0.jar:/home/ubuntu/.m2/repository/com/google/guava/guava/30.1-jre/guava-30.1-jre.jar:/home/ubuntu/.m2/repository/com/google/guava/failureaccess/1.0.1/failureaccess-1.0.1.jar:/home/ubuntu/.m2/repository/com/google/guava/listenablefuture/9999.0-empty-to-avoid-conflict-with-guava/listenablefuture-9999.0-empty-to-avoid-conflict-with-guava.jar:/home/ubuntu/.m2/repository/org/checkerframework/checker-qual/2.5.2/checker-qual-2.5.2.jar:/home/ubuntu/.m2/repository/com/google/j2objc/j2objc-annotations/1.3/j2objc-annotations-1.3.jar:/home/ubuntu/.m2/repository/io/opencensus/opencensus-contrib-http-util/0.24.0/opencensus-contrib-http-util-0.24.0.jar:/home/ubuntu/.m2/repository/com/google/code/findbugs/jsr305/1.3.9/jsr305-1.3.9.jar:/home/ubuntu/.m2/repository/com/google/http-client/google-http-client-jackson2/1.23.0/google-http-client-jackson2-1.23.0.jar:/home/ubuntu/.m2/repository/com/google/guava/guava-jdk5/17.0/guava-jdk5-17.0.jar:/home/ubuntu/.m2/repository/commons-validator/commons-validator/1.7/commons-validator-1.7.jar:/home/ubuntu/.m2/repository/commons-beanutils/commons-beanutils/1.9.4/commons-beanutils-1.9.4.jar:/home/ubuntu/.m2/repository/commons-digester/commons-digester/2.1/commons-digester-2.1.jar:/home/ubuntu/.m2/repository/commons-collections/commons-collections/3.2.2/commons-collections-3.2.2.jar:/home/ubuntu/.m2/repository/io/quarkus/quarkus-undertow-deployment/1.13.2.Final/quarkus-undertow-deployment-1.13.2.Final.jar:/home/ubuntu/.m2/repository/io/quarkus/http/quarkus-http-servlet/3.1.0.Final/quarkus-http-servlet-3.1.0.Final.jar:/home/ubuntu/.m2/repository/jakarta/servlet/jakarta.servlet-api/4.0.3/jakarta.servlet-api-4.0.3.jar:/home/ubuntu/.m2/repository/io/quarkus/quarkus-core-deployment/1.13.2.Final/quarkus-core-deployment-1.13.2.Final.jar:/home/ubuntu/.m2/repository/org/wildfly/common/wildfly-common/1.5.4.Final-format-001/wildfly-common-1.5.4.Final-format-001.jar:/home/ubuntu/.m2/repository/io/quarkus/gizmo/gizmo/1.0.7.Final/gizmo-1.0.7.Final.jar:/home/ubuntu/.m2/repository/org/ow2/asm/asm-util/9.1/asm-util-9.1.jar:/home/ubuntu/.m2/repository/org/jboss/jandex/2.2.3.Final/jandex-2.2.3.Final.jar:/home/ubuntu/.m2/repository/org/ow2/asm/asm/9.1/asm-9.1.jar:/home/ubuntu/.m2/repository/io/quarkus/quarkus-development-mode-spi/1.13.2.Final/quarkus-development-mode-spi-1.13.2.Final.jar:/home/ubuntu/.m2/repository/io/quarkus/quarkus-class-change-agent/1.13.2.Final/quarkus-class-change-agent-1.13.2.Final.jar:/home/ubuntu/.m2/repository/io/quarkus/quarkus-bootstrap-core/1.13.2.Final/quarkus-bootstrap-core-1.13.2.Final.jar:/home/ubuntu/.m2/repository/io/quarkus/quarkus-bootstrap-app-model/1.13.2.Final/quarkus-bootstrap-app-model-1.13.2.Final.jar:/home/ubuntu/.m2/repository/io/quarkus/quarkus-bootstrap-maven-resolver/1.13.2.Final/quarkus-bootstrap-maven-resolver-1.13.2.Final.jar:/home/ubuntu/.m2/repository/org/apache/maven/maven-embedder/3.6.3/maven-embedder-3.6.3.jar:/home/ubuntu/.m2/repository/org/apache/maven/maven-settings/3.6.3/maven-settings-3.6.3.jar:/home/ubuntu/.m2/repository/org/apache/maven/maven-core/3.6.3/maven-core-3.6.3.jar:/home/ubuntu/.m2/repository/org/apache/maven/maven-artifact/3.6.3/maven-artifact-3.6.3.jar:/home/ubuntu/.m2/repository/org/codehaus/plexus/plexus-component-annotations/2.1.0/plexus-component-annotations-2.1.0.jar:/home/ubuntu/.m2/repository/org/apache/maven/maven-plugin-api/3.6.3/maven-plugin-api-3.6.3.jar:/home/ubuntu/.m2/repository/org/apache/maven/maven-model/3.6.3/maven-model-3.6.3.jar:/home/ubuntu/.m2/repository/org/apache/maven/maven-model-builder/3.6.3/maven-model-builder-3.6.3.jar:/home/ubuntu/.m2/repository/org/apache/maven/maven-builder-support/3.6.3/maven-builder-support-3.6.3.jar:/home/ubuntu/.m2/repository/org/apache/maven/resolver/maven-resolver-api/1.4.1/maven-resolver-api-1.4.1.jar:/home/ubuntu/.m2/repository/org/apache/maven/resolver/maven-resolver-util/1.4.1/maven-resolver-util-1.4.1.jar:/home/ubuntu/.m2/repository/org/apache/maven/shared/maven-shared-utils/3.2.1/maven-shared-utils-3.2.1.jar:/home/ubuntu/.m2/repository/com/google/inject/guice/4.2.1/guice-4.2.1-no_aop.jar:/home/ubuntu/.m2/repository/org/codehaus/plexus/plexus-utils/3.2.1/plexus-utils-3.2.1.jar:/home/ubuntu/.m2/repository/org/codehaus/plexus/plexus-classworlds/2.6.0/plexus-classworlds-2.6.0.jar:/home/ubuntu/.m2/repository/commons-cli/commons-cli/1.4/commons-cli-1.4.jar:/home/ubuntu/.m2/repository/org/eclipse/sisu/org.eclipse.sisu.plexus/0.3.4/org.eclipse.sisu.plexus-0.3.4.jar:/home/ubuntu/.m2/repository/org/apache/maven/maven-settings-builder/3.6.3/maven-settings-builder-3.6.3.jar:/home/ubuntu/.m2/repository/org/codehaus/plexus/plexus-interpolation/1.25/plexus-interpolation-1.25.jar:/home/ubuntu/.m2/repository/org/sonatype/plexus/plexus-sec-dispatcher/1.4/plexus-sec-dispatcher-1.4.jar:/home/ubuntu/.m2/repository/org/sonatype/plexus/plexus-cipher/1.4/plexus-cipher-1.4.jar:/home/ubuntu/.m2/repository/org/apache/maven/maven-resolver-provider/3.6.3/maven-resolver-provider-3.6.3.jar:/home/ubuntu/.m2/repository/org/apache/maven/maven-repository-metadata/3.6.3/maven-repository-metadata-3.6.3.jar:/home/ubuntu/.m2/repository/org/apache/maven/resolver/maven-resolver-spi/1.4.1/maven-resolver-spi-1.4.1.jar:/home/ubuntu/.m2/repository/org/apache/maven/resolver/maven-resolver-impl/1.4.1/maven-resolver-impl-1.4.1.jar:/home/ubuntu/.m2/repository/org/apache/maven/resolver/maven-resolver-connector-basic/1.4.1/maven-resolver-connector-basic-1.4.1.jar:/home/ubuntu/.m2/repository/org/apache/maven/resolver/maven-resolver-transport-wagon/1.4.1/maven-resolver-transport-wagon-1.4.1.jar:/home/ubuntu/.m2/repository/org/apache/maven/wagon/wagon-http/3.3.4/wagon-http-3.3.4.jar:/home/ubuntu/.m2/repository/org/apache/maven/wagon/wagon-http-shared/3.3.4/wagon-http-shared-3.3.4.jar:/home/ubuntu/.m2/repository/org/jsoup/jsoup/1.12.1/jsoup-1.12.1.jar:/home/ubuntu/.m2/repository/org/apache/maven/wagon/wagon-provider-api/3.3.4/wagon-provider-api-3.3.4.jar:/home/ubuntu/.m2/repository/org/apache/maven/wagon/wagon-file/3.3.4/wagon-file-3.3.4.jar:/home/ubuntu/.m2/repository/io/quarkus/quarkus-bootstrap-gradle-resolver/1.13.2.Final/quarkus-bootstrap-gradle-resolver-1.13.2.Final.jar:/home/ubuntu/.m2/repository/io/smallrye/common/smallrye-common-io/1.5.0/smallrye-common-io-1.5.0.jar:/home/ubuntu/.m2/repository/org/eclipse/sisu/org.eclipse.sisu.inject/0.3.4/org.eclipse.sisu.inject-0.3.4.jar:/home/ubuntu/.m2/repository/io/quarkus/quarkus-builder/1.13.2.Final/quarkus-builder-1.13.2.Final.jar:/home/ubuntu/.m2/repository/org/graalvm/sdk/graal-sdk/21.0.0/graal-sdk-21.0.0.jar:/home/ubuntu/.m2/repository/io/quarkus/quarkus-undertow-spi/1.13.2.Final/quarkus-undertow-spi-1.13.2.Final.jar:/home/ubuntu/.m2/repository/io/quarkus/quarkus-vertx-http-deployment/1.13.2.Final/quarkus-vertx-http-deployment-1.13.2.Final.jar:/home/ubuntu/.m2/repository/io/quarkus/quarkus-vertx-core-deployment/1.13.2.Final/quarkus-vertx-core-deployment-1.13.2.Final.jar:/home/ubuntu/.m2/repository/io/quarkus/qute/qute-core/1.13.2.Final/qute-core-1.13.2.Final.jar:/home/ubuntu/.m2/repository/org/yaml/snakeyaml/1.28/snakeyaml-1.28.jar:/home/ubuntu/.m2/repository/io/quarkus/quarkus-kubernetes-spi/1.13.2.Final/quarkus-kubernetes-spi-1.13.2.Final.jar:/home/ubuntu/.m2/repository/org/jboss/metadata/jboss-metadata-web/11.0.0.Final/jboss-metadata-web-11.0.0.Final.jar:/home/ubuntu/.m2/repository/org/jboss/metadata/jboss-metadata-common/11.0.0.Final/jboss-metadata-common-11.0.0.Final.jar:/home/ubuntu/.m2/repository/io/quarkus/quarkus-arc-deployment/1.13.2.Final/quarkus-arc-deployment-1.13.2.Final.jar:/home/ubuntu/.m2/repository/io/quarkus/quarkus-vertx-http-dev-console-spi/1.13.2.Final/quarkus-vertx-http-dev-console-spi-1.13.2.Final.jar:/home/ubuntu/.m2/repository/io/quarkus/quarkus-vertx-http-dev-console-runtime-spi/1.13.2.Final/quarkus-vertx-http-dev-console-runtime-spi-1.13.2.Final.jar:/home/ubuntu/.m2/repository/io/quarkus/arc/arc/1.13.2.Final/arc-1.13.2.Final.jar:/home/ubuntu/.m2/repository/io/vertx/vertx-web/3.9.6/vertx-web-3.9.6.jar:/home/ubuntu/.m2/repository/io/vertx/vertx-web-common/3.9.6/vertx-web-common-3.9.6.jar:/home/ubuntu/.m2/repository/io/vertx/vertx-auth-common/3.9.6/vertx-auth-common-3.9.6.jar:/home/ubuntu/.m2/repository/io/vertx/vertx-bridge-common/3.9.6/vertx-bridge-common-3.9.6.jar:/home/ubuntu/.m2/repository/io/quarkus/quarkus-arc/1.13.2.Final/quarkus-arc-1.13.2.Final.jar:/home/ubuntu/.m2/repository/io/quarkus/arc/arc-processor/1.13.2.Final/arc-processor-1.13.2.Final.jar:/home/ubuntu/.m2/repository/io/quarkus/quarkus-elytron-security-common-deployment/1.13.2.Final/quarkus-elytron-security-common-deployment-1.13.2.Final.jar:/home/ubuntu/.m2/repository/io/quarkus/quarkus-elytron-security-common/1.13.2.Final/quarkus-elytron-security-common-1.13.2.Final.jar:/home/ubuntu/.m2/repository/org/wildfly/security/wildfly-elytron-credential/1.15.1.Final/wildfly-elytron-credential-1.15.1.Final.jar:/home/ubuntu/.m2/repository/org/wildfly/security/wildfly-elytron-asn1/1.15.1.Final/wildfly-elytron-asn1-1.15.1.Final.jar:/home/ubuntu/.m2/repository/org/wildfly/security/wildfly-elytron-keystore/1.15.1.Final/wildfly-elytron-keystore-1.15.1.Final.jar:/home/ubuntu/.m2/repository/org/wildfly/security/wildfly-elytron-provider-util/1.15.1.Final/wildfly-elytron-provider-util-1.15.1.Final.jar:/home/ubuntu/.m2/repository/org/wildfly/security/wildfly-elytron-x500/1.15.1.Final/wildfly-elytron-x500-1.15.1.Final.jar:/home/ubuntu/.m2/repository/org/wildfly/security/wildfly-elytron-password-impl/1.15.1.Final/wildfly-elytron-password-impl-1.15.1.Final.jar:/home/ubuntu/.m2/repository/io/quarkus/quarkus-agroal-deployment/1.13.2.Final/quarkus-agroal-deployment-1.13.2.Final.jar:/home/ubuntu/.m2/repository/io/quarkus/quarkus-datasource-deployment/1.13.2.Final/quarkus-datasource-deployment-1.13.2.Final.jar:/home/ubuntu/.m2/repository/io/quarkus/quarkus-agroal-spi/1.13.2.Final/quarkus-agroal-spi-1.13.2.Final.jar:/home/ubuntu/.m2/repository/io/quarkus/quarkus-datasource-common/1.13.2.Final/quarkus-datasource-common-1.13.2.Final.jar:/home/ubuntu/.m2/repository/io/quarkus/quarkus-narayana-jta-deployment/1.13.2.Final/quarkus-narayana-jta-deployment-1.13.2.Final.jar:/home/ubuntu/.m2/repository/io/quarkus/quarkus-mutiny-deployment/1.13.2.Final/quarkus-mutiny-deployment-1.13.2.Final.jar:/home/ubuntu/.m2/repository/io/quarkus/quarkus-smallrye-context-propagation-deployment/1.13.2.Final/quarkus-smallrye-context-propagation-deployment-1.13.2.Final.jar:/home/ubuntu/.m2/repository/io/quarkus/quarkus-credentials-deployment/1.13.2.Final/quarkus-credentials-deployment-1.13.2.Final.jar:/home/ubuntu/.m2/repository/io/quarkus/quarkus-smallrye-health-spi/1.13.2.Final/quarkus-smallrye-health-spi-1.13.2.Final.jar:/home/ubuntu/.m2/repository/io/quarkus/quarkus-resteasy-jsonb-deployment/1.13.2.Final/quarkus-resteasy-jsonb-deployment-1.13.2.Final.jar:/home/ubuntu/.m2/repository/io/quarkus/quarkus-resteasy-deployment/1.13.2.Final/quarkus-resteasy-deployment-1.13.2.Final.jar:/home/ubuntu/.m2/repository/io/quarkus/quarkus-resteasy-server-common-deployment/1.13.2.Final/quarkus-resteasy-server-common-deployment-1.13.2.Final.jar:/home/ubuntu/.m2/repository/io/quarkus/quarkus-resteasy-common-deployment/1.13.2.Final/quarkus-resteasy-common-deployment-1.13.2.Final.jar:/home/ubuntu/.m2/repository/io/quarkus/quarkus-resteasy-common-spi/1.13.2.Final/quarkus-resteasy-common-spi-1.13.2.Final.jar:/home/ubuntu/.m2/repository/io/quarkus/quarkus-resteasy-server-common-spi/1.13.2.Final/quarkus-resteasy-server-common-spi-1.13.2.Final.jar:/home/ubuntu/.m2/repository/io/quarkus/quarkus-security-spi/1.13.2.Final/quarkus-security-spi-1.13.2.Final.jar:/home/ubuntu/.m2/repository/io/quarkus/quarkus-jsonb-deployment/1.13.2.Final/quarkus-jsonb-deployment-1.13.2.Final.jar:/home/ubuntu/.m2/repository/io/quarkus/quarkus-jsonb-spi/1.13.2.Final/quarkus-jsonb-spi-1.13.2.Final.jar:/home/ubuntu/.m2/repository/io/quarkus/quarkus-jdbc-mysql-deployment/1.13.2.Final/quarkus-jdbc-mysql-deployment-1.13.2.Final.jar:/home/ubuntu/.m2/repository/io/quarkus/quarkus-datasource-deployment-spi/1.13.2.Final/quarkus-datasource-deployment-spi-1.13.2.Final.jar:/home/ubuntu/.m2/repository/io/quarkus/quarkus-jdbc-mysql/1.13.2.Final/quarkus-jdbc-mysql-1.13.2.Final.jar:/home/ubuntu/.m2/repository/mysql/mysql-connector-java/8.0.23/mysql-connector-java-8.0.23.jar:/home/ubuntu/.m2/repository/io/quarkus/quarkus-devservices-mysql/1.13.2.Final/quarkus-devservices-mysql-1.13.2.Final.jar:/home/ubuntu/.m2/repository/org/testcontainers/mysql/1.15.2/mysql-1.15.2.jar:/home/ubuntu/.m2/repository/org/testcontainers/jdbc/1.15.2/jdbc-1.15.2.jar:/home/ubuntu/.m2/repository/org/testcontainers/database-commons/1.15.2/database-commons-1.15.2.jar:/home/ubuntu/.m2/repository/io/quarkus/quarkus-container-image-docker-deployment/1.13.2.Final/quarkus-container-image-docker-deployment-1.13.2.Final.jar:/home/ubuntu/.m2/repository/io/quarkus/quarkus-container-image-docker/1.13.2.Final/quarkus-container-image-docker-1.13.2.Final.jar:/home/ubuntu/.m2/repository/io/quarkus/quarkus-container-image/1.13.2.Final/quarkus-container-image-1.13.2.Final.jar:/home/ubuntu/.m2/repository/io/quarkus/quarkus-container-image-deployment/1.13.2.Final/quarkus-container-image-deployment-1.13.2.Final.jar:/home/ubuntu/.m2/repository/io/quarkus/quarkus-container-image-spi/1.13.2.Final/quarkus-container-image-spi-1.13.2.Final.jar:/home/ubuntu/.m2/repository/io/quarkus/quarkus-container-image-util/1.13.2.Final/quarkus-container-image-util-1.13.2.Final.jar:/home/ubuntu/.m2/repository/io/quarkus/quarkus-hibernate-orm-deployment/1.13.2.Final/quarkus-hibernate-orm-deployment-1.13.2.Final.jar:/home/ubuntu/.m2/repository/io/quarkus/quarkus-caffeine-deployment/1.13.2.Final/quarkus-caffeine-deployment-1.13.2.Final.jar:/home/ubuntu/.m2/repository/io/quarkus/quarkus-panache-hibernate-common-deployment/1.13.2.Final/quarkus-panache-hibernate-common-deployment-1.13.2.Final.jar:/home/ubuntu/.m2/repository/io/quarkus/quarkus-panache-hibernate-common/1.13.2.Final/quarkus-panache-hibernate-common-1.13.2.Final.jar:/home/ubuntu/.m2/repository/io/quarkus/quarkus-panache-common-deployment/1.13.2.Final/quarkus-panache-common-deployment-1.13.2.Final.jar:/home/ubuntu/.m2/repository/io/quarkus/quarkus-hibernate-orm-rest-data-panache-deployment/1.13.2.Final/quarkus-hibernate-orm-rest-data-panache-deployment-1.13.2.Final.jar:/home/ubuntu/.m2/repository/io/quarkus/quarkus-rest-data-panache-deployment/1.13.2.Final/quarkus-rest-data-panache-deployment-1.13.2.Final.jar:/home/ubuntu/.m2/repository/io/quarkus/quarkus-rest-data-panache/1.13.2.Final/quarkus-rest-data-panache-1.13.2.Final.jar:/home/ubuntu/.m2/repository/org/jboss/resteasy/resteasy-links/4.5.9.Final/resteasy-links-4.5.9.Final.jar:/home/ubuntu/.m2/repository/org/jboss/spec/javax/el/jboss-el-api_3.0_spec/2.0.0.Final/jboss-el-api_3.0_spec-2.0.0.Final.jar:/home/ubuntu/.m2/repository/org/jboss/resteasy/resteasy-jackson2-provider/4.5.9.Final/resteasy-jackson2-provider-4.5.9.Final.jar:/home/ubuntu/.m2/repository/com/fasterxml/jackson/jaxrs/jackson-jaxrs-json-provider/2.12.1/jackson-jaxrs-json-provider-2.12.1.jar:/home/ubuntu/.m2/repository/com/fasterxml/jackson/jaxrs/jackson-jaxrs-base/2.12.1/jackson-jaxrs-base-2.12.1.jar:/home/ubuntu/.m2/repository/com/fasterxml/jackson/module/jackson-module-jaxb-annotations/2.12.1/jackson-module-jaxb-annotations-2.12.1.jar:/home/ubuntu/.m2/repository/com/github/java-json-tools/json-patch/1.13/json-patch-1.13.jar:/home/ubuntu/.m2/repository/com/github/java-json-tools/msg-simple/1.2/msg-simple-1.2.jar:/home/ubuntu/.m2/repository/com/github/java-json-tools/btf/1.3/btf-1.3.jar:/home/ubuntu/.m2/repository/com/github/java-json-tools/jackson-coreutils/2.0/jackson-coreutils-2.0.jar:/home/ubuntu/.m2/repository/io/quarkus/quarkus-panache-common/1.13.2.Final/quarkus-panache-common-1.13.2.Final.jar:/home/ubuntu/.m2/repository/io/quarkus/quarkus-jackson-spi/1.13.2.Final/quarkus-jackson-spi-1.13.2.Final.jar:/home/ubuntu/.m2/repository/io/quarkus/quarkus-hibernate-orm-rest-data-panache/1.13.2.Final/quarkus-hibernate-orm-rest-data-panache-1.13.2.Final.jar:/home/ubuntu/.m2/repository/io/quarkus/quarkus-hibernate-orm-panache/1.13.2.Final/quarkus-hibernate-orm-panache-1.13.2.Final.jar:/home/ubuntu/.m2/repository/io/quarkus/quarkus-hibernate-orm-panache-common/1.13.2.Final/quarkus-hibernate-orm-panache-common-1.13.2.Final.jar:/home/ubuntu/.m2/repository/io/quarkus/quarkus-hibernate-orm-panache-deployment/1.13.2.Final/quarkus-hibernate-orm-panache-deployment-1.13.2.Final.jar:/home/ubuntu/.m2/repository/io/quarkus/quarkus-hibernate-orm-panache-common-deployment/1.13.2.Final/quarkus-hibernate-orm-panache-common-deployment-1.13.2.Final.jar:/home/ubuntu/.m2/repository/org/ow2/asm/asm-tree/9.1/asm-tree-9.1.jar:/home/ubuntu/.m2/repository/org/ow2/asm/asm-analysis/9.1/asm-analysis-9.1.jar:/home/ubuntu/.m2/repository/io/quarkus/quarkus-infinispan-client-deployment/1.13.2.Final/quarkus-infinispan-client-deployment-1.13.2.Final.jar:/home/ubuntu/.m2/repository/io/quarkus/quarkus-infinispan-client/1.13.2.Final/quarkus-infinispan-client-1.13.2.Final.jar:/home/ubuntu/.m2/repository/io/quarkus/quarkus-netty/1.13.2.Final/quarkus-netty-1.13.2.Final.jar:/home/ubuntu/.m2/repository/io/netty/netty-codec/4.1.49.Final/netty-codec-4.1.49.Final.jar:/home/ubuntu/.m2/repository/io/netty/netty-handler/4.1.49.Final/netty-handler-4.1.49.Final.jar:/home/ubuntu/.m2/repository/io/quarkus/quarkus-jsonp/1.13.2.Final/quarkus-jsonp-1.13.2.Final.jar:/home/ubuntu/.m2/repository/org/wildfly/security/wildfly-elytron-sasl-plain/1.15.1.Final/wildfly-elytron-sasl-plain-1.15.1.Final.jar:/home/ubuntu/.m2/repository/org/wildfly/security/wildfly-elytron-auth-server/1.15.1.Final/wildfly-elytron-auth-server-1.15.1.Final.jar:/home/ubuntu/.m2/repository/org/wildfly/security/wildfly-elytron-auth/1.15.1.Final/wildfly-elytron-auth-1.15.1.Final.jar:/home/ubuntu/.m2/repository/org/wildfly/security/wildfly-elytron-base/1.15.1.Final/wildfly-elytron-base-1.15.1.Final.jar:/home/ubuntu/.m2/repository/org/wildfly/security/wildfly-elytron-permission/1.15.1.Final/wildfly-elytron-permission-1.15.1.Final.jar:/home/ubuntu/.m2/repository/org/wildfly/security/wildfly-elytron-sasl/1.15.1.Final/wildfly-elytron-sasl-1.15.1.Final.jar:/home/ubuntu/.m2/repository/org/wildfly/security/wildfly-elytron-ssl/1.15.1.Final/wildfly-elytron-ssl-1.15.1.Final.jar:/home/ubuntu/.m2/repository/org/wildfly/security/wildfly-elytron-mechanism/1.15.1.Final/wildfly-elytron-mechanism-1.15.1.Final.jar:/home/ubuntu/.m2/repository/org/wildfly/security/wildfly-elytron-http/1.15.1.Final/wildfly-elytron-http-1.15.1.Final.jar:/home/ubuntu/.m2/repository/org/wildfly/security/wildfly-elytron-sasl-digest/1.15.1.Final/wildfly-elytron-sasl-digest-1.15.1.Final.jar:/home/ubuntu/.m2/repository/org/wildfly/security/wildfly-elytron-mechanism-digest/1.15.1.Final/wildfly-elytron-mechanism-digest-1.15.1.Final.jar:/home/ubuntu/.m2/repository/org/wildfly/security/wildfly-elytron-util/1.15.1.Final/wildfly-elytron-util-1.15.1.Final.jar:/home/ubuntu/.m2/repository/org/wildfly/security/wildfly-elytron-sasl-external/1.15.1.Final/wildfly-elytron-sasl-external-1.15.1.Final.jar:/home/ubuntu/.m2/repository/org/wildfly/security/wildfly-elytron-sasl-oauth2/1.15.1.Final/wildfly-elytron-sasl-oauth2-1.15.1.Final.jar:/home/ubuntu/.m2/repository/org/wildfly/security/wildfly-elytron-mechanism-oauth2/1.15.1.Final/wildfly-elytron-mechanism-oauth2-1.15.1.Final.jar:/home/ubuntu/.m2/repository/org/wildfly/security/wildfly-elytron-sasl-scram/1.15.1.Final/wildfly-elytron-sasl-scram-1.15.1.Final.jar:/home/ubuntu/.m2/repository/org/wildfly/security/wildfly-elytron-mechanism-scram/1.15.1.Final/wildfly-elytron-mechanism-scram-1.15.1.Final.jar:/home/ubuntu/.m2/repository/org/infinispan/infinispan-client-hotrod/12.0.1.Final/infinispan-client-hotrod-12.0.1.Final.jar:/home/ubuntu/.m2/repository/org/infinispan/infinispan-commons/12.0.1.Final/infinispan-commons-12.0.1.Final.jar:/home/ubuntu/.m2/repository/org/wildfly/security/wildfly-elytron-sasl-gs2/1.15.1.Final/wildfly-elytron-sasl-gs2-1.15.1.Final.jar:/home/ubuntu/.m2/repository/org/wildfly/security/wildfly-elytron-mechanism-gssapi/1.15.1.Final/wildfly-elytron-mechanism-gssapi-1.15.1.Final.jar:/home/ubuntu/.m2/repository/org/wildfly/security/wildfly-elytron-security-manager-action/1.15.1.Final/wildfly-elytron-security-manager-action-1.15.1.Final.jar:/home/ubuntu/.m2/repository/org/wildfly/security/wildfly-elytron-sasl-gssapi/1.15.1.Final/wildfly-elytron-sasl-gssapi-1.15.1.Final.jar:/home/ubuntu/.m2/repository/io/reactivex/rxjava3/rxjava/3.0.4/rxjava-3.0.4.jar:/home/ubuntu/.m2/repository/io/netty/netty-transport-native-epoll/4.1.49.Final/netty-transport-native-epoll-4.1.49.Final-linux-x86_64.jar:/home/ubuntu/.m2/repository/io/netty/netty-transport-native-unix-common/4.1.49.Final/netty-transport-native-unix-common-4.1.49.Final.jar:/home/ubuntu/.m2/repository/org/infinispan/infinispan-remote-query-client/12.0.1.Final/infinispan-remote-query-client-12.0.1.Final.jar:/home/ubuntu/.m2/repository/org/infinispan/protostream/protostream/4.4.0.Alpha4/protostream-4.4.0.Alpha4.jar:/home/ubuntu/.m2/repository/org/infinispan/infinispan-query-dsl/12.0.1.Final/infinispan-query-dsl-12.0.1.Final.jar:/home/ubuntu/.m2/repository/org/infinispan/protostream/protostream-processor/4.4.0.Alpha4/protostream-processor-4.4.0.Alpha4.jar:/home/ubuntu/.m2/repository/io/quarkus/quarkus-netty-deployment/1.13.2.Final/quarkus-netty-deployment-1.13.2.Final.jar:/home/ubuntu/.m2/repository/io/quarkus/quarkus-jsonp-deployment/1.13.2.Final/quarkus-jsonp-deployment-1.13.2.Final.jar:/home/ubuntu/.m2/repository/org/apache/commons/commons-lang3/3.10/commons-lang3-3.10.jar:/home/ubuntu/.m2/repository/org/apache/httpcomponents/httpclient/4.5.13/httpclient-4.5.13.jar:/home/ubuntu/.m2/repository/org/apache/httpcomponents/httpcore/4.4.14/httpcore-4.4.14.jar:/home/ubuntu/.m2/repository/commons-logging/commons-logging/1.2/commons-logging-1.2.jar:/home/ubuntu/.m2/repository/commons-codec/commons-codec/1.14/commons-codec-1.14.jar:/home/ubuntu/.m2/repository/io/quarkus/quarkus-keycloak-authorization-deployment/1.13.2.Final/quarkus-keycloak-authorization-deployment-1.13.2.Final.jar:/home/ubuntu/.m2/repository/io/quarkus/quarkus-oidc-deployment/1.13.2.Final/quarkus-oidc-deployment-1.13.2.Final.jar:/home/ubuntu/.m2/repository/io/quarkus/quarkus-oidc-common-deployment/1.13.2.Final/quarkus-oidc-common-deployment-1.13.2.Final.jar:/home/ubuntu/.m2/repository/io/quarkus/quarkus-smallrye-jwt-build-deployment/1.13.2.Final/quarkus-smallrye-jwt-build-deployment-1.13.2.Final.jar:/home/ubuntu/.m2/repository/io/quarkus/quarkus-jackson-deployment/1.13.2.Final/quarkus-jackson-deployment-1.13.2.Final.jar:/home/ubuntu/.m2/repository/io/quarkus/quarkus-security-deployment/1.13.2.Final/quarkus-security-deployment-1.13.2.Final.jar:/home/ubuntu/.m2/repository/io/quarkus/quarkus-keycloak-authorization/1.13.2.Final/quarkus-keycloak-authorization-1.13.2.Final.jar:/home/ubuntu/.m2/repository/org/keycloak/keycloak-adapter-core/12.0.4/keycloak-adapter-core-12.0.4.jar:/home/ubuntu/.m2/repository/org/keycloak/keycloak-core/12.0.4/keycloak-core-12.0.4.jar:/home/ubuntu/.m2/repository/org/keycloak/keycloak-common/12.0.4/keycloak-common-12.0.4.jar:/home/ubuntu/.m2/repository/org/bouncycastle/bcprov-jdk15on/1.68/bcprov-jdk15on-1.68.jar:/home/ubuntu/.m2/repository/org/bouncycastle/bcpkix-jdk15on/1.68/bcpkix-jdk15on-1.68.jar:/home/ubuntu/.m2/repository/org/keycloak/keycloak-adapter-spi/12.0.4/keycloak-adapter-spi-12.0.4.jar:/home/ubuntu/.m2/repository/org/keycloak/keycloak-authz-client/12.0.4/keycloak-authz-client-12.0.4.jar:/home/ubuntu/.m2/repository/org/jboss/logging/commons-logging-jboss-logging/1.0.0.Final/commons-logging-jboss-logging-1.0.0.Final.jar:/home/ubuntu/.m2/repository/io/quarkus/quarkus-junit5-internal/1.13.2.Final/quarkus-junit5-internal-1.13.2.Final.jar:/home/ubuntu/.m2/repository/org/jboss/shrinkwrap/shrinkwrap-api/1.2.6/shrinkwrap-api-1.2.6.jar:/home/ubuntu/.m2/repository/org/jboss/shrinkwrap/shrinkwrap-spi/1.2.6/shrinkwrap-spi-1.2.6.jar:/home/ubuntu/.m2/repository/org/jboss/shrinkwrap/shrinkwrap-impl-base/1.2.6/shrinkwrap-impl-base-1.2.6.jar:/home/ubuntu/.m2/repository/org/junit/jupiter/junit-jupiter-api/5.7.1/junit-jupiter-api-5.7.1.jar:/home/ubuntu/.m2/repository/org/apiguardian/apiguardian-api/1.1.0/apiguardian-api-1.1.0.jar:/home/ubuntu/.m2/repository/org/opentest4j/opentest4j/1.2.0/opentest4j-1.2.0.jar:/home/ubuntu/.m2/repository/org/junit/platform/junit-platform-commons/1.7.1/junit-platform-commons-1.7.1.jar:/home/ubuntu/.m2/repository/org/junit/jupiter/junit-jupiter-params/5.7.1/junit-jupiter-params-5.7.1.jar:/home/ubuntu/.m2/repository/org/junit/jupiter/junit-jupiter-engine/5.7.1/junit-jupiter-engine-5.7.1.jar:/home/ubuntu/.m2/repository/org/junit/platform/junit-platform-engine/1.7.1/junit-platform-engine-1.7.1.jar:/home/ubuntu/.m2/repository/io/quarkus/quarkus-core/1.13.2.Final/quarkus-core-1.13.2.Final.jar:/home/ubuntu/.m2/repository/jakarta/inject/jakarta.inject-api/1.0/jakarta.inject-api-1.0.jar:/home/ubuntu/.m2/repository/io/quarkus/quarkus-ide-launcher/1.13.2.Final/quarkus-ide-launcher-1.13.2.Final.jar:/home/ubuntu/.m2/repository/io/smallrye/config/smallrye-config/1.11.1/smallrye-config-1.11.1.jar:/home/ubuntu/.m2/repository/io/smallrye/common/smallrye-common-annotation/1.5.0/smallrye-common-annotation-1.5.0.jar:/home/ubuntu/.m2/repository/io/smallrye/common/smallrye-common-expression/1.5.0/smallrye-common-expression-1.5.0.jar:/home/ubuntu/.m2/repository/io/smallrye/common/smallrye-common-function/1.5.0/smallrye-common-function-1.5.0.jar:/home/ubuntu/.m2/repository/io/smallrye/common/smallrye-common-constraint/1.5.0/smallrye-common-constraint-1.5.0.jar:/home/ubuntu/.m2/repository/io/smallrye/common/smallrye-common-classloader/1.5.0/smallrye-common-classloader-1.5.0.jar:/home/ubuntu/.m2/repository/io/smallrye/config/smallrye-config-common/1.11.1/smallrye-config-common-1.11.1.jar:/home/ubuntu/.m2/repository/org/jboss/logmanager/jboss-logmanager-embedded/1.0.9/jboss-logmanager-embedded-1.0.9.jar:/home/ubuntu/.m2/repository/org/jboss/logging/jboss-logging-annotations/2.2.0.Final/jboss-logging-annotations-2.2.0.Final.jar:/home/ubuntu/.m2/repository/org/jboss/threads/jboss-threads/3.2.0.Final/jboss-threads-3.2.0.Final.jar:/home/ubuntu/.m2/repository/org/jboss/slf4j/slf4j-jboss-logmanager/1.1.0.Final/slf4j-jboss-logmanager-1.1.0.Final.jar:/home/ubuntu/.m2/repository/io/quarkus/quarkus-bootstrap-runner/1.13.2.Final/quarkus-bootstrap-runner-1.13.2.Final.jar:/home/ubuntu/.m2/repository/io/quarkus/quarkus-test-common/1.13.2.Final/quarkus-test-common-1.13.2.Final.jar:/home/ubuntu/.m2/repository/jakarta/enterprise/jakarta.enterprise.cdi-api/2.0.2/jakarta.enterprise.cdi-api-2.0.2.jar:/home/ubuntu/.m2/repository/jakarta/el/jakarta.el-api/3.0.3/jakarta.el-api-3.0.3.jar:/home/ubuntu/.m2/repository/jakarta/interceptor/jakarta.interceptor-api/1.2.5/jakarta.interceptor-api-1.2.5.jar:/home/ubuntu/.m2/repository/io/quarkus/quarkus-devtools-utilities/1.13.2.Final/quarkus-devtools-utilities-1.13.2.Final.jar:/home/ubuntu/.m2/repository/io/rest-assured/rest-assured/4.3.3/rest-assured-4.3.3.jar:/home/ubuntu/.m2/repository/org/codehaus/groovy/groovy/3.0.7/groovy-3.0.7.jar:/home/ubuntu/.m2/repository/org/codehaus/groovy/groovy-xml/3.0.7/groovy-xml-3.0.7.jar:/home/ubuntu/.m2/repository/org/apache/httpcomponents/httpmime/4.5.13/httpmime-4.5.13.jar:/home/ubuntu/.m2/repository/org/hamcrest/hamcrest/2.1/hamcrest-2.1.jar:/home/ubuntu/.m2/repository/org/ccil/cowan/tagsoup/tagsoup/1.2.1/tagsoup-1.2.1.jar:/home/ubuntu/.m2/repository/io/rest-assured/json-path/4.3.3/json-path-4.3.3.jar:/home/ubuntu/.m2/repository/org/codehaus/groovy/groovy-json/3.0.7/groovy-json-3.0.7.jar:/home/ubuntu/.m2/repository/io/rest-assured/rest-assured-common/4.3.3/rest-assured-common-4.3.3.jar:/home/ubuntu/.m2/repository/io/rest-assured/xml-path/4.3.3/xml-path-4.3.3.jar:/home/ubuntu/.m2/repository/jakarta/xml/bind/jakarta.xml.bind-api/2.3.3/jakarta.xml.bind-api-2.3.3.jar:/home/ubuntu/.m2/repository/jakarta/activation/jakarta.activation-api/1.2.1/jakarta.activation-api-1.2.1.jar:/home/ubuntu/.m2/repository/com/sun/xml/bind/jaxb-impl/2.3.3/jaxb-impl-2.3.3.jar:"/>
    <property name="sun.cpu.endian" value="little"/>
    <property name="user.home" value="/home/ubuntu"/>
    <property name="user.language" value="en"/>
    <property name="java.specification.vendor" value="Oracle Corporation"/>
    <property name="io.netty.allocator.maxOrder" value="1"/>
    <property name="java.version.date" value="2021-01-19"/>
    <property name="java.home" value="/home/ubuntu/.sdkman/candidates/java/21.0.0.r11-grl"/>
    <property name="file.separator" value="/"/>
    <property name="basedir" value="/home/ubuntu/projects/crowtech/quarkus-nest/deployment"/>
    <property name="java.vm.compressedOopsMode" value="32-bit"/>
    <property name="line.separator" value="&#10;"/>
    <property name="jdk.internal.vm.ci.enabled" value="true"/>
    <property name="java.specification.name" value="Java Platform API Specification"/>
    <property name="java.vm.specification.vendor" value="Oracle Corporation"/>
    <property name="java.awt.graphicsenv" value="sun.awt.X11GraphicsEnvironment"/>
    <property name="surefire.real.class.path" value="/home/ubuntu/projects/crowtech/quarkus-nest/deployment/target/surefire/surefirebooter8821321745893933680.jar"/>
    <property name="sun.management.compiler" value="HotSpot 64-Bit Tiered Compilers"/>
    <property name="io.netty.noUnsafe" value="true"/>
    <property name="java.runtime.version" value="11.0.10+8-jvmci-21.0-b06"/>
    <property name="user.name" value="ubuntu"/>
    <property name="com.mysql.cj.disableAbandonedConnectionCleanup" value="true"/>
    <property name="path.separator" value=":"/>
    <property name="securerandom.source" value="file:/dev/./urandom"/>
    <property name="os.version" value="5.4.0-1045-aws"/>
    <property name="java.runtime.name" value="OpenJDK Runtime Environment"/>
    <property name="file.encoding" value="UTF-8"/>
    <property name="sun.nio.ch.bugLevel" value=""/>
    <property name="java.vm.name" value="OpenJDK 64-Bit Server VM"/>
    <property name="java.vendor.version" value="GraalVM CE 21.0.0"/>
    <property name="io.netty.noJdkZlibDecoder" value="false"/>
    <property name="localRepository" value="/home/ubuntu/.m2/repository"/>
    <property name="java.vendor.url.bug" value="https://github.com/oracle/graal/issues"/>
    <property name="java.io.tmpdir" value="/tmp"/>
    <property name="quarkus.log.file.path" value="target/quarkus.log"/>
    <property name="java.version" value="11.0.10"/>
    <property name="user.dir" value="/home/ubuntu/projects/crowtech/quarkus-nest/deployment"/>
    <property name="os.arch" value="amd64"/>
    <property name="hibernate.bytecode.provider" value="none"/>
    <property name="java.vm.specification.name" value="Java Virtual Machine Specification"/>
    <property name="vertx.disableDnsResolver" value="true"/>
    <property name="java.awt.printerjob" value="sun.print.PSPrinterJob"/>
    <property name="sun.os.patch.level" value="unknown"/>
    <property name="java.util.logging.manager" value="org.jboss.logmanager.LogManager"/>
    <property name="java.library.path" value="/usr/java/packages/lib:/usr/lib64:/lib64:/lib:/usr/lib"/>
    <property name="java.vm.info" value="mixed mode, sharing"/>
    <property name="java.vendor" value="GraalVM Community"/>
    <property name="java.vm.version" value="11.0.10+8-jvmci-21.0-b06"/>
    <property name="sun.io.unicode.encoding" value="UnicodeLittle"/>
    <property name="io.netty.machineId" value="38:a9:73:3b:a9:55:82:e7"/>
    <property name="java.class.version" value="55.0"/>
  </properties>
</testsuite>