<?xml version="1.0" encoding="UTF-8"?>
<testsuite xmlns:xsi="http://www.w3.org/2001/XMLSchema-instance" xsi:noNamespaceSchemaLocation="https://maven.apache.org/surefire/maven-surefire-plugin/xsd/surefire-test-report-3.0.xsd" version="3.0" name="au.com.crowtech.quarkus.nest.deployment.GreetingTest" time="14.115" tests="0" errors="0" skipped="0" failures="0">
  <properties>
    <property name="gopherProxySet" value="false"/>
    <property name="awt.toolkit" value="sun.lwawt.macosx.LWCToolkit"/>
    <property name="java.specification.version" value="11"/>
    <property name="sun.cpu.isalist" value=""/>
    <property name="sun.jnu.encoding" value="UTF-8"/>
    <property name="java.class.path" value="/Users/acrow/projects/crowtech/quarkus-nest/deployment/target/test-classes:/Users/acrow/projects/crowtech/quarkus-nest/deployment/target/classes:/Users/acrow/projects/crowtech/quarkus-nest/runtime/target/quarkus-nest-1.0-SNAPSHOT.jar:/Users/acrow/.m2/repository/au/com/crowtech/nestq/1.0-SNAPSHOT/nestq-1.0-SNAPSHOT.jar:/Users/acrow/.m2/repository/io/quarkus/quarkus-oidc/1.10.5.Final/quarkus-oidc-1.10.5.Final.jar:/Users/acrow/.m2/repository/io/quarkus/quarkus-vertx-core/1.10.5.Final/quarkus-vertx-core-1.10.5.Final.jar:/Users/acrow/.m2/repository/io/quarkus/quarkus-netty/1.10.5.Final/quarkus-netty-1.10.5.Final.jar:/Users/acrow/.m2/repository/io/quarkus/quarkus-security/1.10.5.Final/quarkus-security-1.10.5.Final.jar:/Users/acrow/.m2/repository/io/quarkus/quarkus-jsonp/1.10.5.Final/quarkus-jsonp-1.10.5.Final.jar:/Users/acrow/.m2/repository/io/smallrye/smallrye-jwt/2.3.1/smallrye-jwt-2.3.1.jar:/Users/acrow/.m2/repository/io/vertx/vertx-auth-oauth2/3.9.5/vertx-auth-oauth2-3.9.5.jar:/Users/acrow/.m2/repository/io/vertx/vertx-auth-common/3.9.5/vertx-auth-common-3.9.5.jar:/Users/acrow/.m2/repository/io/vertx/vertx-jwt/3.9.5/vertx-jwt-3.9.5.jar:/Users/acrow/.m2/repository/io/quarkus/quarkus-jackson/1.10.5.Final/quarkus-jackson-1.10.5.Final.jar:/Users/acrow/.m2/repository/com/fasterxml/jackson/datatype/jackson-datatype-jsr310/2.11.3/jackson-datatype-jsr310-2.11.3.jar:/Users/acrow/.m2/repository/com/fasterxml/jackson/datatype/jackson-datatype-jdk8/2.11.3/jackson-datatype-jdk8-2.11.3.jar:/Users/acrow/.m2/repository/com/fasterxml/jackson/module/jackson-module-parameter-names/2.11.3/jackson-module-parameter-names-2.11.3.jar:/Users/acrow/.m2/repository/com/google/code/gson/gson/2.8.6/gson-2.8.6.jar:/Users/acrow/.m2/repository/org/zalando/jackson-datatype-money/1.2.0/jackson-datatype-money-1.2.0.jar:/Users/acrow/.m2/repository/javax/money/money-api/1.1/money-api-1.1.jar:/Users/acrow/.m2/repository/org/javamoney/moneta/moneta-core/1.4.2/moneta-core-1.4.2.jar:/Users/acrow/.m2/repository/org/javamoney/moneta/moneta-convert/1.4.2/moneta-convert-1.4.2.jar:/Users/acrow/.m2/repository/org/javamoney/moneta/moneta-convert-imf/1.4.2/moneta-convert-imf-1.4.2.jar:/Users/acrow/.m2/repository/org/javamoney/moneta/moneta-convert-ecb/1.4.2/moneta-convert-ecb-1.4.2.jar:/Users/acrow/.m2/repository/javax/annotation/javax.annotation-api/1.3.2/javax.annotation-api-1.3.2.jar:/Users/acrow/.m2/repository/io/quarkus/quarkus-undertow/1.10.5.Final/quarkus-undertow-1.10.5.Final.jar:/Users/acrow/.m2/repository/io/quarkus/quarkus-vertx-http/1.10.5.Final/quarkus-vertx-http-1.10.5.Final.jar:/Users/acrow/.m2/repository/io/quarkus/quarkus-security-runtime-spi/1.10.5.Final/quarkus-security-runtime-spi-1.10.5.Final.jar:/Users/acrow/.m2/repository/io/vertx/vertx-web/3.9.5/vertx-web-3.9.5.jar:/Users/acrow/.m2/repository/io/vertx/vertx-web-common/3.9.5/vertx-web-common-3.9.5.jar:/Users/acrow/.m2/repository/io/vertx/vertx-bridge-common/3.9.5/vertx-bridge-common-3.9.5.jar:/Users/acrow/.m2/repository/io/quarkus/security/quarkus-security/1.1.3.Final/quarkus-security-1.1.3.Final.jar:/Users/acrow/.m2/repository/io/smallrye/reactive/mutiny/0.11.0/mutiny-0.11.0.jar:/Users/acrow/.m2/repository/jakarta/annotation/jakarta.annotation-api/1.3.5/jakarta.annotation-api-1.3.5.jar:/Users/acrow/.m2/repository/io/quarkus/http/quarkus-http-vertx-backend/3.0.16.Final/quarkus-http-vertx-backend-3.0.16.Final.jar:/Users/acrow/.m2/repository/io/vertx/vertx-core/3.9.5/vertx-core-3.9.5.jar:/Users/acrow/.m2/repository/io/netty/netty-common/4.1.49.Final/netty-common-4.1.49.Final.jar:/Users/acrow/.m2/repository/io/netty/netty-buffer/4.1.49.Final/netty-buffer-4.1.49.Final.jar:/Users/acrow/.m2/repository/io/netty/netty-transport/4.1.49.Final/netty-transport-4.1.49.Final.jar:/Users/acrow/.m2/repository/io/netty/netty-handler/4.1.49.Final/netty-handler-4.1.49.Final.jar:/Users/acrow/.m2/repository/io/netty/netty-handler-proxy/4.1.49.Final/netty-handler-proxy-4.1.49.Final.jar:/Users/acrow/.m2/repository/io/netty/netty-codec-socks/4.1.49.Final/netty-codec-socks-4.1.49.Final.jar:/Users/acrow/.m2/repository/io/netty/netty-codec-http2/4.1.49.Final/netty-codec-http2-4.1.49.Final.jar:/Users/acrow/.m2/repository/io/netty/netty-resolver/4.1.49.Final/netty-resolver-4.1.49.Final.jar:/Users/acrow/.m2/repository/io/netty/netty-resolver-dns/4.1.49.Final/netty-resolver-dns-4.1.49.Final.jar:/Users/acrow/.m2/repository/io/netty/netty-codec-dns/4.1.49.Final/netty-codec-dns-4.1.49.Final.jar:/Users/acrow/.m2/repository/io/quarkus/http/quarkus-http-http-core/3.0.16.Final/quarkus-http-http-core-3.0.16.Final.jar:/Users/acrow/.m2/repository/io/quarkus/http/quarkus-http-core/3.0.16.Final/quarkus-http-core-3.0.16.Final.jar:/Users/acrow/.m2/repository/io/netty/netty-codec-http/4.1.49.Final/netty-codec-http-4.1.49.Final.jar:/Users/acrow/.m2/repository/io/netty/netty-codec/4.1.49.Final/netty-codec-4.1.49.Final.jar:/Users/acrow/.m2/repository/org/eclipse/microprofile/context-propagation/microprofile-context-propagation-api/1.0.1/microprofile-context-propagation-api-1.0.1.jar:/Users/acrow/.m2/repository/io/quarkus/quarkus-agroal/1.10.5.Final/quarkus-agroal-1.10.5.Final.jar:/Users/acrow/.m2/repository/io/quarkus/quarkus-datasource/1.10.5.Final/quarkus-datasource-1.10.5.Final.jar:/Users/acrow/.m2/repository/io/quarkus/quarkus-narayana-jta/1.10.5.Final/quarkus-narayana-jta-1.10.5.Final.jar:/Users/acrow/.m2/repository/io/quarkus/quarkus-mutiny/1.10.5.Final/quarkus-mutiny-1.10.5.Final.jar:/Users/acrow/.m2/repository/io/quarkus/quarkus-smallrye-context-propagation/1.10.5.Final/quarkus-smallrye-context-propagation-1.10.5.Final.jar:/Users/acrow/.m2/repository/io/smallrye/smallrye-context-propagation/1.0.19/smallrye-context-propagation-1.0.19.jar:/Users/acrow/.m2/repository/io/smallrye/smallrye-context-propagation-api/1.0.19/smallrye-context-propagation-api-1.0.19.jar:/Users/acrow/.m2/repository/io/smallrye/reactive/mutiny-context-propagation/0.11.0/mutiny-context-propagation-0.11.0.jar:/Users/acrow/.m2/repository/io/smallrye/smallrye-context-propagation-jta/1.0.19/smallrye-context-propagation-jta-1.0.19.jar:/Users/acrow/.m2/repository/io/smallrye/reactive/smallrye-reactive-converter-api/1.2.2/smallrye-reactive-converter-api-1.2.2.jar:/Users/acrow/.m2/repository/io/smallrye/reactive/smallrye-reactive-converter-mutiny/1.2.2/smallrye-reactive-converter-mutiny-1.2.2.jar:/Users/acrow/.m2/repository/org/jboss/narayana/jta/narayana-jta/5.10.6.Final/narayana-jta-5.10.6.Final.jar:/Users/acrow/.m2/repository/org/jboss/jboss-transaction-spi/7.6.0.Final/jboss-transaction-spi-7.6.0.Final.jar:/Users/acrow/.m2/repository/org/jboss/spec/javax/resource/jboss-connector-api_1.7_spec/1.0.0.Final/jboss-connector-api_1.7_spec-1.0.0.Final.jar:/Users/acrow/.m2/repository/org/jboss/narayana/jts/narayana-jts-integration/5.10.6.Final/narayana-jts-integration-5.10.6.Final.jar:/Users/acrow/.m2/repository/jakarta/transaction/jakarta.transaction-api/1.3.3/jakarta.transaction-api-1.3.3.jar:/Users/acrow/.m2/repository/io/agroal/agroal-api/1.9/agroal-api-1.9.jar:/Users/acrow/.m2/repository/io/agroal/agroal-narayana/1.9/agroal-narayana-1.9.jar:/Users/acrow/.m2/repository/io/agroal/agroal-pool/1.9/agroal-pool-1.9.jar:/Users/acrow/.m2/repository/io/quarkus/quarkus-credentials/1.10.5.Final/quarkus-credentials-1.10.5.Final.jar:/Users/acrow/.m2/repository/io/quarkus/quarkus-resteasy-jsonb/1.10.5.Final/quarkus-resteasy-jsonb-1.10.5.Final.jar:/Users/acrow/.m2/repository/io/quarkus/quarkus-resteasy/1.10.5.Final/quarkus-resteasy-1.10.5.Final.jar:/Users/acrow/.m2/repository/io/quarkus/quarkus-resteasy-server-common/1.10.5.Final/quarkus-resteasy-server-common-1.10.5.Final.jar:/Users/acrow/.m2/repository/io/quarkus/quarkus-resteasy-common/1.10.5.Final/quarkus-resteasy-common-1.10.5.Final.jar:/Users/acrow/.m2/repository/io/quarkus/quarkus-jsonb/1.10.5.Final/quarkus-jsonb-1.10.5.Final.jar:/Users/acrow/.m2/repository/org/eclipse/yasson/1.0.8/yasson-1.0.8.jar:/Users/acrow/.m2/repository/org/jboss/resteasy/resteasy-json-binding-provider/4.5.8.Final/resteasy-json-binding-provider-4.5.8.Final.jar:/Users/acrow/.m2/repository/org/glassfish/jakarta.json/1.1.6/jakarta.json-1.1.6.jar:/Users/acrow/.m2/repository/jakarta/json/bind/jakarta.json.bind-api/1.0.2/jakarta.json.bind-api-1.0.2.jar:/Users/acrow/.m2/repository/org/jboss/resteasy/resteasy-json-p-provider/4.5.8.Final/resteasy-json-p-provider-4.5.8.Final.jar:/Users/acrow/.m2/repository/commons-io/commons-io/2.8.0/commons-io-2.8.0.jar:/Users/acrow/.m2/repository/io/quarkus/quarkus-hibernate-orm/1.10.5.Final/quarkus-hibernate-orm-1.10.5.Final.jar:/Users/acrow/.m2/repository/org/hibernate/hibernate-core/5.4.26.Final/hibernate-core-5.4.26.Final.jar:/Users/acrow/.m2/repository/net/bytebuddy/byte-buddy/1.10.17/byte-buddy-1.10.17.jar:/Users/acrow/.m2/repository/antlr/antlr/2.7.7/antlr-2.7.7.jar:/Users/acrow/.m2/repository/com/fasterxml/classmate/1.3.4/classmate-1.3.4.jar:/Users/acrow/.m2/repository/org/dom4j/dom4j/2.1.3/dom4j-2.1.3.jar:/Users/acrow/.m2/repository/org/hibernate/common/hibernate-commons-annotations/5.1.2.Final/hibernate-commons-annotations-5.1.2.Final.jar:/Users/acrow/.m2/repository/org/hibernate/hibernate-graalvm/5.4.26.Final/hibernate-graalvm-5.4.26.Final.jar:/Users/acrow/.m2/repository/org/glassfish/jaxb/jaxb-runtime/2.3.3-b02/jaxb-runtime-2.3.3-b02.jar:/Users/acrow/.m2/repository/org/glassfish/jaxb/txw2/2.3.3-b02/txw2-2.3.3-b02.jar:/Users/acrow/.m2/repository/com/sun/istack/istack-commons-runtime/3.0.10/istack-commons-runtime-3.0.10.jar:/Users/acrow/.m2/repository/com/sun/activation/jakarta.activation/1.2.1/jakarta.activation-1.2.1.jar:/Users/acrow/.m2/repository/org/jboss/spec/javax/xml/bind/jboss-jaxb-api_2.3_spec/2.0.0.Final/jboss-jaxb-api_2.3_spec-2.0.0.Final.jar:/Users/acrow/.m2/repository/jakarta/persistence/jakarta.persistence-api/2.2.3/jakarta.persistence-api-2.2.3.jar:/Users/acrow/.m2/repository/org/hibernate/quarkus-local-cache/0.1.0/quarkus-local-cache-0.1.0.jar:/Users/acrow/.m2/repository/com/github/ben-manes/caffeine/caffeine/2.8.6/caffeine-2.8.6.jar:/Users/acrow/.m2/repository/com/google/errorprone/error_prone_annotations/2.2.0/error_prone_annotations-2.2.0.jar:/Users/acrow/.m2/repository/io/quarkus/quarkus-caffeine/1.10.5.Final/quarkus-caffeine-1.10.5.Final.jar:/Users/acrow/.m2/repository/org/bitbucket/b_c/jose4j/0.7.2/jose4j-0.7.2.jar:/Users/acrow/.m2/repository/org/slf4j/slf4j-api/1.7.30/slf4j-api-1.7.30.jar:/Users/acrow/.m2/repository/org/eclipse/microprofile/jwt/microprofile-jwt-auth-api/1.2-RC3/microprofile-jwt-auth-api-1.2-RC3.jar:/Users/acrow/.m2/repository/io/jsonwebtoken/jjwt-api/0.10.7/jjwt-api-0.10.7.jar:/Users/acrow/.m2/repository/io/jsonwebtoken/jjwt-impl/0.10.7/jjwt-impl-0.10.7.jar:/Users/acrow/.m2/repository/io/jsonwebtoken/jjwt-jackson/0.10.7/jjwt-jackson-0.10.7.jar:/Users/acrow/.m2/repository/com/fasterxml/jackson/core/jackson-databind/2.11.3/jackson-databind-2.11.3.jar:/Users/acrow/.m2/repository/com/fasterxml/jackson/core/jackson-annotations/2.11.3/jackson-annotations-2.11.3.jar:/Users/acrow/.m2/repository/com/fasterxml/jackson/core/jackson-core/2.11.3/jackson-core-2.11.3.jar:/Users/acrow/.m2/repository/io/vavr/vavr/0.10.2/vavr-0.10.2.jar:/Users/acrow/.m2/repository/io/vavr/vavr-match/0.10.2/vavr-match-0.10.2.jar:/Users/acrow/.m2/repository/com/google/apis/google-api-services-sheets/v4-rev483-1.22.0/google-api-services-sheets-v4-rev483-1.22.0.jar:/Users/acrow/.m2/repository/com/google/maps/google-maps-services/0.15.0/google-maps-services-0.15.0.jar:/Users/acrow/.m2/repository/com/squareup/okhttp3/okhttp/3.14.9/okhttp-3.14.9.jar:/Users/acrow/.m2/repository/com/squareup/okio/okio/1.17.2/okio-1.17.2.jar:/Users/acrow/.m2/repository/io/opencensus/opencensus-api/0.25.0/opencensus-api-0.25.0.jar:/Users/acrow/.m2/repository/io/grpc/grpc-context/1.32.1/grpc-context-1.32.1.jar:/Users/acrow/.m2/repository/org/jboss/resteasy/resteasy-multipart-provider/4.5.8.Final/resteasy-multipart-provider-4.5.8.Final.jar:/Users/acrow/.m2/repository/org/jboss/resteasy/resteasy-core-spi/4.5.8.Final/resteasy-core-spi-4.5.8.Final.jar:/Users/acrow/.m2/repository/org/jboss/spec/javax/ws/rs/jboss-jaxrs-api_2.1_spec/2.0.1.Final/jboss-jaxrs-api_2.1_spec-2.0.1.Final.jar:/Users/acrow/.m2/repository/org/reactivestreams/reactive-streams/1.0.3/reactive-streams-1.0.3.jar:/Users/acrow/.m2/repository/jakarta/validation/jakarta.validation-api/2.0.2/jakarta.validation-api-2.0.2.jar:/Users/acrow/.m2/repository/org/jboss/resteasy/resteasy-core/4.5.8.Final/resteasy-core-4.5.8.Final.jar:/Users/acrow/.m2/repository/com/ibm/async/asyncutil/0.1.0/asyncutil-0.1.0.jar:/Users/acrow/.m2/repository/org/jboss/resteasy/resteasy-client/4.5.8.Final/resteasy-client-4.5.8.Final.jar:/Users/acrow/.m2/repository/org/jboss/resteasy/resteasy-client-api/4.5.8.Final/resteasy-client-api-4.5.8.Final.jar:/Users/acrow/.m2/repository/org/jboss/resteasy/resteasy-jaxb-provider/4.5.8.Final/resteasy-jaxb-provider-4.5.8.Final.jar:/Users/acrow/.m2/repository/com/sun/mail/jakarta.mail/1.6.4/jakarta.mail-1.6.4.jar:/Users/acrow/.m2/repository/org/apache/james/apache-mime4j-dom/0.8.3/apache-mime4j-dom-0.8.3.jar:/Users/acrow/.m2/repository/org/apache/james/apache-mime4j-core/0.8.3/apache-mime4j-core-0.8.3.jar:/Users/acrow/.m2/repository/org/apache/james/apache-mime4j-storage/0.8.3/apache-mime4j-storage-0.8.3.jar:/Users/acrow/.m2/repository/org/jboss/logging/jboss-logging/3.4.1.Final/jboss-logging-3.4.1.Final.jar:/Users/acrow/.m2/repository/org/eclipse/microprofile/config/microprofile-config-api/1.4/microprofile-config-api-1.4.jar:/Users/acrow/.m2/repository/com/google/apis/google-api-services-drive/v3-rev90-1.23.0/google-api-services-drive-v3-rev90-1.23.0.jar:/Users/acrow/.m2/repository/com/google/api-client/google-api-client/1.23.0/google-api-client-1.23.0.jar:/Users/acrow/.m2/repository/com/google/oauth-client/google-oauth-client/1.23.0/google-oauth-client-1.23.0.jar:/Users/acrow/.m2/repository/com/google/http-client/google-http-client/1.34.0/google-http-client-1.34.0.jar:/Users/acrow/.m2/repository/com/google/guava/guava/30.0-jre/guava-30.0-jre.jar:/Users/acrow/.m2/repository/com/google/guava/failureaccess/1.0.1/failureaccess-1.0.1.jar:/Users/acrow/.m2/repository/com/google/guava/listenablefuture/9999.0-empty-to-avoid-conflict-with-guava/listenablefuture-9999.0-empty-to-avoid-conflict-with-guava.jar:/Users/acrow/.m2/repository/org/checkerframework/checker-qual/2.5.2/checker-qual-2.5.2.jar:/Users/acrow/.m2/repository/com/google/j2objc/j2objc-annotations/1.3/j2objc-annotations-1.3.jar:/Users/acrow/.m2/repository/io/opencensus/opencensus-contrib-http-util/0.24.0/opencensus-contrib-http-util-0.24.0.jar:/Users/acrow/.m2/repository/com/google/code/findbugs/jsr305/1.3.9/jsr305-1.3.9.jar:/Users/acrow/.m2/repository/com/google/http-client/google-http-client-jackson2/1.23.0/google-http-client-jackson2-1.23.0.jar:/Users/acrow/.m2/repository/com/google/guava/guava-jdk5/17.0/guava-jdk5-17.0.jar:/Users/acrow/.m2/repository/commons-validator/commons-validator/1.7/commons-validator-1.7.jar:/Users/acrow/.m2/repository/commons-beanutils/commons-beanutils/1.9.4/commons-beanutils-1.9.4.jar:/Users/acrow/.m2/repository/commons-digester/commons-digester/2.1/commons-digester-2.1.jar:/Users/acrow/.m2/repository/commons-collections/commons-collections/3.2.2/commons-collections-3.2.2.jar:/Users/acrow/.m2/repository/io/quarkus/quarkus-undertow-deployment/1.10.5.Final/quarkus-undertow-deployment-1.10.5.Final.jar:/Users/acrow/.m2/repository/io/quarkus/http/quarkus-http-servlet/3.0.16.Final/quarkus-http-servlet-3.0.16.Final.jar:/Users/acrow/.m2/repository/jakarta/servlet/jakarta.servlet-api/4.0.3/jakarta.servlet-api-4.0.3.jar:/Users/acrow/.m2/repository/io/quarkus/quarkus-core-deployment/1.10.5.Final/quarkus-core-deployment-1.10.5.Final.jar:/Users/acrow/.m2/repository/org/wildfly/common/wildfly-common/1.5.4.Final-format-001/wildfly-common-1.5.4.Final-format-001.jar:/Users/acrow/.m2/repository/io/quarkus/gizmo/gizmo/1.0.6.Final/gizmo-1.0.6.Final.jar:/Users/acrow/.m2/repository/org/ow2/asm/asm-util/9.0/asm-util-9.0.jar:/Users/acrow/.m2/repository/org/jboss/jandex/2.2.1.Final/jandex-2.2.1.Final.jar:/Users/acrow/.m2/repository/org/ow2/asm/asm/9.0/asm-9.0.jar:/Users/acrow/.m2/repository/io/quarkus/quarkus-development-mode-spi/1.10.5.Final/quarkus-development-mode-spi-1.10.5.Final.jar:/Users/acrow/.m2/repository/io/quarkus/quarkus-bootstrap-core/1.10.5.Final/quarkus-bootstrap-core-1.10.5.Final.jar:/Users/acrow/.m2/repository/io/quarkus/quarkus-bootstrap-app-model/1.10.5.Final/quarkus-bootstrap-app-model-1.10.5.Final.jar:/Users/acrow/.m2/repository/io/quarkus/quarkus-bootstrap-maven-resolver/1.10.5.Final/quarkus-bootstrap-maven-resolver-1.10.5.Final.jar:/Users/acrow/.m2/repository/org/apache/maven/maven-embedder/3.6.3/maven-embedder-3.6.3.jar:/Users/acrow/.m2/repository/org/apache/maven/maven-settings/3.6.3/maven-settings-3.6.3.jar:/Users/acrow/.m2/repository/org/apache/maven/maven-core/3.6.3/maven-core-3.6.3.jar:/Users/acrow/.m2/repository/org/apache/maven/maven-artifact/3.6.3/maven-artifact-3.6.3.jar:/Users/acrow/.m2/repository/org/codehaus/plexus/plexus-component-annotations/2.1.0/plexus-component-annotations-2.1.0.jar:/Users/acrow/.m2/repository/org/apache/maven/maven-plugin-api/3.6.3/maven-plugin-api-3.6.3.jar:/Users/acrow/.m2/repository/org/apache/maven/maven-model/3.6.3/maven-model-3.6.3.jar:/Users/acrow/.m2/repository/org/apache/maven/maven-model-builder/3.6.3/maven-model-builder-3.6.3.jar:/Users/acrow/.m2/repository/org/apache/maven/maven-builder-support/3.6.3/maven-builder-support-3.6.3.jar:/Users/acrow/.m2/repository/org/apache/maven/resolver/maven-resolver-api/1.4.1/maven-resolver-api-1.4.1.jar:/Users/acrow/.m2/repository/org/apache/maven/resolver/maven-resolver-util/1.4.1/maven-resolver-util-1.4.1.jar:/Users/acrow/.m2/repository/org/apache/maven/shared/maven-shared-utils/3.2.1/maven-shared-utils-3.2.1.jar:/Users/acrow/.m2/repository/com/google/inject/guice/4.2.1/guice-4.2.1-no_aop.jar:/Users/acrow/.m2/repository/org/codehaus/plexus/plexus-utils/3.2.1/plexus-utils-3.2.1.jar:/Users/acrow/.m2/repository/org/codehaus/plexus/plexus-classworlds/2.6.0/plexus-classworlds-2.6.0.jar:/Users/acrow/.m2/repository/commons-cli/commons-cli/1.4/commons-cli-1.4.jar:/Users/acrow/.m2/repository/org/eclipse/sisu/org.eclipse.sisu.plexus/0.3.4/org.eclipse.sisu.plexus-0.3.4.jar:/Users/acrow/.m2/repository/org/apache/maven/maven-settings-builder/3.6.3/maven-settings-builder-3.6.3.jar:/Users/acrow/.m2/repository/org/codehaus/plexus/plexus-interpolation/1.25/plexus-interpolation-1.25.jar:/Users/acrow/.m2/repository/org/sonatype/plexus/plexus-sec-dispatcher/1.4/plexus-sec-dispatcher-1.4.jar:/Users/acrow/.m2/repository/org/sonatype/plexus/plexus-cipher/1.4/plexus-cipher-1.4.jar:/Users/acrow/.m2/repository/org/apache/maven/maven-resolver-provider/3.6.3/maven-resolver-provider-3.6.3.jar:/Users/acrow/.m2/repository/org/apache/maven/maven-repository-metadata/3.6.3/maven-repository-metadata-3.6.3.jar:/Users/acrow/.m2/repository/org/apache/maven/resolver/maven-resolver-spi/1.4.1/maven-resolver-spi-1.4.1.jar:/Users/acrow/.m2/repository/org/apache/maven/resolver/maven-resolver-impl/1.4.1/maven-resolver-impl-1.4.1.jar:/Users/acrow/.m2/repository/org/apache/maven/resolver/maven-resolver-connector-basic/1.4.1/maven-resolver-connector-basic-1.4.1.jar:/Users/acrow/.m2/repository/org/apache/maven/resolver/maven-resolver-transport-wagon/1.4.1/maven-resolver-transport-wagon-1.4.1.jar:/Users/acrow/.m2/repository/org/apache/maven/wagon/wagon-http/3.3.4/wagon-http-3.3.4.jar:/Users/acrow/.m2/repository/org/apache/maven/wagon/wagon-http-shared/3.3.4/wagon-http-shared-3.3.4.jar:/Users/acrow/.m2/repository/org/jsoup/jsoup/1.12.1/jsoup-1.12.1.jar:/Users/acrow/.m2/repository/org/apache/maven/wagon/wagon-provider-api/3.3.4/wagon-provider-api-3.3.4.jar:/Users/acrow/.m2/repository/org/apache/maven/wagon/wagon-file/3.3.4/wagon-file-3.3.4.jar:/Users/acrow/.m2/repository/io/quarkus/quarkus-bootstrap-gradle-resolver/1.10.5.Final/quarkus-bootstrap-gradle-resolver-1.10.5.Final.jar:/Users/acrow/.m2/repository/io/smallrye/common/smallrye-common-io/1.4.1/smallrye-common-io-1.4.1.jar:/Users/acrow/.m2/repository/org/eclipse/sisu/org.eclipse.sisu.inject/0.3.4/org.eclipse.sisu.inject-0.3.4.jar:/Users/acrow/.m2/repository/io/quarkus/quarkus-builder/1.10.5.Final/quarkus-builder-1.10.5.Final.jar:/Users/acrow/.m2/repository/org/graalvm/sdk/graal-sdk/20.2.0/graal-sdk-20.2.0.jar:/Users/acrow/.m2/repository/io/quarkus/quarkus-undertow-spi/1.10.5.Final/quarkus-undertow-spi-1.10.5.Final.jar:/Users/acrow/.m2/repository/io/quarkus/quarkus-vertx-http-deployment/1.10.5.Final/quarkus-vertx-http-deployment-1.10.5.Final.jar:/Users/acrow/.m2/repository/io/quarkus/quarkus-vertx-core-deployment/1.10.5.Final/quarkus-vertx-core-deployment-1.10.5.Final.jar:/Users/acrow/.m2/repository/io/quarkus/quarkus-netty-deployment/1.10.5.Final/quarkus-netty-deployment-1.10.5.Final.jar:/Users/acrow/.m2/repository/io/quarkus/quarkus-kubernetes-spi/1.10.5.Final/quarkus-kubernetes-spi-1.10.5.Final.jar:/Users/acrow/.m2/repository/org/jboss/metadata/jboss-metadata-web/11.0.0.Final/jboss-metadata-web-11.0.0.Final.jar:/Users/acrow/.m2/repository/org/jboss/metadata/jboss-metadata-common/11.0.0.Final/jboss-metadata-common-11.0.0.Final.jar:/Users/acrow/.m2/repository/io/quarkus/quarkus-arc-deployment/1.10.5.Final/quarkus-arc-deployment-1.10.5.Final.jar:/Users/acrow/.m2/repository/io/quarkus/quarkus-arc/1.10.5.Final/quarkus-arc-1.10.5.Final.jar:/Users/acrow/.m2/repository/io/quarkus/arc/arc/1.10.5.Final/arc-1.10.5.Final.jar:/Users/acrow/.m2/repository/io/quarkus/arc/arc-processor/1.10.5.Final/arc-processor-1.10.5.Final.jar:/Users/acrow/.m2/repository/io/quarkus/quarkus-agroal-deployment/1.10.5.Final/quarkus-agroal-deployment-1.10.5.Final.jar:/Users/acrow/.m2/repository/io/quarkus/quarkus-datasource-deployment/1.10.5.Final/quarkus-datasource-deployment-1.10.5.Final.jar:/Users/acrow/.m2/repository/io/quarkus/quarkus-agroal-spi/1.10.5.Final/quarkus-agroal-spi-1.10.5.Final.jar:/Users/acrow/.m2/repository/io/quarkus/quarkus-datasource-common/1.10.5.Final/quarkus-datasource-common-1.10.5.Final.jar:/Users/acrow/.m2/repository/io/quarkus/quarkus-narayana-jta-deployment/1.10.5.Final/quarkus-narayana-jta-deployment-1.10.5.Final.jar:/Users/acrow/.m2/repository/io/quarkus/quarkus-mutiny-deployment/1.10.5.Final/quarkus-mutiny-deployment-1.10.5.Final.jar:/Users/acrow/.m2/repository/io/quarkus/quarkus-smallrye-context-propagation-deployment/1.10.5.Final/quarkus-smallrye-context-propagation-deployment-1.10.5.Final.jar:/Users/acrow/.m2/repository/io/quarkus/quarkus-credentials-deployment/1.10.5.Final/quarkus-credentials-deployment-1.10.5.Final.jar:/Users/acrow/.m2/repository/io/quarkus/quarkus-smallrye-health-spi/1.10.5.Final/quarkus-smallrye-health-spi-1.10.5.Final.jar:/Users/acrow/.m2/repository/io/quarkus/quarkus-resteasy-jsonb-deployment/1.10.5.Final/quarkus-resteasy-jsonb-deployment-1.10.5.Final.jar:/Users/acrow/.m2/repository/io/quarkus/quarkus-resteasy-deployment/1.10.5.Final/quarkus-resteasy-deployment-1.10.5.Final.jar:/Users/acrow/.m2/repository/io/quarkus/quarkus-resteasy-server-common-deployment/1.10.5.Final/quarkus-resteasy-server-common-deployment-1.10.5.Final.jar:/Users/acrow/.m2/repository/io/quarkus/quarkus-resteasy-common-deployment/1.10.5.Final/quarkus-resteasy-common-deployment-1.10.5.Final.jar:/Users/acrow/.m2/repository/io/quarkus/quarkus-resteasy-common-spi/1.10.5.Final/quarkus-resteasy-common-spi-1.10.5.Final.jar:/Users/acrow/.m2/repository/io/quarkus/quarkus-resteasy-server-common-spi/1.10.5.Final/quarkus-resteasy-server-common-spi-1.10.5.Final.jar:/Users/acrow/.m2/repository/io/quarkus/quarkus-security-spi/1.10.5.Final/quarkus-security-spi-1.10.5.Final.jar:/Users/acrow/.m2/repository/io/quarkus/quarkus-jsonb-deployment/1.10.5.Final/quarkus-jsonb-deployment-1.10.5.Final.jar:/Users/acrow/.m2/repository/io/quarkus/quarkus-jsonb-spi/1.10.5.Final/quarkus-jsonb-spi-1.10.5.Final.jar:/Users/acrow/.m2/repository/io/quarkus/quarkus-jsonp-deployment/1.10.5.Final/quarkus-jsonp-deployment-1.10.5.Final.jar:/Users/acrow/.m2/repository/io/quarkus/quarkus-jdbc-mysql-deployment/1.10.5.Final/quarkus-jdbc-mysql-deployment-1.10.5.Final.jar:/Users/acrow/.m2/repository/io/quarkus/quarkus-jdbc-mysql/1.10.5.Final/quarkus-jdbc-mysql-1.10.5.Final.jar:/Users/acrow/.m2/repository/mysql/mysql-connector-java/8.0.22/mysql-connector-java-8.0.22.jar:/Users/acrow/.m2/repository/io/quarkus/quarkus-container-image-docker-deployment/1.10.5.Final/quarkus-container-image-docker-deployment-1.10.5.Final.jar:/Users/acrow/.m2/repository/io/quarkus/quarkus-container-image-docker/1.10.5.Final/quarkus-container-image-docker-1.10.5.Final.jar:/Users/acrow/.m2/repository/io/quarkus/quarkus-container-image-deployment/1.10.5.Final/quarkus-container-image-deployment-1.10.5.Final.jar:/Users/acrow/.m2/repository/io/quarkus/quarkus-container-image-spi/1.10.5.Final/quarkus-container-image-spi-1.10.5.Final.jar:/Users/acrow/.m2/repository/io/quarkus/quarkus-container-image-util/1.10.5.Final/quarkus-container-image-util-1.10.5.Final.jar:/Users/acrow/.m2/repository/io/quarkus/quarkus-container-image/1.10.5.Final/quarkus-container-image-1.10.5.Final.jar:/Users/acrow/.m2/repository/io/quarkus/quarkus-hibernate-orm-deployment/1.10.5.Final/quarkus-hibernate-orm-deployment-1.10.5.Final.jar:/Users/acrow/.m2/repository/io/quarkus/quarkus-caffeine-deployment/1.10.5.Final/quarkus-caffeine-deployment-1.10.5.Final.jar:/Users/acrow/.m2/repository/io/quarkus/quarkus-hibernate-orm-rest-data-panache-deployment/1.10.5.Final/quarkus-hibernate-orm-rest-data-panache-deployment-1.10.5.Final.jar:/Users/acrow/.m2/repository/io/quarkus/quarkus-rest-data-panache-deployment/1.10.5.Final/quarkus-rest-data-panache-deployment-1.10.5.Final.jar:/Users/acrow/.m2/repository/io/quarkus/quarkus-rest-data-panache/1.10.5.Final/quarkus-rest-data-panache-1.10.5.Final.jar:/Users/acrow/.m2/repository/org/jboss/resteasy/resteasy-links/4.5.8.Final/resteasy-links-4.5.8.Final.jar:/Users/acrow/.m2/repository/org/jboss/spec/javax/el/jboss-el-api_3.0_spec/2.0.0.Final/jboss-el-api_3.0_spec-2.0.0.Final.jar:/Users/acrow/.m2/repository/org/jboss/resteasy/resteasy-jackson2-provider/4.5.8.Final/resteasy-jackson2-provider-4.5.8.Final.jar:/Users/acrow/.m2/repository/com/fasterxml/jackson/jaxrs/jackson-jaxrs-json-provider/2.11.3/jackson-jaxrs-json-provider-2.11.3.jar:/Users/acrow/.m2/repository/com/fasterxml/jackson/jaxrs/jackson-jaxrs-base/2.11.3/jackson-jaxrs-base-2.11.3.jar:/Users/acrow/.m2/repository/com/fasterxml/jackson/module/jackson-module-jaxb-annotations/2.11.3/jackson-module-jaxb-annotations-2.11.3.jar:/Users/acrow/.m2/repository/com/github/java-json-tools/json-patch/1.13/json-patch-1.13.jar:/Users/acrow/.m2/repository/com/github/java-json-tools/msg-simple/1.2/msg-simple-1.2.jar:/Users/acrow/.m2/repository/com/github/java-json-tools/btf/1.3/btf-1.3.jar:/Users/acrow/.m2/repository/com/github/java-json-tools/jackson-coreutils/2.0/jackson-coreutils-2.0.jar:/Users/acrow/.m2/repository/io/quarkus/quarkus-panache-common/1.10.5.Final/quarkus-panache-common-1.10.5.Final.jar:/Users/acrow/.m2/repository/io/quarkus/quarkus-jackson-spi/1.10.5.Final/quarkus-jackson-spi-1.10.5.Final.jar:/Users/acrow/.m2/repository/io/quarkus/quarkus-hibernate-orm-rest-data-panache/1.10.5.Final/quarkus-hibernate-orm-rest-data-panache-1.10.5.Final.jar:/Users/acrow/.m2/repository/io/quarkus/quarkus-hibernate-orm-panache/1.10.5.Final/quarkus-hibernate-orm-panache-1.10.5.Final.jar:/Users/acrow/.m2/repository/io/quarkus/quarkus-hibernate-orm-panache-common/1.10.5.Final/quarkus-hibernate-orm-panache-common-1.10.5.Final.jar:/Users/acrow/.m2/repository/io/quarkus/quarkus-panache-hibernate-common/1.10.5.Final/quarkus-panache-hibernate-common-1.10.5.Final.jar:/Users/acrow/.m2/repository/io/quarkus/quarkus-hibernate-orm-panache-deployment/1.10.5.Final/quarkus-hibernate-orm-panache-deployment-1.10.5.Final.jar:/Users/acrow/.m2/repository/io/quarkus/quarkus-hibernate-orm-panache-common-deployment/1.10.5.Final/quarkus-hibernate-orm-panache-common-deployment-1.10.5.Final.jar:/Users/acrow/.m2/repository/io/quarkus/quarkus-panache-common-deployment/1.10.5.Final/quarkus-panache-common-deployment-1.10.5.Final.jar:/Users/acrow/.m2/repository/org/ow2/asm/asm-tree/9.0/asm-tree-9.0.jar:/Users/acrow/.m2/repository/org/ow2/asm/asm-analysis/9.0/asm-analysis-9.0.jar:/Users/acrow/.m2/repository/org/apache/commons/commons-lang3/3.10/commons-lang3-3.10.jar:/Users/acrow/.m2/repository/org/apache/httpcomponents/httpclient/4.5.13/httpclient-4.5.13.jar:/Users/acrow/.m2/repository/org/apache/httpcomponents/httpcore/4.4.13/httpcore-4.4.13.jar:/Users/acrow/.m2/repository/commons-logging/commons-logging/1.2/commons-logging-1.2.jar:/Users/acrow/.m2/repository/commons-codec/commons-codec/1.14/commons-codec-1.14.jar:/Users/acrow/.m2/repository/io/quarkus/quarkus-keycloak-authorization-deployment/1.10.5.Final/quarkus-keycloak-authorization-deployment-1.10.5.Final.jar:/Users/acrow/.m2/repository/io/quarkus/quarkus-oidc-deployment/1.10.5.Final/quarkus-oidc-deployment-1.10.5.Final.jar:/Users/acrow/.m2/repository/io/quarkus/quarkus-jackson-deployment/1.10.5.Final/quarkus-jackson-deployment-1.10.5.Final.jar:/Users/acrow/.m2/repository/io/quarkus/quarkus-security-deployment/1.10.5.Final/quarkus-security-deployment-1.10.5.Final.jar:/Users/acrow/.m2/repository/io/quarkus/quarkus-keycloak-authorization/1.10.5.Final/quarkus-keycloak-authorization-1.10.5.Final.jar:/Users/acrow/.m2/repository/org/keycloak/keycloak-adapter-core/11.0.3/keycloak-adapter-core-11.0.3.jar:/Users/acrow/.m2/repository/org/keycloak/keycloak-core/11.0.3/keycloak-core-11.0.3.jar:/Users/acrow/.m2/repository/org/keycloak/keycloak-common/11.0.3/keycloak-common-11.0.3.jar:/Users/acrow/.m2/repository/org/bouncycastle/bcprov-jdk15on/1.66/bcprov-jdk15on-1.66.jar:/Users/acrow/.m2/repository/org/bouncycastle/bcpkix-jdk15on/1.65/bcpkix-jdk15on-1.65.jar:/Users/acrow/.m2/repository/org/keycloak/keycloak-adapter-spi/11.0.3/keycloak-adapter-spi-11.0.3.jar:/Users/acrow/.m2/repository/org/keycloak/keycloak-authz-client/11.0.3/keycloak-authz-client-11.0.3.jar:/Users/acrow/.m2/repository/org/jboss/logging/commons-logging-jboss-logging/1.0.0.Final/commons-logging-jboss-logging-1.0.0.Final.jar:/Users/acrow/.m2/repository/io/quarkus/quarkus-junit5-internal/1.10.5.Final/quarkus-junit5-internal-1.10.5.Final.jar:/Users/acrow/.m2/repository/org/jboss/shrinkwrap/shrinkwrap-api/1.2.6/shrinkwrap-api-1.2.6.jar:/Users/acrow/.m2/repository/org/jboss/shrinkwrap/shrinkwrap-spi/1.2.6/shrinkwrap-spi-1.2.6.jar:/Users/acrow/.m2/repository/org/jboss/shrinkwrap/shrinkwrap-impl-base/1.2.6/shrinkwrap-impl-base-1.2.6.jar:/Users/acrow/.m2/repository/org/junit/jupiter/junit-jupiter-api/5.7.0/junit-jupiter-api-5.7.0.jar:/Users/acrow/.m2/repository/org/apiguardian/apiguardian-api/1.1.0/apiguardian-api-1.1.0.jar:/Users/acrow/.m2/repository/org/opentest4j/opentest4j/1.2.0/opentest4j-1.2.0.jar:/Users/acrow/.m2/repository/org/junit/platform/junit-platform-commons/1.7.0/junit-platform-commons-1.7.0.jar:/Users/acrow/.m2/repository/org/junit/jupiter/junit-jupiter-params/5.7.0/junit-jupiter-params-5.7.0.jar:/Users/acrow/.m2/repository/org/junit/jupiter/junit-jupiter-engine/5.7.0/junit-jupiter-engine-5.7.0.jar:/Users/acrow/.m2/repository/org/junit/platform/junit-platform-engine/1.7.0/junit-platform-engine-1.7.0.jar:/Users/acrow/.m2/repository/io/quarkus/quarkus-core/1.10.5.Final/quarkus-core-1.10.5.Final.jar:/Users/acrow/.m2/repository/jakarta/inject/jakarta.inject-api/1.0/jakarta.inject-api-1.0.jar:/Users/acrow/.m2/repository/io/quarkus/quarkus-ide-launcher/1.10.5.Final/quarkus-ide-launcher-1.10.5.Final.jar:/Users/acrow/.m2/repository/io/smallrye/config/smallrye-config/1.9.3/smallrye-config-1.9.3.jar:/Users/acrow/.m2/repository/io/smallrye/common/smallrye-common-annotation/1.4.1/smallrye-common-annotation-1.4.1.jar:/Users/acrow/.m2/repository/io/smallrye/config/smallrye-config-common/1.9.3/smallrye-config-common-1.9.3.jar:/Users/acrow/.m2/repository/io/smallrye/common/smallrye-common-expression/1.4.1/smallrye-common-expression-1.4.1.jar:/Users/acrow/.m2/repository/io/smallrye/common/smallrye-common-function/1.4.1/smallrye-common-function-1.4.1.jar:/Users/acrow/.m2/repository/io/smallrye/common/smallrye-common-constraint/1.4.1/smallrye-common-constraint-1.4.1.jar:/Users/acrow/.m2/repository/io/smallrye/common/smallrye-common-classloader/1.4.1/smallrye-common-classloader-1.4.1.jar:/Users/acrow/.m2/repository/org/jboss/logmanager/jboss-logmanager-embedded/1.0.6/jboss-logmanager-embedded-1.0.6.jar:/Users/acrow/.m2/repository/org/jboss/logging/jboss-logging-annotations/2.1.0.Final/jboss-logging-annotations-2.1.0.Final.jar:/Users/acrow/.m2/repository/org/jboss/threads/jboss-threads/3.1.1.Final/jboss-threads-3.1.1.Final.jar:/Users/acrow/.m2/repository/org/jboss/slf4j/slf4j-jboss-logmanager/1.1.0.Final/slf4j-jboss-logmanager-1.1.0.Final.jar:/Users/acrow/.m2/repository/io/quarkus/quarkus-bootstrap-runner/1.10.5.Final/quarkus-bootstrap-runner-1.10.5.Final.jar:/Users/acrow/.m2/repository/io/quarkus/quarkus-test-common/1.10.5.Final/quarkus-test-common-1.10.5.Final.jar:/Users/acrow/.m2/repository/jakarta/enterprise/jakarta.enterprise.cdi-api/2.0.2/jakarta.enterprise.cdi-api-2.0.2.jar:/Users/acrow/.m2/repository/jakarta/el/jakarta.el-api/3.0.3/jakarta.el-api-3.0.3.jar:/Users/acrow/.m2/repository/jakarta/interceptor/jakarta.interceptor-api/1.2.5/jakarta.interceptor-api-1.2.5.jar:/Users/acrow/.m2/repository/io/quarkus/quarkus-devtools-utilities/1.10.5.Final/quarkus-devtools-utilities-1.10.5.Final.jar:/Users/acrow/.m2/repository/io/rest-assured/rest-assured/4.3.2/rest-assured-4.3.2.jar:/Users/acrow/.m2/repository/org/codehaus/groovy/groovy/3.0.6/groovy-3.0.6.jar:/Users/acrow/.m2/repository/org/codehaus/groovy/groovy-xml/3.0.6/groovy-xml-3.0.6.jar:/Users/acrow/.m2/repository/org/apache/httpcomponents/httpmime/4.5.13/httpmime-4.5.13.jar:/Users/acrow/.m2/repository/org/hamcrest/hamcrest/2.1/hamcrest-2.1.jar:/Users/acrow/.m2/repository/org/ccil/cowan/tagsoup/tagsoup/1.2.1/tagsoup-1.2.1.jar:/Users/acrow/.m2/repository/io/rest-assured/json-path/4.3.2/json-path-4.3.2.jar:/Users/acrow/.m2/repository/org/codehaus/groovy/groovy-json/3.0.6/groovy-json-3.0.6.jar:/Users/acrow/.m2/repository/io/rest-assured/rest-assured-common/4.3.2/rest-assured-common-4.3.2.jar:/Users/acrow/.m2/repository/io/rest-assured/xml-path/4.3.2/xml-path-4.3.2.jar:/Users/acrow/.m2/repository/jakarta/xml/bind/jakarta.xml.bind-api/2.3.3/jakarta.xml.bind-api-2.3.3.jar:/Users/acrow/.m2/repository/jakarta/activation/jakarta.activation-api/1.2.1/jakarta.activation-api-1.2.1.jar:/Users/acrow/.m2/repository/com/sun/xml/bind/jaxb-impl/2.3.3/jaxb-impl-2.3.3.jar:"/>
    <property name="java.vm.vendor" value="GraalVM Community"/>
    <property name="sun.arch.data.model" value="64"/>
    <property name="java.vendor.url" value="https://www.graalvm.org/"/>
    <property name="user.timezone" value="Australia/Melbourne"/>
    <property name="java.vm.specification.version" value="11"/>
    <property name="os.name" value="Mac OS X"/>
    <property name="sun.java.launcher" value="SUN_STANDARD"/>
    <property name="user.country" value="AU"/>
    <property name="sun.boot.library.path" value="/Users/acrow/.sdkman/candidates/java/20.3.0.r11-grl/lib"/>
    <property name="sun.java.command" value="/Users/acrow/projects/crowtech/quarkus-nest/deployment/target/surefire/surefirebooter4267396462710776309.jar /Users/acrow/projects/crowtech/quarkus-nest/deployment/target/surefire 2021-01-11T01-01-06_402-jvmRun1 surefire3077366194366460493tmp surefire_012761779659904616108tmp"/>
    <property name="http.nonProxyHosts" value="local|*.local|169.254/16|*.169.254/16"/>
    <property name="jdk.debug" value="release"/>
    <property name="maven.home" value="/usr/local/Cellar/maven/3.6.3_1/libexec"/>
    <property name="surefire.test.class.path" value="/Users/acrow/projects/crowtech/quarkus-nest/deployment/target/test-classes:/Users/acrow/projects/crowtech/quarkus-nest/deployment/target/classes:/Users/acrow/projects/crowtech/quarkus-nest/runtime/target/quarkus-nest-1.0-SNAPSHOT.jar:/Users/acrow/.m2/repository/au/com/crowtech/nestq/1.0-SNAPSHOT/nestq-1.0-SNAPSHOT.jar:/Users/acrow/.m2/repository/io/quarkus/quarkus-oidc/1.10.5.Final/quarkus-oidc-1.10.5.Final.jar:/Users/acrow/.m2/repository/io/quarkus/quarkus-vertx-core/1.10.5.Final/quarkus-vertx-core-1.10.5.Final.jar:/Users/acrow/.m2/repository/io/quarkus/quarkus-netty/1.10.5.Final/quarkus-netty-1.10.5.Final.jar:/Users/acrow/.m2/repository/io/quarkus/quarkus-security/1.10.5.Final/quarkus-security-1.10.5.Final.jar:/Users/acrow/.m2/repository/io/quarkus/quarkus-jsonp/1.10.5.Final/quarkus-jsonp-1.10.5.Final.jar:/Users/acrow/.m2/repository/io/smallrye/smallrye-jwt/2.3.1/smallrye-jwt-2.3.1.jar:/Users/acrow/.m2/repository/io/vertx/vertx-auth-oauth2/3.9.5/vertx-auth-oauth2-3.9.5.jar:/Users/acrow/.m2/repository/io/vertx/vertx-auth-common/3.9.5/vertx-auth-common-3.9.5.jar:/Users/acrow/.m2/repository/io/vertx/vertx-jwt/3.9.5/vertx-jwt-3.9.5.jar:/Users/acrow/.m2/repository/io/quarkus/quarkus-jackson/1.10.5.Final/quarkus-jackson-1.10.5.Final.jar:/Users/acrow/.m2/repository/com/fasterxml/jackson/datatype/jackson-datatype-jsr310/2.11.3/jackson-datatype-jsr310-2.11.3.jar:/Users/acrow/.m2/repository/com/fasterxml/jackson/datatype/jackson-datatype-jdk8/2.11.3/jackson-datatype-jdk8-2.11.3.jar:/Users/acrow/.m2/repository/com/fasterxml/jackson/module/jackson-module-parameter-names/2.11.3/jackson-module-parameter-names-2.11.3.jar:/Users/acrow/.m2/repository/com/google/code/gson/gson/2.8.6/gson-2.8.6.jar:/Users/acrow/.m2/repository/org/zalando/jackson-datatype-money/1.2.0/jackson-datatype-money-1.2.0.jar:/Users/acrow/.m2/repository/javax/money/money-api/1.1/money-api-1.1.jar:/Users/acrow/.m2/repository/org/javamoney/moneta/moneta-core/1.4.2/moneta-core-1.4.2.jar:/Users/acrow/.m2/repository/org/javamoney/moneta/moneta-convert/1.4.2/moneta-convert-1.4.2.jar:/Users/acrow/.m2/repository/org/javamoney/moneta/moneta-convert-imf/1.4.2/moneta-convert-imf-1.4.2.jar:/Users/acrow/.m2/repository/org/javamoney/moneta/moneta-convert-ecb/1.4.2/moneta-convert-ecb-1.4.2.jar:/Users/acrow/.m2/repository/javax/annotation/javax.annotation-api/1.3.2/javax.annotation-api-1.3.2.jar:/Users/acrow/.m2/repository/io/quarkus/quarkus-undertow/1.10.5.Final/quarkus-undertow-1.10.5.Final.jar:/Users/acrow/.m2/repository/io/quarkus/quarkus-vertx-http/1.10.5.Final/quarkus-vertx-http-1.10.5.Final.jar:/Users/acrow/.m2/repository/io/quarkus/quarkus-security-runtime-spi/1.10.5.Final/quarkus-security-runtime-spi-1.10.5.Final.jar:/Users/acrow/.m2/repository/io/vertx/vertx-web/3.9.5/vertx-web-3.9.5.jar:/Users/acrow/.m2/repository/io/vertx/vertx-web-common/3.9.5/vertx-web-common-3.9.5.jar:/Users/acrow/.m2/repository/io/vertx/vertx-bridge-common/3.9.5/vertx-bridge-common-3.9.5.jar:/Users/acrow/.m2/repository/io/quarkus/security/quarkus-security/1.1.3.Final/quarkus-security-1.1.3.Final.jar:/Users/acrow/.m2/repository/io/smallrye/reactive/mutiny/0.11.0/mutiny-0.11.0.jar:/Users/acrow/.m2/repository/jakarta/annotation/jakarta.annotation-api/1.3.5/jakarta.annotation-api-1.3.5.jar:/Users/acrow/.m2/repository/io/quarkus/http/quarkus-http-vertx-backend/3.0.16.Final/quarkus-http-vertx-backend-3.0.16.Final.jar:/Users/acrow/.m2/repository/io/vertx/vertx-core/3.9.5/vertx-core-3.9.5.jar:/Users/acrow/.m2/repository/io/netty/netty-common/4.1.49.Final/netty-common-4.1.49.Final.jar:/Users/acrow/.m2/repository/io/netty/netty-buffer/4.1.49.Final/netty-buffer-4.1.49.Final.jar:/Users/acrow/.m2/repository/io/netty/netty-transport/4.1.49.Final/netty-transport-4.1.49.Final.jar:/Users/acrow/.m2/repository/io/netty/netty-handler/4.1.49.Final/netty-handler-4.1.49.Final.jar:/Users/acrow/.m2/repository/io/netty/netty-handler-proxy/4.1.49.Final/netty-handler-proxy-4.1.49.Final.jar:/Users/acrow/.m2/repository/io/netty/netty-codec-socks/4.1.49.Final/netty-codec-socks-4.1.49.Final.jar:/Users/acrow/.m2/repository/io/netty/netty-codec-http2/4.1.49.Final/netty-codec-http2-4.1.49.Final.jar:/Users/acrow/.m2/repository/io/netty/netty-resolver/4.1.49.Final/netty-resolver-4.1.49.Final.jar:/Users/acrow/.m2/repository/io/netty/netty-resolver-dns/4.1.49.Final/netty-resolver-dns-4.1.49.Final.jar:/Users/acrow/.m2/repository/io/netty/netty-codec-dns/4.1.49.Final/netty-codec-dns-4.1.49.Final.jar:/Users/acrow/.m2/repository/io/quarkus/http/quarkus-http-http-core/3.0.16.Final/quarkus-http-http-core-3.0.16.Final.jar:/Users/acrow/.m2/repository/io/quarkus/http/quarkus-http-core/3.0.16.Final/quarkus-http-core-3.0.16.Final.jar:/Users/acrow/.m2/repository/io/netty/netty-codec-http/4.1.49.Final/netty-codec-http-4.1.49.Final.jar:/Users/acrow/.m2/repository/io/netty/netty-codec/4.1.49.Final/netty-codec-4.1.49.Final.jar:/Users/acrow/.m2/repository/org/eclipse/microprofile/context-propagation/microprofile-context-propagation-api/1.0.1/microprofile-context-propagation-api-1.0.1.jar:/Users/acrow/.m2/repository/io/quarkus/quarkus-agroal/1.10.5.Final/quarkus-agroal-1.10.5.Final.jar:/Users/acrow/.m2/repository/io/quarkus/quarkus-datasource/1.10.5.Final/quarkus-datasource-1.10.5.Final.jar:/Users/acrow/.m2/repository/io/quarkus/quarkus-narayana-jta/1.10.5.Final/quarkus-narayana-jta-1.10.5.Final.jar:/Users/acrow/.m2/repository/io/quarkus/quarkus-mutiny/1.10.5.Final/quarkus-mutiny-1.10.5.Final.jar:/Users/acrow/.m2/repository/io/quarkus/quarkus-smallrye-context-propagation/1.10.5.Final/quarkus-smallrye-context-propagation-1.10.5.Final.jar:/Users/acrow/.m2/repository/io/smallrye/smallrye-context-propagation/1.0.19/smallrye-context-propagation-1.0.19.jar:/Users/acrow/.m2/repository/io/smallrye/smallrye-context-propagation-api/1.0.19/smallrye-context-propagation-api-1.0.19.jar:/Users/acrow/.m2/repository/io/smallrye/reactive/mutiny-context-propagation/0.11.0/mutiny-context-propagation-0.11.0.jar:/Users/acrow/.m2/repository/io/smallrye/smallrye-context-propagation-jta/1.0.19/smallrye-context-propagation-jta-1.0.19.jar:/Users/acrow/.m2/repository/io/smallrye/reactive/smallrye-reactive-converter-api/1.2.2/smallrye-reactive-converter-api-1.2.2.jar:/Users/acrow/.m2/repository/io/smallrye/reactive/smallrye-reactive-converter-mutiny/1.2.2/smallrye-reactive-converter-mutiny-1.2.2.jar:/Users/acrow/.m2/repository/org/jboss/narayana/jta/narayana-jta/5.10.6.Final/narayana-jta-5.10.6.Final.jar:/Users/acrow/.m2/repository/org/jboss/jboss-transaction-spi/7.6.0.Final/jboss-transaction-spi-7.6.0.Final.jar:/Users/acrow/.m2/repository/org/jboss/spec/javax/resource/jboss-connector-api_1.7_spec/1.0.0.Final/jboss-connector-api_1.7_spec-1.0.0.Final.jar:/Users/acrow/.m2/repository/org/jboss/narayana/jts/narayana-jts-integration/5.10.6.Final/narayana-jts-integration-5.10.6.Final.jar:/Users/acrow/.m2/repository/jakarta/transaction/jakarta.transaction-api/1.3.3/jakarta.transaction-api-1.3.3.jar:/Users/acrow/.m2/repository/io/agroal/agroal-api/1.9/agroal-api-1.9.jar:/Users/acrow/.m2/repository/io/agroal/agroal-narayana/1.9/agroal-narayana-1.9.jar:/Users/acrow/.m2/repository/io/agroal/agroal-pool/1.9/agroal-pool-1.9.jar:/Users/acrow/.m2/repository/io/quarkus/quarkus-credentials/1.10.5.Final/quarkus-credentials-1.10.5.Final.jar:/Users/acrow/.m2/repository/io/quarkus/quarkus-resteasy-jsonb/1.10.5.Final/quarkus-resteasy-jsonb-1.10.5.Final.jar:/Users/acrow/.m2/repository/io/quarkus/quarkus-resteasy/1.10.5.Final/quarkus-resteasy-1.10.5.Final.jar:/Users/acrow/.m2/repository/io/quarkus/quarkus-resteasy-server-common/1.10.5.Final/quarkus-resteasy-server-common-1.10.5.Final.jar:/Users/acrow/.m2/repository/io/quarkus/quarkus-resteasy-common/1.10.5.Final/quarkus-resteasy-common-1.10.5.Final.jar:/Users/acrow/.m2/repository/io/quarkus/quarkus-jsonb/1.10.5.Final/quarkus-jsonb-1.10.5.Final.jar:/Users/acrow/.m2/repository/org/eclipse/yasson/1.0.8/yasson-1.0.8.jar:/Users/acrow/.m2/repository/org/jboss/resteasy/resteasy-json-binding-provider/4.5.8.Final/resteasy-json-binding-provider-4.5.8.Final.jar:/Users/acrow/.m2/repository/org/glassfish/jakarta.json/1.1.6/jakarta.json-1.1.6.jar:/Users/acrow/.m2/repository/jakarta/json/bind/jakarta.json.bind-api/1.0.2/jakarta.json.bind-api-1.0.2.jar:/Users/acrow/.m2/repository/org/jboss/resteasy/resteasy-json-p-provider/4.5.8.Final/resteasy-json-p-provider-4.5.8.Final.jar:/Users/acrow/.m2/repository/commons-io/commons-io/2.8.0/commons-io-2.8.0.jar:/Users/acrow/.m2/repository/io/quarkus/quarkus-hibernate-orm/1.10.5.Final/quarkus-hibernate-orm-1.10.5.Final.jar:/Users/acrow/.m2/repository/org/hibernate/hibernate-core/5.4.26.Final/hibernate-core-5.4.26.Final.jar:/Users/acrow/.m2/repository/net/bytebuddy/byte-buddy/1.10.17/byte-buddy-1.10.17.jar:/Users/acrow/.m2/repository/antlr/antlr/2.7.7/antlr-2.7.7.jar:/Users/acrow/.m2/repository/com/fasterxml/classmate/1.3.4/classmate-1.3.4.jar:/Users/acrow/.m2/repository/org/dom4j/dom4j/2.1.3/dom4j-2.1.3.jar:/Users/acrow/.m2/repository/org/hibernate/common/hibernate-commons-annotations/5.1.2.Final/hibernate-commons-annotations-5.1.2.Final.jar:/Users/acrow/.m2/repository/org/hibernate/hibernate-graalvm/5.4.26.Final/hibernate-graalvm-5.4.26.Final.jar:/Users/acrow/.m2/repository/org/glassfish/jaxb/jaxb-runtime/2.3.3-b02/jaxb-runtime-2.3.3-b02.jar:/Users/acrow/.m2/repository/org/glassfish/jaxb/txw2/2.3.3-b02/txw2-2.3.3-b02.jar:/Users/acrow/.m2/repository/com/sun/istack/istack-commons-runtime/3.0.10/istack-commons-runtime-3.0.10.jar:/Users/acrow/.m2/repository/com/sun/activation/jakarta.activation/1.2.1/jakarta.activation-1.2.1.jar:/Users/acrow/.m2/repository/org/jboss/spec/javax/xml/bind/jboss-jaxb-api_2.3_spec/2.0.0.Final/jboss-jaxb-api_2.3_spec-2.0.0.Final.jar:/Users/acrow/.m2/repository/jakarta/persistence/jakarta.persistence-api/2.2.3/jakarta.persistence-api-2.2.3.jar:/Users/acrow/.m2/repository/org/hibernate/quarkus-local-cache/0.1.0/quarkus-local-cache-0.1.0.jar:/Users/acrow/.m2/repository/com/github/ben-manes/caffeine/caffeine/2.8.6/caffeine-2.8.6.jar:/Users/acrow/.m2/repository/com/google/errorprone/error_prone_annotations/2.2.0/error_prone_annotations-2.2.0.jar:/Users/acrow/.m2/repository/io/quarkus/quarkus-caffeine/1.10.5.Final/quarkus-caffeine-1.10.5.Final.jar:/Users/acrow/.m2/repository/org/bitbucket/b_c/jose4j/0.7.2/jose4j-0.7.2.jar:/Users/acrow/.m2/repository/org/slf4j/slf4j-api/1.7.30/slf4j-api-1.7.30.jar:/Users/acrow/.m2/repository/org/eclipse/microprofile/jwt/microprofile-jwt-auth-api/1.2-RC3/microprofile-jwt-auth-api-1.2-RC3.jar:/Users/acrow/.m2/repository/io/jsonwebtoken/jjwt-api/0.10.7/jjwt-api-0.10.7.jar:/Users/acrow/.m2/repository/io/jsonwebtoken/jjwt-impl/0.10.7/jjwt-impl-0.10.7.jar:/Users/acrow/.m2/repository/io/jsonwebtoken/jjwt-jackson/0.10.7/jjwt-jackson-0.10.7.jar:/Users/acrow/.m2/repository/com/fasterxml/jackson/core/jackson-databind/2.11.3/jackson-databind-2.11.3.jar:/Users/acrow/.m2/repository/com/fasterxml/jackson/core/jackson-annotations/2.11.3/jackson-annotations-2.11.3.jar:/Users/acrow/.m2/repository/com/fasterxml/jackson/core/jackson-core/2.11.3/jackson-core-2.11.3.jar:/Users/acrow/.m2/repository/io/vavr/vavr/0.10.2/vavr-0.10.2.jar:/Users/acrow/.m2/repository/io/vavr/vavr-match/0.10.2/vavr-match-0.10.2.jar:/Users/acrow/.m2/repository/com/google/apis/google-api-services-sheets/v4-rev483-1.22.0/google-api-services-sheets-v4-rev483-1.22.0.jar:/Users/acrow/.m2/repository/com/google/maps/google-maps-services/0.15.0/google-maps-services-0.15.0.jar:/Users/acrow/.m2/repository/com/squareup/okhttp3/okhttp/3.14.9/okhttp-3.14.9.jar:/Users/acrow/.m2/repository/com/squareup/okio/okio/1.17.2/okio-1.17.2.jar:/Users/acrow/.m2/repository/io/opencensus/opencensus-api/0.25.0/opencensus-api-0.25.0.jar:/Users/acrow/.m2/repository/io/grpc/grpc-context/1.32.1/grpc-context-1.32.1.jar:/Users/acrow/.m2/repository/org/jboss/resteasy/resteasy-multipart-provider/4.5.8.Final/resteasy-multipart-provider-4.5.8.Final.jar:/Users/acrow/.m2/repository/org/jboss/resteasy/resteasy-core-spi/4.5.8.Final/resteasy-core-spi-4.5.8.Final.jar:/Users/acrow/.m2/repository/org/jboss/spec/javax/ws/rs/jboss-jaxrs-api_2.1_spec/2.0.1.Final/jboss-jaxrs-api_2.1_spec-2.0.1.Final.jar:/Users/acrow/.m2/repository/org/reactivestreams/reactive-streams/1.0.3/reactive-streams-1.0.3.jar:/Users/acrow/.m2/repository/jakarta/validation/jakarta.validation-api/2.0.2/jakarta.validation-api-2.0.2.jar:/Users/acrow/.m2/repository/org/jboss/resteasy/resteasy-core/4.5.8.Final/resteasy-core-4.5.8.Final.jar:/Users/acrow/.m2/repository/com/ibm/async/asyncutil/0.1.0/asyncutil-0.1.0.jar:/Users/acrow/.m2/repository/org/jboss/resteasy/resteasy-client/4.5.8.Final/resteasy-client-4.5.8.Final.jar:/Users/acrow/.m2/repository/org/jboss/resteasy/resteasy-client-api/4.5.8.Final/resteasy-client-api-4.5.8.Final.jar:/Users/acrow/.m2/repository/org/jboss/resteasy/resteasy-jaxb-provider/4.5.8.Final/resteasy-jaxb-provider-4.5.8.Final.jar:/Users/acrow/.m2/repository/com/sun/mail/jakarta.mail/1.6.4/jakarta.mail-1.6.4.jar:/Users/acrow/.m2/repository/org/apache/james/apache-mime4j-dom/0.8.3/apache-mime4j-dom-0.8.3.jar:/Users/acrow/.m2/repository/org/apache/james/apache-mime4j-core/0.8.3/apache-mime4j-core-0.8.3.jar:/Users/acrow/.m2/repository/org/apache/james/apache-mime4j-storage/0.8.3/apache-mime4j-storage-0.8.3.jar:/Users/acrow/.m2/repository/org/jboss/logging/jboss-logging/3.4.1.Final/jboss-logging-3.4.1.Final.jar:/Users/acrow/.m2/repository/org/eclipse/microprofile/config/microprofile-config-api/1.4/microprofile-config-api-1.4.jar:/Users/acrow/.m2/repository/com/google/apis/google-api-services-drive/v3-rev90-1.23.0/google-api-services-drive-v3-rev90-1.23.0.jar:/Users/acrow/.m2/repository/com/google/api-client/google-api-client/1.23.0/google-api-client-1.23.0.jar:/Users/acrow/.m2/repository/com/google/oauth-client/google-oauth-client/1.23.0/google-oauth-client-1.23.0.jar:/Users/acrow/.m2/repository/com/google/http-client/google-http-client/1.34.0/google-http-client-1.34.0.jar:/Users/acrow/.m2/repository/com/google/guava/guava/30.0-jre/guava-30.0-jre.jar:/Users/acrow/.m2/repository/com/google/guava/failureaccess/1.0.1/failureaccess-1.0.1.jar:/Users/acrow/.m2/repository/com/google/guava/listenablefuture/9999.0-empty-to-avoid-conflict-with-guava/listenablefuture-9999.0-empty-to-avoid-conflict-with-guava.jar:/Users/acrow/.m2/repository/org/checkerframework/checker-qual/2.5.2/checker-qual-2.5.2.jar:/Users/acrow/.m2/repository/com/google/j2objc/j2objc-annotations/1.3/j2objc-annotations-1.3.jar:/Users/acrow/.m2/repository/io/opencensus/opencensus-contrib-http-util/0.24.0/opencensus-contrib-http-util-0.24.0.jar:/Users/acrow/.m2/repository/com/google/code/findbugs/jsr305/1.3.9/jsr305-1.3.9.jar:/Users/acrow/.m2/repository/com/google/http-client/google-http-client-jackson2/1.23.0/google-http-client-jackson2-1.23.0.jar:/Users/acrow/.m2/repository/com/google/guava/guava-jdk5/17.0/guava-jdk5-17.0.jar:/Users/acrow/.m2/repository/commons-validator/commons-validator/1.7/commons-validator-1.7.jar:/Users/acrow/.m2/repository/commons-beanutils/commons-beanutils/1.9.4/commons-beanutils-1.9.4.jar:/Users/acrow/.m2/repository/commons-digester/commons-digester/2.1/commons-digester-2.1.jar:/Users/acrow/.m2/repository/commons-collections/commons-collections/3.2.2/commons-collections-3.2.2.jar:/Users/acrow/.m2/repository/io/quarkus/quarkus-undertow-deployment/1.10.5.Final/quarkus-undertow-deployment-1.10.5.Final.jar:/Users/acrow/.m2/repository/io/quarkus/http/quarkus-http-servlet/3.0.16.Final/quarkus-http-servlet-3.0.16.Final.jar:/Users/acrow/.m2/repository/jakarta/servlet/jakarta.servlet-api/4.0.3/jakarta.servlet-api-4.0.3.jar:/Users/acrow/.m2/repository/io/quarkus/quarkus-core-deployment/1.10.5.Final/quarkus-core-deployment-1.10.5.Final.jar:/Users/acrow/.m2/repository/org/wildfly/common/wildfly-common/1.5.4.Final-format-001/wildfly-common-1.5.4.Final-format-001.jar:/Users/acrow/.m2/repository/io/quarkus/gizmo/gizmo/1.0.6.Final/gizmo-1.0.6.Final.jar:/Users/acrow/.m2/repository/org/ow2/asm/asm-util/9.0/asm-util-9.0.jar:/Users/acrow/.m2/repository/org/jboss/jandex/2.2.1.Final/jandex-2.2.1.Final.jar:/Users/acrow/.m2/repository/org/ow2/asm/asm/9.0/asm-9.0.jar:/Users/acrow/.m2/repository/io/quarkus/quarkus-development-mode-spi/1.10.5.Final/quarkus-development-mode-spi-1.10.5.Final.jar:/Users/acrow/.m2/repository/io/quarkus/quarkus-bootstrap-core/1.10.5.Final/quarkus-bootstrap-core-1.10.5.Final.jar:/Users/acrow/.m2/repository/io/quarkus/quarkus-bootstrap-app-model/1.10.5.Final/quarkus-bootstrap-app-model-1.10.5.Final.jar:/Users/acrow/.m2/repository/io/quarkus/quarkus-bootstrap-maven-resolver/1.10.5.Final/quarkus-bootstrap-maven-resolver-1.10.5.Final.jar:/Users/acrow/.m2/repository/org/apache/maven/maven-embedder/3.6.3/maven-embedder-3.6.3.jar:/Users/acrow/.m2/repository/org/apache/maven/maven-settings/3.6.3/maven-settings-3.6.3.jar:/Users/acrow/.m2/repository/org/apache/maven/maven-core/3.6.3/maven-core-3.6.3.jar:/Users/acrow/.m2/repository/org/apache/maven/maven-artifact/3.6.3/maven-artifact-3.6.3.jar:/Users/acrow/.m2/repository/org/codehaus/plexus/plexus-component-annotations/2.1.0/plexus-component-annotations-2.1.0.jar:/Users/acrow/.m2/repository/org/apache/maven/maven-plugin-api/3.6.3/maven-plugin-api-3.6.3.jar:/Users/acrow/.m2/repository/org/apache/maven/maven-model/3.6.3/maven-model-3.6.3.jar:/Users/acrow/.m2/repository/org/apache/maven/maven-model-builder/3.6.3/maven-model-builder-3.6.3.jar:/Users/acrow/.m2/repository/org/apache/maven/maven-builder-support/3.6.3/maven-builder-support-3.6.3.jar:/Users/acrow/.m2/repository/org/apache/maven/resolver/maven-resolver-api/1.4.1/maven-resolver-api-1.4.1.jar:/Users/acrow/.m2/repository/org/apache/maven/resolver/maven-resolver-util/1.4.1/maven-resolver-util-1.4.1.jar:/Users/acrow/.m2/repository/org/apache/maven/shared/maven-shared-utils/3.2.1/maven-shared-utils-3.2.1.jar:/Users/acrow/.m2/repository/com/google/inject/guice/4.2.1/guice-4.2.1-no_aop.jar:/Users/acrow/.m2/repository/org/codehaus/plexus/plexus-utils/3.2.1/plexus-utils-3.2.1.jar:/Users/acrow/.m2/repository/org/codehaus/plexus/plexus-classworlds/2.6.0/plexus-classworlds-2.6.0.jar:/Users/acrow/.m2/repository/commons-cli/commons-cli/1.4/commons-cli-1.4.jar:/Users/acrow/.m2/repository/org/eclipse/sisu/org.eclipse.sisu.plexus/0.3.4/org.eclipse.sisu.plexus-0.3.4.jar:/Users/acrow/.m2/repository/org/apache/maven/maven-settings-builder/3.6.3/maven-settings-builder-3.6.3.jar:/Users/acrow/.m2/repository/org/codehaus/plexus/plexus-interpolation/1.25/plexus-interpolation-1.25.jar:/Users/acrow/.m2/repository/org/sonatype/plexus/plexus-sec-dispatcher/1.4/plexus-sec-dispatcher-1.4.jar:/Users/acrow/.m2/repository/org/sonatype/plexus/plexus-cipher/1.4/plexus-cipher-1.4.jar:/Users/acrow/.m2/repository/org/apache/maven/maven-resolver-provider/3.6.3/maven-resolver-provider-3.6.3.jar:/Users/acrow/.m2/repository/org/apache/maven/maven-repository-metadata/3.6.3/maven-repository-metadata-3.6.3.jar:/Users/acrow/.m2/repository/org/apache/maven/resolver/maven-resolver-spi/1.4.1/maven-resolver-spi-1.4.1.jar:/Users/acrow/.m2/repository/org/apache/maven/resolver/maven-resolver-impl/1.4.1/maven-resolver-impl-1.4.1.jar:/Users/acrow/.m2/repository/org/apache/maven/resolver/maven-resolver-connector-basic/1.4.1/maven-resolver-connector-basic-1.4.1.jar:/Users/acrow/.m2/repository/org/apache/maven/resolver/maven-resolver-transport-wagon/1.4.1/maven-resolver-transport-wagon-1.4.1.jar:/Users/acrow/.m2/repository/org/apache/maven/wagon/wagon-http/3.3.4/wagon-http-3.3.4.jar:/Users/acrow/.m2/repository/org/apache/maven/wagon/wagon-http-shared/3.3.4/wagon-http-shared-3.3.4.jar:/Users/acrow/.m2/repository/org/jsoup/jsoup/1.12.1/jsoup-1.12.1.jar:/Users/acrow/.m2/repository/org/apache/maven/wagon/wagon-provider-api/3.3.4/wagon-provider-api-3.3.4.jar:/Users/acrow/.m2/repository/org/apache/maven/wagon/wagon-file/3.3.4/wagon-file-3.3.4.jar:/Users/acrow/.m2/repository/io/quarkus/quarkus-bootstrap-gradle-resolver/1.10.5.Final/quarkus-bootstrap-gradle-resolver-1.10.5.Final.jar:/Users/acrow/.m2/repository/io/smallrye/common/smallrye-common-io/1.4.1/smallrye-common-io-1.4.1.jar:/Users/acrow/.m2/repository/org/eclipse/sisu/org.eclipse.sisu.inject/0.3.4/org.eclipse.sisu.inject-0.3.4.jar:/Users/acrow/.m2/repository/io/quarkus/quarkus-builder/1.10.5.Final/quarkus-builder-1.10.5.Final.jar:/Users/acrow/.m2/repository/org/graalvm/sdk/graal-sdk/20.2.0/graal-sdk-20.2.0.jar:/Users/acrow/.m2/repository/io/quarkus/quarkus-undertow-spi/1.10.5.Final/quarkus-undertow-spi-1.10.5.Final.jar:/Users/acrow/.m2/repository/io/quarkus/quarkus-vertx-http-deployment/1.10.5.Final/quarkus-vertx-http-deployment-1.10.5.Final.jar:/Users/acrow/.m2/repository/io/quarkus/quarkus-vertx-core-deployment/1.10.5.Final/quarkus-vertx-core-deployment-1.10.5.Final.jar:/Users/acrow/.m2/repository/io/quarkus/quarkus-netty-deployment/1.10.5.Final/quarkus-netty-deployment-1.10.5.Final.jar:/Users/acrow/.m2/repository/io/quarkus/quarkus-kubernetes-spi/1.10.5.Final/quarkus-kubernetes-spi-1.10.5.Final.jar:/Users/acrow/.m2/repository/org/jboss/metadata/jboss-metadata-web/11.0.0.Final/jboss-metadata-web-11.0.0.Final.jar:/Users/acrow/.m2/repository/org/jboss/metadata/jboss-metadata-common/11.0.0.Final/jboss-metadata-common-11.0.0.Final.jar:/Users/acrow/.m2/repository/io/quarkus/quarkus-arc-deployment/1.10.5.Final/quarkus-arc-deployment-1.10.5.Final.jar:/Users/acrow/.m2/repository/io/quarkus/quarkus-arc/1.10.5.Final/quarkus-arc-1.10.5.Final.jar:/Users/acrow/.m2/repository/io/quarkus/arc/arc/1.10.5.Final/arc-1.10.5.Final.jar:/Users/acrow/.m2/repository/io/quarkus/arc/arc-processor/1.10.5.Final/arc-processor-1.10.5.Final.jar:/Users/acrow/.m2/repository/io/quarkus/quarkus-agroal-deployment/1.10.5.Final/quarkus-agroal-deployment-1.10.5.Final.jar:/Users/acrow/.m2/repository/io/quarkus/quarkus-datasource-deployment/1.10.5.Final/quarkus-datasource-deployment-1.10.5.Final.jar:/Users/acrow/.m2/repository/io/quarkus/quarkus-agroal-spi/1.10.5.Final/quarkus-agroal-spi-1.10.5.Final.jar:/Users/acrow/.m2/repository/io/quarkus/quarkus-datasource-common/1.10.5.Final/quarkus-datasource-common-1.10.5.Final.jar:/Users/acrow/.m2/repository/io/quarkus/quarkus-narayana-jta-deployment/1.10.5.Final/quarkus-narayana-jta-deployment-1.10.5.Final.jar:/Users/acrow/.m2/repository/io/quarkus/quarkus-mutiny-deployment/1.10.5.Final/quarkus-mutiny-deployment-1.10.5.Final.jar:/Users/acrow/.m2/repository/io/quarkus/quarkus-smallrye-context-propagation-deployment/1.10.5.Final/quarkus-smallrye-context-propagation-deployment-1.10.5.Final.jar:/Users/acrow/.m2/repository/io/quarkus/quarkus-credentials-deployment/1.10.5.Final/quarkus-credentials-deployment-1.10.5.Final.jar:/Users/acrow/.m2/repository/io/quarkus/quarkus-smallrye-health-spi/1.10.5.Final/quarkus-smallrye-health-spi-1.10.5.Final.jar:/Users/acrow/.m2/repository/io/quarkus/quarkus-resteasy-jsonb-deployment/1.10.5.Final/quarkus-resteasy-jsonb-deployment-1.10.5.Final.jar:/Users/acrow/.m2/repository/io/quarkus/quarkus-resteasy-deployment/1.10.5.Final/quarkus-resteasy-deployment-1.10.5.Final.jar:/Users/acrow/.m2/repository/io/quarkus/quarkus-resteasy-server-common-deployment/1.10.5.Final/quarkus-resteasy-server-common-deployment-1.10.5.Final.jar:/Users/acrow/.m2/repository/io/quarkus/quarkus-resteasy-common-deployment/1.10.5.Final/quarkus-resteasy-common-deployment-1.10.5.Final.jar:/Users/acrow/.m2/repository/io/quarkus/quarkus-resteasy-common-spi/1.10.5.Final/quarkus-resteasy-common-spi-1.10.5.Final.jar:/Users/acrow/.m2/repository/io/quarkus/quarkus-resteasy-server-common-spi/1.10.5.Final/quarkus-resteasy-server-common-spi-1.10.5.Final.jar:/Users/acrow/.m2/repository/io/quarkus/quarkus-security-spi/1.10.5.Final/quarkus-security-spi-1.10.5.Final.jar:/Users/acrow/.m2/repository/io/quarkus/quarkus-jsonb-deployment/1.10.5.Final/quarkus-jsonb-deployment-1.10.5.Final.jar:/Users/acrow/.m2/repository/io/quarkus/quarkus-jsonb-spi/1.10.5.Final/quarkus-jsonb-spi-1.10.5.Final.jar:/Users/acrow/.m2/repository/io/quarkus/quarkus-jsonp-deployment/1.10.5.Final/quarkus-jsonp-deployment-1.10.5.Final.jar:/Users/acrow/.m2/repository/io/quarkus/quarkus-jdbc-mysql-deployment/1.10.5.Final/quarkus-jdbc-mysql-deployment-1.10.5.Final.jar:/Users/acrow/.m2/repository/io/quarkus/quarkus-jdbc-mysql/1.10.5.Final/quarkus-jdbc-mysql-1.10.5.Final.jar:/Users/acrow/.m2/repository/mysql/mysql-connector-java/8.0.22/mysql-connector-java-8.0.22.jar:/Users/acrow/.m2/repository/io/quarkus/quarkus-container-image-docker-deployment/1.10.5.Final/quarkus-container-image-docker-deployment-1.10.5.Final.jar:/Users/acrow/.m2/repository/io/quarkus/quarkus-container-image-docker/1.10.5.Final/quarkus-container-image-docker-1.10.5.Final.jar:/Users/acrow/.m2/repository/io/quarkus/quarkus-container-image-deployment/1.10.5.Final/quarkus-container-image-deployment-1.10.5.Final.jar:/Users/acrow/.m2/repository/io/quarkus/quarkus-container-image-spi/1.10.5.Final/quarkus-container-image-spi-1.10.5.Final.jar:/Users/acrow/.m2/repository/io/quarkus/quarkus-container-image-util/1.10.5.Final/quarkus-container-image-util-1.10.5.Final.jar:/Users/acrow/.m2/repository/io/quarkus/quarkus-container-image/1.10.5.Final/quarkus-container-image-1.10.5.Final.jar:/Users/acrow/.m2/repository/io/quarkus/quarkus-hibernate-orm-deployment/1.10.5.Final/quarkus-hibernate-orm-deployment-1.10.5.Final.jar:/Users/acrow/.m2/repository/io/quarkus/quarkus-caffeine-deployment/1.10.5.Final/quarkus-caffeine-deployment-1.10.5.Final.jar:/Users/acrow/.m2/repository/io/quarkus/quarkus-hibernate-orm-rest-data-panache-deployment/1.10.5.Final/quarkus-hibernate-orm-rest-data-panache-deployment-1.10.5.Final.jar:/Users/acrow/.m2/repository/io/quarkus/quarkus-rest-data-panache-deployment/1.10.5.Final/quarkus-rest-data-panache-deployment-1.10.5.Final.jar:/Users/acrow/.m2/repository/io/quarkus/quarkus-rest-data-panache/1.10.5.Final/quarkus-rest-data-panache-1.10.5.Final.jar:/Users/acrow/.m2/repository/org/jboss/resteasy/resteasy-links/4.5.8.Final/resteasy-links-4.5.8.Final.jar:/Users/acrow/.m2/repository/org/jboss/spec/javax/el/jboss-el-api_3.0_spec/2.0.0.Final/jboss-el-api_3.0_spec-2.0.0.Final.jar:/Users/acrow/.m2/repository/org/jboss/resteasy/resteasy-jackson2-provider/4.5.8.Final/resteasy-jackson2-provider-4.5.8.Final.jar:/Users/acrow/.m2/repository/com/fasterxml/jackson/jaxrs/jackson-jaxrs-json-provider/2.11.3/jackson-jaxrs-json-provider-2.11.3.jar:/Users/acrow/.m2/repository/com/fasterxml/jackson/jaxrs/jackson-jaxrs-base/2.11.3/jackson-jaxrs-base-2.11.3.jar:/Users/acrow/.m2/repository/com/fasterxml/jackson/module/jackson-module-jaxb-annotations/2.11.3/jackson-module-jaxb-annotations-2.11.3.jar:/Users/acrow/.m2/repository/com/github/java-json-tools/json-patch/1.13/json-patch-1.13.jar:/Users/acrow/.m2/repository/com/github/java-json-tools/msg-simple/1.2/msg-simple-1.2.jar:/Users/acrow/.m2/repository/com/github/java-json-tools/btf/1.3/btf-1.3.jar:/Users/acrow/.m2/repository/com/github/java-json-tools/jackson-coreutils/2.0/jackson-coreutils-2.0.jar:/Users/acrow/.m2/repository/io/quarkus/quarkus-panache-common/1.10.5.Final/quarkus-panache-common-1.10.5.Final.jar:/Users/acrow/.m2/repository/io/quarkus/quarkus-jackson-spi/1.10.5.Final/quarkus-jackson-spi-1.10.5.Final.jar:/Users/acrow/.m2/repository/io/quarkus/quarkus-hibernate-orm-rest-data-panache/1.10.5.Final/quarkus-hibernate-orm-rest-data-panache-1.10.5.Final.jar:/Users/acrow/.m2/repository/io/quarkus/quarkus-hibernate-orm-panache/1.10.5.Final/quarkus-hibernate-orm-panache-1.10.5.Final.jar:/Users/acrow/.m2/repository/io/quarkus/quarkus-hibernate-orm-panache-common/1.10.5.Final/quarkus-hibernate-orm-panache-common-1.10.5.Final.jar:/Users/acrow/.m2/repository/io/quarkus/quarkus-panache-hibernate-common/1.10.5.Final/quarkus-panache-hibernate-common-1.10.5.Final.jar:/Users/acrow/.m2/repository/io/quarkus/quarkus-hibernate-orm-panache-deployment/1.10.5.Final/quarkus-hibernate-orm-panache-deployment-1.10.5.Final.jar:/Users/acrow/.m2/repository/io/quarkus/quarkus-hibernate-orm-panache-common-deployment/1.10.5.Final/quarkus-hibernate-orm-panache-common-deployment-1.10.5.Final.jar:/Users/acrow/.m2/repository/io/quarkus/quarkus-panache-common-deployment/1.10.5.Final/quarkus-panache-common-deployment-1.10.5.Final.jar:/Users/acrow/.m2/repository/org/ow2/asm/asm-tree/9.0/asm-tree-9.0.jar:/Users/acrow/.m2/repository/org/ow2/asm/asm-analysis/9.0/asm-analysis-9.0.jar:/Users/acrow/.m2/repository/org/apache/commons/commons-lang3/3.10/commons-lang3-3.10.jar:/Users/acrow/.m2/repository/org/apache/httpcomponents/httpclient/4.5.13/httpclient-4.5.13.jar:/Users/acrow/.m2/repository/org/apache/httpcomponents/httpcore/4.4.13/httpcore-4.4.13.jar:/Users/acrow/.m2/repository/commons-logging/commons-logging/1.2/commons-logging-1.2.jar:/Users/acrow/.m2/repository/commons-codec/commons-codec/1.14/commons-codec-1.14.jar:/Users/acrow/.m2/repository/io/quarkus/quarkus-keycloak-authorization-deployment/1.10.5.Final/quarkus-keycloak-authorization-deployment-1.10.5.Final.jar:/Users/acrow/.m2/repository/io/quarkus/quarkus-oidc-deployment/1.10.5.Final/quarkus-oidc-deployment-1.10.5.Final.jar:/Users/acrow/.m2/repository/io/quarkus/quarkus-jackson-deployment/1.10.5.Final/quarkus-jackson-deployment-1.10.5.Final.jar:/Users/acrow/.m2/repository/io/quarkus/quarkus-security-deployment/1.10.5.Final/quarkus-security-deployment-1.10.5.Final.jar:/Users/acrow/.m2/repository/io/quarkus/quarkus-keycloak-authorization/1.10.5.Final/quarkus-keycloak-authorization-1.10.5.Final.jar:/Users/acrow/.m2/repository/org/keycloak/keycloak-adapter-core/11.0.3/keycloak-adapter-core-11.0.3.jar:/Users/acrow/.m2/repository/org/keycloak/keycloak-core/11.0.3/keycloak-core-11.0.3.jar:/Users/acrow/.m2/repository/org/keycloak/keycloak-common/11.0.3/keycloak-common-11.0.3.jar:/Users/acrow/.m2/repository/org/bouncycastle/bcprov-jdk15on/1.66/bcprov-jdk15on-1.66.jar:/Users/acrow/.m2/repository/org/bouncycastle/bcpkix-jdk15on/1.65/bcpkix-jdk15on-1.65.jar:/Users/acrow/.m2/repository/org/keycloak/keycloak-adapter-spi/11.0.3/keycloak-adapter-spi-11.0.3.jar:/Users/acrow/.m2/repository/org/keycloak/keycloak-authz-client/11.0.3/keycloak-authz-client-11.0.3.jar:/Users/acrow/.m2/repository/org/jboss/logging/commons-logging-jboss-logging/1.0.0.Final/commons-logging-jboss-logging-1.0.0.Final.jar:/Users/acrow/.m2/repository/io/quarkus/quarkus-junit5-internal/1.10.5.Final/quarkus-junit5-internal-1.10.5.Final.jar:/Users/acrow/.m2/repository/org/jboss/shrinkwrap/shrinkwrap-api/1.2.6/shrinkwrap-api-1.2.6.jar:/Users/acrow/.m2/repository/org/jboss/shrinkwrap/shrinkwrap-spi/1.2.6/shrinkwrap-spi-1.2.6.jar:/Users/acrow/.m2/repository/org/jboss/shrinkwrap/shrinkwrap-impl-base/1.2.6/shrinkwrap-impl-base-1.2.6.jar:/Users/acrow/.m2/repository/org/junit/jupiter/junit-jupiter-api/5.7.0/junit-jupiter-api-5.7.0.jar:/Users/acrow/.m2/repository/org/apiguardian/apiguardian-api/1.1.0/apiguardian-api-1.1.0.jar:/Users/acrow/.m2/repository/org/opentest4j/opentest4j/1.2.0/opentest4j-1.2.0.jar:/Users/acrow/.m2/repository/org/junit/platform/junit-platform-commons/1.7.0/junit-platform-commons-1.7.0.jar:/Users/acrow/.m2/repository/org/junit/jupiter/junit-jupiter-params/5.7.0/junit-jupiter-params-5.7.0.jar:/Users/acrow/.m2/repository/org/junit/jupiter/junit-jupiter-engine/5.7.0/junit-jupiter-engine-5.7.0.jar:/Users/acrow/.m2/repository/org/junit/platform/junit-platform-engine/1.7.0/junit-platform-engine-1.7.0.jar:/Users/acrow/.m2/repository/io/quarkus/quarkus-core/1.10.5.Final/quarkus-core-1.10.5.Final.jar:/Users/acrow/.m2/repository/jakarta/inject/jakarta.inject-api/1.0/jakarta.inject-api-1.0.jar:/Users/acrow/.m2/repository/io/quarkus/quarkus-ide-launcher/1.10.5.Final/quarkus-ide-launcher-1.10.5.Final.jar:/Users/acrow/.m2/repository/io/smallrye/config/smallrye-config/1.9.3/smallrye-config-1.9.3.jar:/Users/acrow/.m2/repository/io/smallrye/common/smallrye-common-annotation/1.4.1/smallrye-common-annotation-1.4.1.jar:/Users/acrow/.m2/repository/io/smallrye/config/smallrye-config-common/1.9.3/smallrye-config-common-1.9.3.jar:/Users/acrow/.m2/repository/io/smallrye/common/smallrye-common-expression/1.4.1/smallrye-common-expression-1.4.1.jar:/Users/acrow/.m2/repository/io/smallrye/common/smallrye-common-function/1.4.1/smallrye-common-function-1.4.1.jar:/Users/acrow/.m2/repository/io/smallrye/common/smallrye-common-constraint/1.4.1/smallrye-common-constraint-1.4.1.jar:/Users/acrow/.m2/repository/io/smallrye/common/smallrye-common-classloader/1.4.1/smallrye-common-classloader-1.4.1.jar:/Users/acrow/.m2/repository/org/jboss/logmanager/jboss-logmanager-embedded/1.0.6/jboss-logmanager-embedded-1.0.6.jar:/Users/acrow/.m2/repository/org/jboss/logging/jboss-logging-annotations/2.1.0.Final/jboss-logging-annotations-2.1.0.Final.jar:/Users/acrow/.m2/repository/org/jboss/threads/jboss-threads/3.1.1.Final/jboss-threads-3.1.1.Final.jar:/Users/acrow/.m2/repository/org/jboss/slf4j/slf4j-jboss-logmanager/1.1.0.Final/slf4j-jboss-logmanager-1.1.0.Final.jar:/Users/acrow/.m2/repository/io/quarkus/quarkus-bootstrap-runner/1.10.5.Final/quarkus-bootstrap-runner-1.10.5.Final.jar:/Users/acrow/.m2/repository/io/quarkus/quarkus-test-common/1.10.5.Final/quarkus-test-common-1.10.5.Final.jar:/Users/acrow/.m2/repository/jakarta/enterprise/jakarta.enterprise.cdi-api/2.0.2/jakarta.enterprise.cdi-api-2.0.2.jar:/Users/acrow/.m2/repository/jakarta/el/jakarta.el-api/3.0.3/jakarta.el-api-3.0.3.jar:/Users/acrow/.m2/repository/jakarta/interceptor/jakarta.interceptor-api/1.2.5/jakarta.interceptor-api-1.2.5.jar:/Users/acrow/.m2/repository/io/quarkus/quarkus-devtools-utilities/1.10.5.Final/quarkus-devtools-utilities-1.10.5.Final.jar:/Users/acrow/.m2/repository/io/rest-assured/rest-assured/4.3.2/rest-assured-4.3.2.jar:/Users/acrow/.m2/repository/org/codehaus/groovy/groovy/3.0.6/groovy-3.0.6.jar:/Users/acrow/.m2/repository/org/codehaus/groovy/groovy-xml/3.0.6/groovy-xml-3.0.6.jar:/Users/acrow/.m2/repository/org/apache/httpcomponents/httpmime/4.5.13/httpmime-4.5.13.jar:/Users/acrow/.m2/repository/org/hamcrest/hamcrest/2.1/hamcrest-2.1.jar:/Users/acrow/.m2/repository/org/ccil/cowan/tagsoup/tagsoup/1.2.1/tagsoup-1.2.1.jar:/Users/acrow/.m2/repository/io/rest-assured/json-path/4.3.2/json-path-4.3.2.jar:/Users/acrow/.m2/repository/org/codehaus/groovy/groovy-json/3.0.6/groovy-json-3.0.6.jar:/Users/acrow/.m2/repository/io/rest-assured/rest-assured-common/4.3.2/rest-assured-common-4.3.2.jar:/Users/acrow/.m2/repository/io/rest-assured/xml-path/4.3.2/xml-path-4.3.2.jar:/Users/acrow/.m2/repository/jakarta/xml/bind/jakarta.xml.bind-api/2.3.3/jakarta.xml.bind-api-2.3.3.jar:/Users/acrow/.m2/repository/jakarta/activation/jakarta.activation-api/1.2.1/jakarta.activation-api-1.2.1.jar:/Users/acrow/.m2/repository/com/sun/xml/bind/jaxb-impl/2.3.3/jaxb-impl-2.3.3.jar:"/>
    <property name="sun.cpu.endian" value="little"/>
    <property name="user.home" value="/Users/acrow"/>
    <property name="user.language" value="en"/>
    <property name="java.specification.vendor" value="Oracle Corporation"/>
    <property name="io.netty.allocator.maxOrder" value="1"/>
    <property name="java.version.date" value="2020-10-20"/>
    <property name="java.home" value="/Users/acrow/.sdkman/candidates/java/20.3.0.r11-grl"/>
    <property name="file.separator" value="/"/>
    <property name="basedir" value="/Users/acrow/projects/crowtech/quarkus-nest/deployment"/>
    <property name="java.vm.compressedOopsMode" value="Zero based"/>
    <property name="line.separator" value="&#10;"/>
    <property name="jdk.internal.vm.ci.enabled" value="true"/>
    <property name="java.specification.name" value="Java Platform API Specification"/>
    <property name="java.vm.specification.vendor" value="Oracle Corporation"/>
    <property name="java.awt.graphicsenv" value="sun.awt.CGraphicsEnvironment"/>
    <property name="surefire.real.class.path" value="/Users/acrow/projects/crowtech/quarkus-nest/deployment/target/surefire/surefirebooter4267396462710776309.jar"/>
    <property name="sun.management.compiler" value="HotSpot 64-Bit Tiered Compilers"/>
    <property name="ftp.nonProxyHosts" value="local|*.local|169.254/16|*.169.254/16"/>
    <property name="java.runtime.version" value="11.0.9+10-jvmci-20.3-b06"/>
    <property name="user.name" value="acrow"/>
    <property name="com.mysql.cj.disableAbandonedConnectionCleanup" value="true"/>
    <property name="path.separator" value=":"/>
    <property name="os.version" value="10.16"/>
    <property name="java.runtime.name" value="OpenJDK Runtime Environment"/>
    <property name="file.encoding" value="UTF-8"/>
    <property name="sun.nio.ch.bugLevel" value=""/>
    <property name="java.vm.name" value="OpenJDK 64-Bit Server VM"/>
    <property name="java.vendor.version" value="GraalVM CE 20.3.0"/>
    <property name="io.netty.noJdkZlibDecoder" value="false"/>
    <property name="localRepository" value="/Users/acrow/.m2/repository"/>
    <property name="java.vendor.url.bug" value="https://github.com/oracle/graal/issues"/>
    <property name="java.io.tmpdir" value="/var/folders/rz/2vwbk__17wn9q234sk_grg2m0000gn/T/"/>
    <property name="quarkus.log.file.path" value="target/quarkus.log"/>
    <property name="java.version" value="11.0.9"/>
    <property name="user.dir" value="/Users/acrow/projects/crowtech/quarkus-nest/deployment"/>
    <property name="os.arch" value="x86_64"/>
    <property name="hibernate.bytecode.provider" value="none"/>
    <property name="java.vm.specification.name" value="Java Virtual Machine Specification"/>
    <property name="vertx.disableDnsResolver" value="true"/>
    <property name="java.awt.printerjob" value="sun.lwawt.macosx.CPrinterJob"/>
    <property name="sun.os.patch.level" value="unknown"/>
    <property name="java.util.logging.manager" value="org.jboss.logmanager.LogManager"/>
    <property name="java.library.path" value="/Users/acrow/Library/Java/Extensions:/Library/Java/Extensions:/Network/Library/Java/Extensions:/System/Library/Java/Extensions:/usr/lib/java:."/>
    <property name="java.vm.info" value="mixed mode, sharing"/>
    <property name="java.vendor" value="GraalVM Community"/>
    <property name="java.vm.version" value="11.0.9+10-jvmci-20.3-b06"/>
    <property name="sun.io.unicode.encoding" value="UnicodeBig"/>
    <property name="io.netty.machineId" value="e5:6e:c0:0a:10:9b:23:6b"/>
    <property name="java.class.version" value="55.0"/>
    <property name="socksNonProxyHosts" value="local|*.local|169.254/16|*.169.254/16"/>
  </properties>
</testsuite>